ERROR - 2023-06-30 15:27:24 --> Error connecting to the database: mysqli_sql_exception: No connection could be made because the target machine actively refused it in D:\LuanVan_TN_2023\system\Database\MySQLi\Connection.php:174
Stack trace:
#0 D:\LuanVan_TN_2023\system\Database\MySQLi\Connection.php(174): mysqli->real_connect('localhost', 'root', '', 'luanvan', 3306, '', 0)
#1 D:\LuanVan_TN_2023\system\Database\BaseConnection.php(391): CodeIgniter\Database\MySQLi\Connection->connect(false)
#2 D:\LuanVan_TN_2023\system\Database\BaseConnection.php(573): CodeIgniter\Database\BaseConnection->initialize()
#3 D:\LuanVan_TN_2023\system\Database\BaseBuilder.php(1616): CodeIgniter\Database\BaseConnection->query('SELECT *\nFROM `...', Array, false)
#4 D:\LuanVan_TN_2023\system\Model.php(241): CodeIgniter\Database\BaseBuilder->get()
#5 D:\LuanVan_TN_2023\system\BaseModel.php(618): CodeIgniter\Model->doFindAll(0, 0)
#6 D:\LuanVan_TN_2023\app\Controllers\BaseController.php(68): CodeIgniter\BaseModel->findAll()
#7 D:\LuanVan_TN_2023\app\Controllers\Home.php(19): App\Controllers\BaseController->getSubCategory()
#8 D:\LuanVan_TN_2023\system\CodeIgniter.php(934): App\Controllers\Home->index()
#9 D:\LuanVan_TN_2023\system\CodeIgniter.php(499): CodeIgniter\CodeIgniter->runController(Object(App\Controllers\Home))
#10 D:\LuanVan_TN_2023\system\CodeIgniter.php(368): CodeIgniter\CodeIgniter->handleRequest(NULL, Object(Config\Cache), false)
#11 D:\LuanVan_TN_2023\public\index.php(67): CodeIgniter\CodeIgniter->run()
#12 D:\LuanVan_TN_2023\system\Commands\Server\rewrite.php(47): require_once('D:\\LuanVan_TN_2...')
#13 {main}

Next CodeIgniter\Database\Exceptions\DatabaseException: No connection could be made because the target machine actively refused it in D:\LuanVan_TN_2023\system\Database\MySQLi\Connection.php:218
Stack trace:
#0 D:\LuanVan_TN_2023\system\Database\BaseConnection.php(391): CodeIgniter\Database\MySQLi\Connection->connect(false)
#1 D:\LuanVan_TN_2023\system\Database\BaseConnection.php(573): CodeIgniter\Database\BaseConnection->initialize()
#2 D:\LuanVan_TN_2023\system\Database\BaseBuilder.php(1616): CodeIgniter\Database\BaseConnection->query('SELECT *\nFROM `...', Array, false)
#3 D:\LuanVan_TN_2023\system\Model.php(241): CodeIgniter\Database\BaseBuilder->get()
#4 D:\LuanVan_TN_2023\system\BaseModel.php(618): CodeIgniter\Model->doFindAll(0, 0)
#5 D:\LuanVan_TN_2023\app\Controllers\BaseController.php(68): CodeIgniter\BaseModel->findAll()
#6 D:\LuanVan_TN_2023\app\Controllers\Home.php(19): App\Controllers\BaseController->getSubCategory()
#7 D:\LuanVan_TN_2023\system\CodeIgniter.php(934): App\Controllers\Home->index()
#8 D:\LuanVan_TN_2023\system\CodeIgniter.php(499): CodeIgniter\CodeIgniter->runController(Object(App\Controllers\Home))
#9 D:\LuanVan_TN_2023\system\CodeIgniter.php(368): CodeIgniter\CodeIgniter->handleRequest(NULL, Object(Config\Cache), false)
#10 D:\LuanVan_TN_2023\public\index.php(67): CodeIgniter\CodeIgniter->run()
#11 D:\LuanVan_TN_2023\system\Commands\Server\rewrite.php(47): require_once('D:\\LuanVan_TN_2...')
#12 {main}
CRITICAL - 2023-06-30 15:27:24 --> Unable to connect to the database.
Main connection [MySQLi]: No connection could be made because the target machine actively refused it
in SYSTEMPATH\Database\BaseConnection.php on line 427.
 1 SYSTEMPATH\Database\BaseConnection.php(573): CodeIgniter\Database\BaseConnection->initialize()
 2 SYSTEMPATH\Database\BaseBuilder.php(1616): CodeIgniter\Database\BaseConnection->query('SELECT *
FROM `loaisach`
WHERE `status` = 1', [], false)
 3 SYSTEMPATH\Model.php(241): CodeIgniter\Database\BaseBuilder->get()
 4 SYSTEMPATH\BaseModel.php(618): CodeIgniter\Model->doFindAll(0, 0)
 5 APPPATH\Controllers\BaseController.php(68): CodeIgniter\BaseModel->findAll()
 6 APPPATH\Controllers\Home.php(19): App\Controllers\BaseController->getSubCategory()
 7 SYSTEMPATH\CodeIgniter.php(934): App\Controllers\Home->index()
 8 SYSTEMPATH\CodeIgniter.php(499): CodeIgniter\CodeIgniter->runController(Object(App\Controllers\Home))
 9 SYSTEMPATH\CodeIgniter.php(368): CodeIgniter\CodeIgniter->handleRequest(null, Object(Config\Cache), false)
10 FCPATH\index.php(67): CodeIgniter\CodeIgniter->run()
11 SYSTEMPATH\Commands\Server\rewrite.php(47): require_once('FCPATH\\index.php')
INFO - 2023-06-30 15:27:48 --> Session: Class initialized using 'CodeIgniter\Session\Handlers\FileHandler' driver.
INFO - 2023-06-30 15:51:17 --> Session: Class initialized using 'CodeIgniter\Session\Handlers\FileHandler' driver.
INFO - 2023-06-30 15:51:19 --> Session: Class initialized using 'CodeIgniter\Session\Handlers\FileHandler' driver.
INFO - 2023-06-30 15:51:56 --> Session: Class initialized using 'CodeIgniter\Session\Handlers\FileHandler' driver.
INFO - 2023-06-30 15:52:28 --> Session: Class initialized using 'CodeIgniter\Session\Handlers\FileHandler' driver.
INFO - 2023-06-30 15:55:31 --> Session: Class initialized using 'CodeIgniter\Session\Handlers\FileHandler' driver.
INFO - 2023-06-30 15:56:41 --> Session: Class initialized using 'CodeIgniter\Session\Handlers\FileHandler' driver.
INFO - 2023-06-30 15:56:44 --> Session: Class initialized using 'CodeIgniter\Session\Handlers\FileHandler' driver.
INFO - 2023-06-30 15:56:50 --> Session: Class initialized using 'CodeIgniter\Session\Handlers\FileHandler' driver.
INFO - 2023-06-30 15:57:20 --> Session: Class initialized using 'CodeIgniter\Session\Handlers\FileHandler' driver.
INFO - 2023-06-30 15:57:32 --> Session: Class initialized using 'CodeIgniter\Session\Handlers\FileHandler' driver.
INFO - 2023-06-30 15:58:28 --> Session: Class initialized using 'CodeIgniter\Session\Handlers\FileHandler' driver.
INFO - 2023-06-30 15:58:46 --> Session: Class initialized using 'CodeIgniter\Session\Handlers\FileHandler' driver.
CRITICAL - 2023-06-30 16:10:48 --> Undefined array key "ma_loai_bai_viet"
in APPPATH\Controllers\BlogController.php on line 25.
 1 APPPATH\Controllers\BlogController.php(25): CodeIgniter\Debug\Exceptions->errorHandler(2, 'Undefined array key "ma_loai_bai_viet"', 'APPPATH\\Controllers\\BlogController.php', 25)
 2 APPPATH\Controllers\BlogController.php(13): App\Controllers\BlogController->post()
 3 SYSTEMPATH\CodeIgniter.php(934): App\Controllers\BlogController->index()
 4 SYSTEMPATH\CodeIgniter.php(499): CodeIgniter\CodeIgniter->runController(Object(App\Controllers\BlogController))
 5 SYSTEMPATH\CodeIgniter.php(368): CodeIgniter\CodeIgniter->handleRequest(null, Object(Config\Cache), false)
 6 FCPATH\index.php(67): CodeIgniter\CodeIgniter->run()
 7 SYSTEMPATH\Commands\Server\rewrite.php(47): require_once('FCPATH\\index.php')
CRITICAL - 2023-06-30 16:12:42 --> Undefined array key "ma_loai_bai_viet"
in APPPATH\Controllers\BlogController.php on line 25.
 1 APPPATH\Controllers\BlogController.php(25): CodeIgniter\Debug\Exceptions->errorHandler(2, 'Undefined array key "ma_loai_bai_viet"', 'APPPATH\\Controllers\\BlogController.php', 25)
 2 APPPATH\Controllers\BlogController.php(13): App\Controllers\BlogController->post()
 3 SYSTEMPATH\CodeIgniter.php(934): App\Controllers\BlogController->index()
 4 SYSTEMPATH\CodeIgniter.php(499): CodeIgniter\CodeIgniter->runController(Object(App\Controllers\BlogController))
 5 SYSTEMPATH\CodeIgniter.php(368): CodeIgniter\CodeIgniter->handleRequest(null, Object(Config\Cache), false)
 6 FCPATH\index.php(67): CodeIgniter\CodeIgniter->run()
 7 SYSTEMPATH\Commands\Server\rewrite.php(47): require_once('FCPATH\\index.php')
CRITICAL - 2023-06-30 16:15:07 --> Undefined array key "ma_loai_bai_viet"
in APPPATH\Controllers\BlogController.php on line 25.
 1 APPPATH\Controllers\BlogController.php(25): CodeIgniter\Debug\Exceptions->errorHandler(2, 'Undefined array key "ma_loai_bai_viet"', 'APPPATH\\Controllers\\BlogController.php', 25)
 2 APPPATH\Controllers\BlogController.php(13): App\Controllers\BlogController->post()
 3 SYSTEMPATH\CodeIgniter.php(934): App\Controllers\BlogController->index()
 4 SYSTEMPATH\CodeIgniter.php(499): CodeIgniter\CodeIgniter->runController(Object(App\Controllers\BlogController))
 5 SYSTEMPATH\CodeIgniter.php(368): CodeIgniter\CodeIgniter->handleRequest(null, Object(Config\Cache), false)
 6 FCPATH\index.php(67): CodeIgniter\CodeIgniter->run()
 7 SYSTEMPATH\Commands\Server\rewrite.php(47): require_once('FCPATH\\index.php')
CRITICAL - 2023-06-30 16:16:40 --> Undefined array key "ma_loai_bai_viet"
in APPPATH\Controllers\BlogController.php on line 25.
 1 APPPATH\Controllers\BlogController.php(25): CodeIgniter\Debug\Exceptions->errorHandler(2, 'Undefined array key "ma_loai_bai_viet"', 'APPPATH\\Controllers\\BlogController.php', 25)
 2 APPPATH\Controllers\BlogController.php(13): App\Controllers\BlogController->post()
 3 SYSTEMPATH\CodeIgniter.php(934): App\Controllers\BlogController->index()
 4 SYSTEMPATH\CodeIgniter.php(499): CodeIgniter\CodeIgniter->runController(Object(App\Controllers\BlogController))
 5 SYSTEMPATH\CodeIgniter.php(368): CodeIgniter\CodeIgniter->handleRequest(null, Object(Config\Cache), false)
 6 FCPATH\index.php(67): CodeIgniter\CodeIgniter->run()
 7 SYSTEMPATH\Commands\Server\rewrite.php(47): require_once('FCPATH\\index.php')
CRITICAL - 2023-06-30 16:16:41 --> Undefined array key "ma_loai_bai_viet"
in APPPATH\Controllers\BlogController.php on line 25.
 1 APPPATH\Controllers\BlogController.php(25): CodeIgniter\Debug\Exceptions->errorHandler(2, 'Undefined array key "ma_loai_bai_viet"', 'APPPATH\\Controllers\\BlogController.php', 25)
 2 APPPATH\Controllers\BlogController.php(13): App\Controllers\BlogController->post()
 3 SYSTEMPATH\CodeIgniter.php(934): App\Controllers\BlogController->index()
 4 SYSTEMPATH\CodeIgniter.php(499): CodeIgniter\CodeIgniter->runController(Object(App\Controllers\BlogController))
 5 SYSTEMPATH\CodeIgniter.php(368): CodeIgniter\CodeIgniter->handleRequest(null, Object(Config\Cache), false)
 6 FCPATH\index.php(67): CodeIgniter\CodeIgniter->run()
 7 SYSTEMPATH\Commands\Server\rewrite.php(47): require_once('FCPATH\\index.php')
CRITICAL - 2023-06-30 16:16:41 --> Undefined array key "ma_loai_bai_viet"
in APPPATH\Controllers\BlogController.php on line 25.
 1 APPPATH\Controllers\BlogController.php(25): CodeIgniter\Debug\Exceptions->errorHandler(2, 'Undefined array key "ma_loai_bai_viet"', 'APPPATH\\Controllers\\BlogController.php', 25)
 2 APPPATH\Controllers\BlogController.php(13): App\Controllers\BlogController->post()
 3 SYSTEMPATH\CodeIgniter.php(934): App\Controllers\BlogController->index()
 4 SYSTEMPATH\CodeIgniter.php(499): CodeIgniter\CodeIgniter->runController(Object(App\Controllers\BlogController))
 5 SYSTEMPATH\CodeIgniter.php(368): CodeIgniter\CodeIgniter->handleRequest(null, Object(Config\Cache), false)
 6 FCPATH\index.php(67): CodeIgniter\CodeIgniter->run()
 7 SYSTEMPATH\Commands\Server\rewrite.php(47): require_once('FCPATH\\index.php')
CRITICAL - 2023-06-30 16:16:41 --> Undefined array key "ma_loai_bai_viet"
in APPPATH\Controllers\BlogController.php on line 25.
 1 APPPATH\Controllers\BlogController.php(25): CodeIgniter\Debug\Exceptions->errorHandler(2, 'Undefined array key "ma_loai_bai_viet"', 'APPPATH\\Controllers\\BlogController.php', 25)
 2 APPPATH\Controllers\BlogController.php(13): App\Controllers\BlogController->post()
 3 SYSTEMPATH\CodeIgniter.php(934): App\Controllers\BlogController->index()
 4 SYSTEMPATH\CodeIgniter.php(499): CodeIgniter\CodeIgniter->runController(Object(App\Controllers\BlogController))
 5 SYSTEMPATH\CodeIgniter.php(368): CodeIgniter\CodeIgniter->handleRequest(null, Object(Config\Cache), false)
 6 FCPATH\index.php(67): CodeIgniter\CodeIgniter->run()
 7 SYSTEMPATH\Commands\Server\rewrite.php(47): require_once('FCPATH\\index.php')
CRITICAL - 2023-06-30 16:16:41 --> Undefined array key "ma_loai_bai_viet"
in APPPATH\Controllers\BlogController.php on line 25.
 1 APPPATH\Controllers\BlogController.php(25): CodeIgniter\Debug\Exceptions->errorHandler(2, 'Undefined array key "ma_loai_bai_viet"', 'APPPATH\\Controllers\\BlogController.php', 25)
 2 APPPATH\Controllers\BlogController.php(13): App\Controllers\BlogController->post()
 3 SYSTEMPATH\CodeIgniter.php(934): App\Controllers\BlogController->index()
 4 SYSTEMPATH\CodeIgniter.php(499): CodeIgniter\CodeIgniter->runController(Object(App\Controllers\BlogController))
 5 SYSTEMPATH\CodeIgniter.php(368): CodeIgniter\CodeIgniter->handleRequest(null, Object(Config\Cache), false)
 6 FCPATH\index.php(67): CodeIgniter\CodeIgniter->run()
 7 SYSTEMPATH\Commands\Server\rewrite.php(47): require_once('FCPATH\\index.php')
CRITICAL - 2023-06-30 16:16:41 --> Undefined array key "ma_loai_bai_viet"
in APPPATH\Controllers\BlogController.php on line 25.
 1 APPPATH\Controllers\BlogController.php(25): CodeIgniter\Debug\Exceptions->errorHandler(2, 'Undefined array key "ma_loai_bai_viet"', 'APPPATH\\Controllers\\BlogController.php', 25)
 2 APPPATH\Controllers\BlogController.php(13): App\Controllers\BlogController->post()
 3 SYSTEMPATH\CodeIgniter.php(934): App\Controllers\BlogController->index()
 4 SYSTEMPATH\CodeIgniter.php(499): CodeIgniter\CodeIgniter->runController(Object(App\Controllers\BlogController))
 5 SYSTEMPATH\CodeIgniter.php(368): CodeIgniter\CodeIgniter->handleRequest(null, Object(Config\Cache), false)
 6 FCPATH\index.php(67): CodeIgniter\CodeIgniter->run()
 7 SYSTEMPATH\Commands\Server\rewrite.php(47): require_once('FCPATH\\index.php')
CRITICAL - 2023-06-30 16:16:42 --> Undefined array key "ma_loai_bai_viet"
in APPPATH\Controllers\BlogController.php on line 25.
 1 APPPATH\Controllers\BlogController.php(25): CodeIgniter\Debug\Exceptions->errorHandler(2, 'Undefined array key "ma_loai_bai_viet"', 'APPPATH\\Controllers\\BlogController.php', 25)
 2 APPPATH\Controllers\BlogController.php(13): App\Controllers\BlogController->post()
 3 SYSTEMPATH\CodeIgniter.php(934): App\Controllers\BlogController->index()
 4 SYSTEMPATH\CodeIgniter.php(499): CodeIgniter\CodeIgniter->runController(Object(App\Controllers\BlogController))
 5 SYSTEMPATH\CodeIgniter.php(368): CodeIgniter\CodeIgniter->handleRequest(null, Object(Config\Cache), false)
 6 FCPATH\index.php(67): CodeIgniter\CodeIgniter->run()
 7 SYSTEMPATH\Commands\Server\rewrite.php(47): require_once('FCPATH\\index.php')
CRITICAL - 2023-06-30 16:16:42 --> Undefined array key "ma_loai_bai_viet"
in APPPATH\Controllers\BlogController.php on line 25.
 1 APPPATH\Controllers\BlogController.php(25): CodeIgniter\Debug\Exceptions->errorHandler(2, 'Undefined array key "ma_loai_bai_viet"', 'APPPATH\\Controllers\\BlogController.php', 25)
 2 APPPATH\Controllers\BlogController.php(13): App\Controllers\BlogController->post()
 3 SYSTEMPATH\CodeIgniter.php(934): App\Controllers\BlogController->index()
 4 SYSTEMPATH\CodeIgniter.php(499): CodeIgniter\CodeIgniter->runController(Object(App\Controllers\BlogController))
 5 SYSTEMPATH\CodeIgniter.php(368): CodeIgniter\CodeIgniter->handleRequest(null, Object(Config\Cache), false)
 6 FCPATH\index.php(67): CodeIgniter\CodeIgniter->run()
 7 SYSTEMPATH\Commands\Server\rewrite.php(47): require_once('FCPATH\\index.php')
CRITICAL - 2023-06-30 16:16:42 --> Undefined array key "ma_loai_bai_viet"
in APPPATH\Controllers\BlogController.php on line 25.
 1 APPPATH\Controllers\BlogController.php(25): CodeIgniter\Debug\Exceptions->errorHandler(2, 'Undefined array key "ma_loai_bai_viet"', 'APPPATH\\Controllers\\BlogController.php', 25)
 2 APPPATH\Controllers\BlogController.php(13): App\Controllers\BlogController->post()
 3 SYSTEMPATH\CodeIgniter.php(934): App\Controllers\BlogController->index()
 4 SYSTEMPATH\CodeIgniter.php(499): CodeIgniter\CodeIgniter->runController(Object(App\Controllers\BlogController))
 5 SYSTEMPATH\CodeIgniter.php(368): CodeIgniter\CodeIgniter->handleRequest(null, Object(Config\Cache), false)
 6 FCPATH\index.php(67): CodeIgniter\CodeIgniter->run()
 7 SYSTEMPATH\Commands\Server\rewrite.php(47): require_once('FCPATH\\index.php')
CRITICAL - 2023-06-30 16:17:58 --> Undefined array key "ma_loai_bai_viet"
in APPPATH\Controllers\BlogController.php on line 25.
 1 APPPATH\Controllers\BlogController.php(25): CodeIgniter\Debug\Exceptions->errorHandler(2, 'Undefined array key "ma_loai_bai_viet"', 'APPPATH\\Controllers\\BlogController.php', 25)
 2 APPPATH\Controllers\BlogController.php(13): App\Controllers\BlogController->post()
 3 SYSTEMPATH\CodeIgniter.php(934): App\Controllers\BlogController->index()
 4 SYSTEMPATH\CodeIgniter.php(499): CodeIgniter\CodeIgniter->runController(Object(App\Controllers\BlogController))
 5 SYSTEMPATH\CodeIgniter.php(368): CodeIgniter\CodeIgniter->handleRequest(null, Object(Config\Cache), false)
 6 FCPATH\index.php(67): CodeIgniter\CodeIgniter->run()
 7 SYSTEMPATH\Commands\Server\rewrite.php(47): require_once('FCPATH\\index.php')
INFO - 2023-06-30 16:20:59 --> Session: Class initialized using 'CodeIgniter\Session\Handlers\FileHandler' driver.
INFO - 2023-06-30 16:21:28 --> Session: Class initialized using 'CodeIgniter\Session\Handlers\FileHandler' driver.
INFO - 2023-06-30 16:22:31 --> Session: Class initialized using 'CodeIgniter\Session\Handlers\FileHandler' driver.
INFO - 2023-06-30 16:22:54 --> Session: Class initialized using 'CodeIgniter\Session\Handlers\FileHandler' driver.
INFO - 2023-06-30 16:23:38 --> Session: Class initialized using 'CodeIgniter\Session\Handlers\FileHandler' driver.
CRITICAL - 2023-06-30 16:24:20 --> Undefined array key "ten_bai_viet"
in APPPATH\Views\User\Blog\index.php on line 57.
 1 APPPATH\Views\User\Blog\index.php(57): CodeIgniter\Debug\Exceptions->errorHandler(2, 'Undefined array key "ten_bai_viet"', 'APPPATH\\Views\\User\\Blog\\index.php', 57)
 2 SYSTEMPATH\View\View.php(213): include('APPPATH\\Views\\User\\Blog\\index.php')
 3 SYSTEMPATH\View\View.php(216): CodeIgniter\View\View->CodeIgniter\View\{closure}()
 4 SYSTEMPATH\Common.php(1184): CodeIgniter\View\View->render('User/Blog/index', [], true)
 5 APPPATH\Controllers\BlogController.php(15): view('User/Blog/index', [...])
 6 SYSTEMPATH\CodeIgniter.php(934): App\Controllers\BlogController->index()
 7 SYSTEMPATH\CodeIgniter.php(499): CodeIgniter\CodeIgniter->runController(Object(App\Controllers\BlogController))
 8 SYSTEMPATH\CodeIgniter.php(368): CodeIgniter\CodeIgniter->handleRequest(null, Object(Config\Cache), false)
 9 FCPATH\index.php(67): CodeIgniter\CodeIgniter->run()
10 SYSTEMPATH\Commands\Server\rewrite.php(47): require_once('FCPATH\\index.php')
INFO - 2023-06-30 16:24:29 --> Session: Class initialized using 'CodeIgniter\Session\Handlers\FileHandler' driver.
INFO - 2023-06-30 16:24:45 --> Session: Class initialized using 'CodeIgniter\Session\Handlers\FileHandler' driver.
CRITICAL - 2023-06-30 16:25:13 --> Undefined array key "username"
in APPPATH\Views\User\Blog\index.php on line 59.
 1 APPPATH\Views\User\Blog\index.php(59): CodeIgniter\Debug\Exceptions->errorHandler(2, 'Undefined array key "username"', 'APPPATH\\Views\\User\\Blog\\index.php', 59)
 2 SYSTEMPATH\View\View.php(213): include('APPPATH\\Views\\User\\Blog\\index.php')
 3 SYSTEMPATH\View\View.php(216): CodeIgniter\View\View->CodeIgniter\View\{closure}()
 4 SYSTEMPATH\Common.php(1184): CodeIgniter\View\View->render('User/Blog/index', [], true)
 5 APPPATH\Controllers\BlogController.php(15): view('User/Blog/index', [...])
 6 SYSTEMPATH\CodeIgniter.php(934): App\Controllers\BlogController->index()
 7 SYSTEMPATH\CodeIgniter.php(499): CodeIgniter\CodeIgniter->runController(Object(App\Controllers\BlogController))
 8 SYSTEMPATH\CodeIgniter.php(368): CodeIgniter\CodeIgniter->handleRequest(null, Object(Config\Cache), false)
 9 FCPATH\index.php(67): CodeIgniter\CodeIgniter->run()
10 SYSTEMPATH\Commands\Server\rewrite.php(47): require_once('FCPATH\\index.php')
INFO - 2023-06-30 16:25:49 --> Session: Class initialized using 'CodeIgniter\Session\Handlers\FileHandler' driver.
INFO - 2023-06-30 16:26:40 --> Session: Class initialized using 'CodeIgniter\Session\Handlers\FileHandler' driver.
INFO - 2023-06-30 16:26:43 --> Session: Class initialized using 'CodeIgniter\Session\Handlers\FileHandler' driver.
INFO - 2023-06-30 16:26:45 --> Session: Class initialized using 'CodeIgniter\Session\Handlers\FileHandler' driver.
INFO - 2023-06-30 16:27:48 --> Session: Class initialized using 'CodeIgniter\Session\Handlers\FileHandler' driver.
CRITICAL - 2023-06-30 16:27:53 --> Undefined variable $category
in APPPATH\Views\User\Blog\index.php on line 90.
 1 APPPATH\Views\User\Blog\index.php(90): CodeIgniter\Debug\Exceptions->errorHandler(2, 'Undefined variable $category', 'APPPATH\\Views\\User\\Blog\\index.php', 90)
 2 SYSTEMPATH\View\View.php(213): include('APPPATH\\Views\\User\\Blog\\index.php')
 3 SYSTEMPATH\View\View.php(216): CodeIgniter\View\View->CodeIgniter\View\{closure}()
 4 SYSTEMPATH\Common.php(1184): CodeIgniter\View\View->render('User/Blog/index', [], true)
 5 APPPATH\Controllers\BlogController.php(15): view('User/Blog/index', [...])
 6 SYSTEMPATH\CodeIgniter.php(934): App\Controllers\BlogController->index()
 7 SYSTEMPATH\CodeIgniter.php(499): CodeIgniter\CodeIgniter->runController(Object(App\Controllers\BlogController))
 8 SYSTEMPATH\CodeIgniter.php(368): CodeIgniter\CodeIgniter->handleRequest(null, Object(Config\Cache), false)
 9 FCPATH\index.php(67): CodeIgniter\CodeIgniter->run()
10 SYSTEMPATH\Commands\Server\rewrite.php(47): require_once('FCPATH\\index.php')
CRITICAL - 2023-06-30 16:30:12 --> Undefined variable $category
in APPPATH\Views\User\Blog\index.php on line 90.
 1 APPPATH\Views\User\Blog\index.php(90): CodeIgniter\Debug\Exceptions->errorHandler(2, 'Undefined variable $category', 'APPPATH\\Views\\User\\Blog\\index.php', 90)
 2 SYSTEMPATH\View\View.php(213): include('APPPATH\\Views\\User\\Blog\\index.php')
 3 SYSTEMPATH\View\View.php(216): CodeIgniter\View\View->CodeIgniter\View\{closure}()
 4 SYSTEMPATH\Common.php(1184): CodeIgniter\View\View->render('User/Blog/index', [], true)
 5 APPPATH\Controllers\BlogController.php(27): view('User/Blog/index', [...])
 6 SYSTEMPATH\CodeIgniter.php(934): App\Controllers\BlogController->index()
 7 SYSTEMPATH\CodeIgniter.php(499): CodeIgniter\CodeIgniter->runController(Object(App\Controllers\BlogController))
 8 SYSTEMPATH\CodeIgniter.php(368): CodeIgniter\CodeIgniter->handleRequest(null, Object(Config\Cache), false)
 9 FCPATH\index.php(67): CodeIgniter\CodeIgniter->run()
10 SYSTEMPATH\Commands\Server\rewrite.php(47): require_once('FCPATH\\index.php')
INFO - 2023-06-30 16:30:13 --> Session: Class initialized using 'CodeIgniter\Session\Handlers\FileHandler' driver.
CRITICAL - 2023-06-30 16:30:16 --> Undefined variable $category
in APPPATH\Views\User\Blog\index.php on line 90.
 1 APPPATH\Views\User\Blog\index.php(90): CodeIgniter\Debug\Exceptions->errorHandler(2, 'Undefined variable $category', 'APPPATH\\Views\\User\\Blog\\index.php', 90)
 2 SYSTEMPATH\View\View.php(213): include('APPPATH\\Views\\User\\Blog\\index.php')
 3 SYSTEMPATH\View\View.php(216): CodeIgniter\View\View->CodeIgniter\View\{closure}()
 4 SYSTEMPATH\Common.php(1184): CodeIgniter\View\View->render('User/Blog/index', [], true)
 5 APPPATH\Controllers\BlogController.php(27): view('User/Blog/index', [...])
 6 SYSTEMPATH\CodeIgniter.php(934): App\Controllers\BlogController->index()
 7 SYSTEMPATH\CodeIgniter.php(499): CodeIgniter\CodeIgniter->runController(Object(App\Controllers\BlogController))
 8 SYSTEMPATH\CodeIgniter.php(368): CodeIgniter\CodeIgniter->handleRequest(null, Object(Config\Cache), false)
 9 FCPATH\index.php(67): CodeIgniter\CodeIgniter->run()
10 SYSTEMPATH\Commands\Server\rewrite.php(47): require_once('FCPATH\\index.php')
INFO - 2023-06-30 16:30:43 --> Session: Class initialized using 'CodeIgniter\Session\Handlers\FileHandler' driver.
INFO - 2023-06-30 16:30:53 --> Session: Class initialized using 'CodeIgniter\Session\Handlers\FileHandler' driver.
INFO - 2023-06-30 16:31:11 --> Session: Class initialized using 'CodeIgniter\Session\Handlers\FileHandler' driver.
INFO - 2023-06-30 16:31:34 --> Session: Class initialized using 'CodeIgniter\Session\Handlers\FileHandler' driver.
INFO - 2023-06-30 16:31:34 --> Session: Class initialized using 'CodeIgniter\Session\Handlers\FileHandler' driver.
INFO - 2023-06-30 16:31:37 --> Session: Class initialized using 'CodeIgniter\Session\Handlers\FileHandler' driver.
INFO - 2023-06-30 16:31:37 --> Session: Class initialized using 'CodeIgniter\Session\Handlers\FileHandler' driver.
INFO - 2023-06-30 16:31:48 --> Session: Class initialized using 'CodeIgniter\Session\Handlers\FileHandler' driver.
INFO - 2023-06-30 16:31:51 --> Session: Class initialized using 'CodeIgniter\Session\Handlers\FileHandler' driver.
INFO - 2023-06-30 16:32:00 --> Session: Class initialized using 'CodeIgniter\Session\Handlers\FileHandler' driver.
INFO - 2023-06-30 16:32:00 --> Session: Class initialized using 'CodeIgniter\Session\Handlers\FileHandler' driver.
INFO - 2023-06-30 16:32:02 --> Session: Class initialized using 'CodeIgniter\Session\Handlers\FileHandler' driver.
INFO - 2023-06-30 16:32:04 --> Session: Class initialized using 'CodeIgniter\Session\Handlers\FileHandler' driver.
INFO - 2023-06-30 16:32:14 --> Session: Class initialized using 'CodeIgniter\Session\Handlers\FileHandler' driver.
INFO - 2023-06-30 16:32:14 --> Session: Class initialized using 'CodeIgniter\Session\Handlers\FileHandler' driver.
INFO - 2023-06-30 16:32:15 --> Session: Class initialized using 'CodeIgniter\Session\Handlers\FileHandler' driver.
INFO - 2023-06-30 16:32:18 --> Session: Class initialized using 'CodeIgniter\Session\Handlers\FileHandler' driver.
INFO - 2023-06-30 16:32:26 --> Session: Class initialized using 'CodeIgniter\Session\Handlers\FileHandler' driver.
INFO - 2023-06-30 16:32:26 --> Session: Class initialized using 'CodeIgniter\Session\Handlers\FileHandler' driver.
INFO - 2023-06-30 16:32:27 --> Session: Class initialized using 'CodeIgniter\Session\Handlers\FileHandler' driver.
INFO - 2023-06-30 16:32:28 --> Session: Class initialized using 'CodeIgniter\Session\Handlers\FileHandler' driver.
INFO - 2023-06-30 16:32:36 --> Session: Class initialized using 'CodeIgniter\Session\Handlers\FileHandler' driver.
INFO - 2023-06-30 16:32:36 --> Session: Class initialized using 'CodeIgniter\Session\Handlers\FileHandler' driver.
INFO - 2023-06-30 16:32:38 --> Session: Class initialized using 'CodeIgniter\Session\Handlers\FileHandler' driver.
INFO - 2023-06-30 16:32:50 --> Session: Class initialized using 'CodeIgniter\Session\Handlers\FileHandler' driver.
INFO - 2023-06-30 16:32:50 --> Session: Class initialized using 'CodeIgniter\Session\Handlers\FileHandler' driver.
INFO - 2023-06-30 16:33:02 --> Session: Class initialized using 'CodeIgniter\Session\Handlers\FileHandler' driver.
ERROR - 2023-06-30 16:33:02 --> mysqli_sql_exception: Column 'status' cannot be null in D:\LuanVan_TN_2023\system\Database\MySQLi\Connection.php:295
Stack trace:
#0 D:\LuanVan_TN_2023\system\Database\MySQLi\Connection.php(295): mysqli->query('INSERT INTO `lo...', 0)
#1 D:\LuanVan_TN_2023\system\Database\BaseConnection.php(691): CodeIgniter\Database\MySQLi\Connection->execute('INSERT INTO `lo...')
#2 D:\LuanVan_TN_2023\system\Database\BaseConnection.php(605): CodeIgniter\Database\BaseConnection->simpleQuery('INSERT INTO `lo...')
#3 D:\LuanVan_TN_2023\system\Database\BaseBuilder.php(2309): CodeIgniter\Database\BaseConnection->query('INSERT INTO `lo...', Array, false)
#4 D:\LuanVan_TN_2023\system\Model.php(330): CodeIgniter\Database\BaseBuilder->insert()
#5 D:\LuanVan_TN_2023\system\BaseModel.php(782): CodeIgniter\Model->doInsert(Array)
#6 D:\LuanVan_TN_2023\system\Model.php(730): CodeIgniter\BaseModel->insert(Array, true)
#7 D:\LuanVan_TN_2023\app\Controllers\Admin\CategoryPost.php(38): CodeIgniter\Model->insert(Array)
#8 D:\LuanVan_TN_2023\system\CodeIgniter.php(934): App\Controllers\Admin\CategoryPost->save()
#9 D:\LuanVan_TN_2023\system\CodeIgniter.php(499): CodeIgniter\CodeIgniter->runController(Object(App\Controllers\Admin\CategoryPost))
#10 D:\LuanVan_TN_2023\system\CodeIgniter.php(368): CodeIgniter\CodeIgniter->handleRequest(NULL, Object(Config\Cache), false)
#11 D:\LuanVan_TN_2023\public\index.php(67): CodeIgniter\CodeIgniter->run()
#12 D:\LuanVan_TN_2023\system\Commands\Server\rewrite.php(47): require_once('D:\\LuanVan_TN_2...')
#13 {main}
CRITICAL - 2023-06-30 16:33:02 --> Column 'status' cannot be null
in SYSTEMPATH\Database\BaseConnection.php on line 645.
 1 SYSTEMPATH\Database\BaseBuilder.php(2309): CodeIgniter\Database\BaseConnection->query('INSERT INTO `loaibaiviet` (`ten_loai_bai_viet`, `status`) VALUES (:ten_loai_bai_viet:, :status:)', [...], false)
 2 SYSTEMPATH\Model.php(330): CodeIgniter\Database\BaseBuilder->insert()
 3 SYSTEMPATH\BaseModel.php(782): CodeIgniter\Model->doInsert([...])
 4 SYSTEMPATH\Model.php(730): CodeIgniter\BaseModel->insert([...], true)
 5 APPPATH\Controllers\Admin\CategoryPost.php(38): CodeIgniter\Model->insert([...])
 6 SYSTEMPATH\CodeIgniter.php(934): App\Controllers\Admin\CategoryPost->save()
 7 SYSTEMPATH\CodeIgniter.php(499): CodeIgniter\CodeIgniter->runController(Object(App\Controllers\Admin\CategoryPost))
 8 SYSTEMPATH\CodeIgniter.php(368): CodeIgniter\CodeIgniter->handleRequest(null, Object(Config\Cache), false)
 9 FCPATH\index.php(67): CodeIgniter\CodeIgniter->run()
10 SYSTEMPATH\Commands\Server\rewrite.php(47): require_once('FCPATH\\index.php')
INFO - 2023-06-30 16:33:06 --> Session: Class initialized using 'CodeIgniter\Session\Handlers\FileHandler' driver.
INFO - 2023-06-30 16:33:09 --> Session: Class initialized using 'CodeIgniter\Session\Handlers\FileHandler' driver.
INFO - 2023-06-30 16:33:10 --> Session: Class initialized using 'CodeIgniter\Session\Handlers\FileHandler' driver.
INFO - 2023-06-30 16:33:16 --> Session: Class initialized using 'CodeIgniter\Session\Handlers\FileHandler' driver.
INFO - 2023-06-30 16:33:19 --> Session: Class initialized using 'CodeIgniter\Session\Handlers\FileHandler' driver.
INFO - 2023-06-30 16:34:06 --> Session: Class initialized using 'CodeIgniter\Session\Handlers\FileHandler' driver.
INFO - 2023-06-30 16:34:41 --> Session: Class initialized using 'CodeIgniter\Session\Handlers\FileHandler' driver.
INFO - 2023-06-30 16:34:41 --> Session: Class initialized using 'CodeIgniter\Session\Handlers\FileHandler' driver.
INFO - 2023-06-30 16:34:46 --> Session: Class initialized using 'CodeIgniter\Session\Handlers\FileHandler' driver.
INFO - 2023-06-30 16:37:20 --> Session: Class initialized using 'CodeIgniter\Session\Handlers\FileHandler' driver.
INFO - 2023-06-30 16:37:22 --> Session: Class initialized using 'CodeIgniter\Session\Handlers\FileHandler' driver.
INFO - 2023-06-30 16:37:36 --> Session: Class initialized using 'CodeIgniter\Session\Handlers\FileHandler' driver.
INFO - 2023-06-30 16:37:37 --> Session: Class initialized using 'CodeIgniter\Session\Handlers\FileHandler' driver.
INFO - 2023-06-30 16:37:46 --> Session: Class initialized using 'CodeIgniter\Session\Handlers\FileHandler' driver.
INFO - 2023-06-30 16:37:46 --> Session: Class initialized using 'CodeIgniter\Session\Handlers\FileHandler' driver.
INFO - 2023-06-30 16:37:49 --> Session: Class initialized using 'CodeIgniter\Session\Handlers\FileHandler' driver.
INFO - 2023-06-30 16:38:11 --> Session: Class initialized using 'CodeIgniter\Session\Handlers\FileHandler' driver.
INFO - 2023-06-30 16:39:32 --> Session: Class initialized using 'CodeIgniter\Session\Handlers\FileHandler' driver.
INFO - 2023-06-30 16:41:28 --> Session: Class initialized using 'CodeIgniter\Session\Handlers\FileHandler' driver.
INFO - 2023-06-30 16:41:30 --> Session: Class initialized using 'CodeIgniter\Session\Handlers\FileHandler' driver.
INFO - 2023-06-30 16:42:07 --> Session: Class initialized using 'CodeIgniter\Session\Handlers\FileHandler' driver.
INFO - 2023-06-30 16:42:12 --> Session: Class initialized using 'CodeIgniter\Session\Handlers\FileHandler' driver.
CRITICAL - 2023-06-30 16:45:06 --> Undefined array key "ten_loai_bai_viet"
in APPPATH\Views\User\Blog\index.php on line 93.
 1 APPPATH\Views\User\Blog\index.php(93): CodeIgniter\Debug\Exceptions->errorHandler(2, 'Undefined array key "ten_loai_bai_viet"', 'APPPATH\\Views\\User\\Blog\\index.php', 93)
 2 SYSTEMPATH\View\View.php(213): include('APPPATH\\Views\\User\\Blog\\index.php')
 3 SYSTEMPATH\View\View.php(216): CodeIgniter\View\View->CodeIgniter\View\{closure}()
 4 SYSTEMPATH\Common.php(1184): CodeIgniter\View\View->render('User/Blog/index', [], true)
 5 APPPATH\Controllers\BlogController.php(28): view('User/Blog/index', [...])
 6 SYSTEMPATH\CodeIgniter.php(934): App\Controllers\BlogController->index()
 7 SYSTEMPATH\CodeIgniter.php(499): CodeIgniter\CodeIgniter->runController(Object(App\Controllers\BlogController))
 8 SYSTEMPATH\CodeIgniter.php(368): CodeIgniter\CodeIgniter->handleRequest(null, Object(Config\Cache), false)
 9 FCPATH\index.php(67): CodeIgniter\CodeIgniter->run()
10 SYSTEMPATH\Commands\Server\rewrite.php(47): require_once('FCPATH\\index.php')
INFO - 2023-06-30 16:46:03 --> Session: Class initialized using 'CodeIgniter\Session\Handlers\FileHandler' driver.
CRITICAL - 2023-06-30 16:47:50 --> syntax error, unexpected end of file
in APPPATH\Views\User\Blog\index.php on line 280.
 1 SYSTEMPATH\View\View.php(216): CodeIgniter\View\View->CodeIgniter\View\{closure}()
 2 SYSTEMPATH\Common.php(1184): CodeIgniter\View\View->render('User/Blog/index', [], true)
 3 APPPATH\Controllers\BlogController.php(28): view('User/Blog/index', [...])
 4 SYSTEMPATH\CodeIgniter.php(934): App\Controllers\BlogController->index()
 5 SYSTEMPATH\CodeIgniter.php(499): CodeIgniter\CodeIgniter->runController(Object(App\Controllers\BlogController))
 6 SYSTEMPATH\CodeIgniter.php(368): CodeIgniter\CodeIgniter->handleRequest(null, Object(Config\Cache), false)
 7 FCPATH\index.php(67): CodeIgniter\CodeIgniter->run()
 8 SYSTEMPATH\Commands\Server\rewrite.php(47): require_once('FCPATH\\index.php')
INFO - 2023-06-30 16:48:44 --> Session: Class initialized using 'CodeIgniter\Session\Handlers\FileHandler' driver.
INFO - 2023-06-30 16:49:38 --> Session: Class initialized using 'CodeIgniter\Session\Handlers\FileHandler' driver.
INFO - 2023-06-30 16:49:54 --> Session: Class initialized using 'CodeIgniter\Session\Handlers\FileHandler' driver.
INFO - 2023-06-30 16:50:12 --> Session: Class initialized using 'CodeIgniter\Session\Handlers\FileHandler' driver.
INFO - 2023-06-30 16:50:27 --> Session: Class initialized using 'CodeIgniter\Session\Handlers\FileHandler' driver.
INFO - 2023-06-30 16:50:41 --> Session: Class initialized using 'CodeIgniter\Session\Handlers\FileHandler' driver.
INFO - 2023-06-30 16:51:47 --> Session: Class initialized using 'CodeIgniter\Session\Handlers\FileHandler' driver.
INFO - 2023-06-30 16:52:46 --> Session: Class initialized using 'CodeIgniter\Session\Handlers\FileHandler' driver.
INFO - 2023-06-30 16:52:53 --> Session: Class initialized using 'CodeIgniter\Session\Handlers\FileHandler' driver.
INFO - 2023-06-30 16:52:56 --> Session: Class initialized using 'CodeIgniter\Session\Handlers\FileHandler' driver.
INFO - 2023-06-30 16:52:58 --> Session: Class initialized using 'CodeIgniter\Session\Handlers\FileHandler' driver.
INFO - 2023-06-30 16:53:48 --> Session: Class initialized using 'CodeIgniter\Session\Handlers\FileHandler' driver.
INFO - 2023-06-30 16:54:39 --> Session: Class initialized using 'CodeIgniter\Session\Handlers\FileHandler' driver.
ERROR - 2023-06-30 17:59:31 --> Error connecting to the database: mysqli_sql_exception: No connection could be made because the target machine actively refused it in D:\LuanVan_TN_2023\system\Database\MySQLi\Connection.php:174
Stack trace:
#0 D:\LuanVan_TN_2023\system\Database\MySQLi\Connection.php(174): mysqli->real_connect('localhost', 'root', '', 'luanvan', 3306, '', 0)
#1 D:\LuanVan_TN_2023\system\Database\BaseConnection.php(391): CodeIgniter\Database\MySQLi\Connection->connect(false)
#2 D:\LuanVan_TN_2023\system\Database\BaseConnection.php(573): CodeIgniter\Database\BaseConnection->initialize()
#3 D:\LuanVan_TN_2023\system\Database\BaseBuilder.php(1616): CodeIgniter\Database\BaseConnection->query('SELECT *\nFROM `...', Array, false)
#4 D:\LuanVan_TN_2023\system\Model.php(241): CodeIgniter\Database\BaseBuilder->get()
#5 D:\LuanVan_TN_2023\system\BaseModel.php(618): CodeIgniter\Model->doFindAll(0, 0)
#6 D:\LuanVan_TN_2023\app\Controllers\BaseController.php(68): CodeIgniter\BaseModel->findAll()
#7 D:\LuanVan_TN_2023\app\Controllers\Home.php(19): App\Controllers\BaseController->getSubCategory()
#8 D:\LuanVan_TN_2023\system\CodeIgniter.php(934): App\Controllers\Home->index()
#9 D:\LuanVan_TN_2023\system\CodeIgniter.php(499): CodeIgniter\CodeIgniter->runController(Object(App\Controllers\Home))
#10 D:\LuanVan_TN_2023\system\CodeIgniter.php(368): CodeIgniter\CodeIgniter->handleRequest(NULL, Object(Config\Cache), false)
#11 D:\LuanVan_TN_2023\public\index.php(67): CodeIgniter\CodeIgniter->run()
#12 D:\LuanVan_TN_2023\system\Commands\Server\rewrite.php(47): require_once('D:\\LuanVan_TN_2...')
#13 {main}

Next CodeIgniter\Database\Exceptions\DatabaseException: No connection could be made because the target machine actively refused it in D:\LuanVan_TN_2023\system\Database\MySQLi\Connection.php:218
Stack trace:
#0 D:\LuanVan_TN_2023\system\Database\BaseConnection.php(391): CodeIgniter\Database\MySQLi\Connection->connect(false)
#1 D:\LuanVan_TN_2023\system\Database\BaseConnection.php(573): CodeIgniter\Database\BaseConnection->initialize()
#2 D:\LuanVan_TN_2023\system\Database\BaseBuilder.php(1616): CodeIgniter\Database\BaseConnection->query('SELECT *\nFROM `...', Array, false)
#3 D:\LuanVan_TN_2023\system\Model.php(241): CodeIgniter\Database\BaseBuilder->get()
#4 D:\LuanVan_TN_2023\system\BaseModel.php(618): CodeIgniter\Model->doFindAll(0, 0)
#5 D:\LuanVan_TN_2023\app\Controllers\BaseController.php(68): CodeIgniter\BaseModel->findAll()
#6 D:\LuanVan_TN_2023\app\Controllers\Home.php(19): App\Controllers\BaseController->getSubCategory()
#7 D:\LuanVan_TN_2023\system\CodeIgniter.php(934): App\Controllers\Home->index()
#8 D:\LuanVan_TN_2023\system\CodeIgniter.php(499): CodeIgniter\CodeIgniter->runController(Object(App\Controllers\Home))
#9 D:\LuanVan_TN_2023\system\CodeIgniter.php(368): CodeIgniter\CodeIgniter->handleRequest(NULL, Object(Config\Cache), false)
#10 D:\LuanVan_TN_2023\public\index.php(67): CodeIgniter\CodeIgniter->run()
#11 D:\LuanVan_TN_2023\system\Commands\Server\rewrite.php(47): require_once('D:\\LuanVan_TN_2...')
#12 {main}
CRITICAL - 2023-06-30 17:59:31 --> Unable to connect to the database.
Main connection [MySQLi]: No connection could be made because the target machine actively refused it
in SYSTEMPATH\Database\BaseConnection.php on line 427.
 1 SYSTEMPATH\Database\BaseConnection.php(573): CodeIgniter\Database\BaseConnection->initialize()
 2 SYSTEMPATH\Database\BaseBuilder.php(1616): CodeIgniter\Database\BaseConnection->query('SELECT *
FROM `loaisach`
WHERE `status` = 1', [], false)
 3 SYSTEMPATH\Model.php(241): CodeIgniter\Database\BaseBuilder->get()
 4 SYSTEMPATH\BaseModel.php(618): CodeIgniter\Model->doFindAll(0, 0)
 5 APPPATH\Controllers\BaseController.php(68): CodeIgniter\BaseModel->findAll()
 6 APPPATH\Controllers\Home.php(19): App\Controllers\BaseController->getSubCategory()
 7 SYSTEMPATH\CodeIgniter.php(934): App\Controllers\Home->index()
 8 SYSTEMPATH\CodeIgniter.php(499): CodeIgniter\CodeIgniter->runController(Object(App\Controllers\Home))
 9 SYSTEMPATH\CodeIgniter.php(368): CodeIgniter\CodeIgniter->handleRequest(null, Object(Config\Cache), false)
10 FCPATH\index.php(67): CodeIgniter\CodeIgniter->run()
11 SYSTEMPATH\Commands\Server\rewrite.php(47): require_once('FCPATH\\index.php')
INFO - 2023-06-30 17:59:51 --> Session: Class initialized using 'CodeIgniter\Session\Handlers\FileHandler' driver.
INFO - 2023-06-30 17:59:55 --> Session: Class initialized using 'CodeIgniter\Session\Handlers\FileHandler' driver.
INFO - 2023-06-30 18:00:22 --> Session: Class initialized using 'CodeIgniter\Session\Handlers\FileHandler' driver.
INFO - 2023-06-30 18:00:28 --> Session: Class initialized using 'CodeIgniter\Session\Handlers\FileHandler' driver.
INFO - 2023-06-30 18:00:57 --> Session: Class initialized using 'CodeIgniter\Session\Handlers\FileHandler' driver.
INFO - 2023-06-30 18:01:18 --> Session: Class initialized using 'CodeIgniter\Session\Handlers\FileHandler' driver.
INFO - 2023-06-30 18:01:18 --> Session: Class initialized using 'CodeIgniter\Session\Handlers\FileHandler' driver.
