CRITICAL - 2023-06-16 06:31:16 --> Undefined array key "category"
in APPPATH\Controllers\ShopController.php on line 42.
 1 APPPATH\Controllers\ShopController.php(42): CodeIgniter\Debug\Exceptions->errorHandler(2, 'Undefined array key "category"', 'APPPATH\\Controllers\\ShopController.php', 42)
 2 SYSTEMPATH\CodeIgniter.php(934): App\Controllers\ShopController->detail()
 3 SYSTEMPATH\CodeIgniter.php(499): CodeIgniter\CodeIgniter->runController(Object(App\Controllers\ShopController))
 4 SYSTEMPATH\CodeIgniter.php(368): CodeIgniter\CodeIgniter->handleRequest(null, Object(Config\Cache), false)
 5 FCPATH\index.php(67): CodeIgniter\CodeIgniter->run()
 6 SYSTEMPATH\Commands\Server\rewrite.php(47): require_once('FCPATH\\index.php')
CRITICAL - 2023-06-16 06:32:03 --> Undefined variable $products
in APPPATH\Views\User\Shop\detail.php on line 48.
 1 APPPATH\Views\User\Shop\detail.php(48): CodeIgniter\Debug\Exceptions->errorHandler(2, 'Undefined variable $products', 'APPPATH\\Views\\User\\Shop\\detail.php', 48)
 2 SYSTEMPATH\View\View.php(213): include('APPPATH\\Views\\User\\Shop\\detail.php')
 3 SYSTEMPATH\View\View.php(216): CodeIgniter\View\View->CodeIgniter\View\{closure}()
 4 SYSTEMPATH\Common.php(1184): CodeIgniter\View\View->render('User/Shop/detail', [], true)
 5 APPPATH\Controllers\ShopController.php(50): view('User/Shop/detail', [...])
 6 SYSTEMPATH\CodeIgniter.php(934): App\Controllers\ShopController->detail()
 7 SYSTEMPATH\CodeIgniter.php(499): CodeIgniter\CodeIgniter->runController(Object(App\Controllers\ShopController))
 8 SYSTEMPATH\CodeIgniter.php(368): CodeIgniter\CodeIgniter->handleRequest(null, Object(Config\Cache), false)
 9 FCPATH\index.php(67): CodeIgniter\CodeIgniter->run()
10 SYSTEMPATH\Commands\Server\rewrite.php(47): require_once('FCPATH\\index.php')
CRITICAL - 2023-06-16 06:32:31 --> Undefined variable $product
in APPPATH\Controllers\ShopController.php on line 44.
 1 APPPATH\Controllers\ShopController.php(44): CodeIgniter\Debug\Exceptions->errorHandler(2, 'Undefined variable $product', 'APPPATH\\Controllers\\ShopController.php', 44)
 2 SYSTEMPATH\CodeIgniter.php(934): App\Controllers\ShopController->detail()
 3 SYSTEMPATH\CodeIgniter.php(499): CodeIgniter\CodeIgniter->runController(Object(App\Controllers\ShopController))
 4 SYSTEMPATH\CodeIgniter.php(368): CodeIgniter\CodeIgniter->handleRequest(null, Object(Config\Cache), false)
 5 FCPATH\index.php(67): CodeIgniter\CodeIgniter->run()
 6 SYSTEMPATH\Commands\Server\rewrite.php(47): require_once('FCPATH\\index.php')
CRITICAL - 2023-06-16 06:32:55 --> Undefined variable $products
in APPPATH\Views\User\Shop\detail.php on line 48.
 1 APPPATH\Views\User\Shop\detail.php(48): CodeIgniter\Debug\Exceptions->errorHandler(2, 'Undefined variable $products', 'APPPATH\\Views\\User\\Shop\\detail.php', 48)
 2 SYSTEMPATH\View\View.php(213): include('APPPATH\\Views\\User\\Shop\\detail.php')
 3 SYSTEMPATH\View\View.php(216): CodeIgniter\View\View->CodeIgniter\View\{closure}()
 4 SYSTEMPATH\Common.php(1184): CodeIgniter\View\View->render('User/Shop/detail', [], true)
 5 APPPATH\Controllers\ShopController.php(50): view('User/Shop/detail', [...])
 6 SYSTEMPATH\CodeIgniter.php(934): App\Controllers\ShopController->detail()
 7 SYSTEMPATH\CodeIgniter.php(499): CodeIgniter\CodeIgniter->runController(Object(App\Controllers\ShopController))
 8 SYSTEMPATH\CodeIgniter.php(368): CodeIgniter\CodeIgniter->handleRequest(null, Object(Config\Cache), false)
 9 FCPATH\index.php(67): CodeIgniter\CodeIgniter->run()
10 SYSTEMPATH\Commands\Server\rewrite.php(47): require_once('FCPATH\\index.php')
INFO - 2023-06-16 06:41:04 --> Session: Class initialized using 'CodeIgniter\Session\Handlers\FileHandler' driver.
INFO - 2023-06-16 06:41:04 --> Session: Class initialized using 'CodeIgniter\Session\Handlers\FileHandler' driver.
INFO - 2023-06-16 06:41:08 --> Session: Class initialized using 'CodeIgniter\Session\Handlers\FileHandler' driver.
INFO - 2023-06-16 06:41:08 --> Session: Class initialized using 'CodeIgniter\Session\Handlers\FileHandler' driver.
INFO - 2023-06-16 06:41:14 --> Session: Class initialized using 'CodeIgniter\Session\Handlers\FileHandler' driver.
INFO - 2023-06-16 06:41:16 --> Session: Class initialized using 'CodeIgniter\Session\Handlers\FileHandler' driver.
INFO - 2023-06-16 06:41:19 --> Session: Class initialized using 'CodeIgniter\Session\Handlers\FileHandler' driver.
INFO - 2023-06-16 06:41:20 --> Session: Class initialized using 'CodeIgniter\Session\Handlers\FileHandler' driver.
INFO - 2023-06-16 06:41:39 --> Session: Class initialized using 'CodeIgniter\Session\Handlers\FileHandler' driver.
INFO - 2023-06-16 06:41:39 --> Session: Class initialized using 'CodeIgniter\Session\Handlers\FileHandler' driver.
INFO - 2023-06-16 06:41:41 --> Session: Class initialized using 'CodeIgniter\Session\Handlers\FileHandler' driver.
INFO - 2023-06-16 06:41:48 --> Session: Class initialized using 'CodeIgniter\Session\Handlers\FileHandler' driver.
INFO - 2023-06-16 06:41:50 --> Session: Class initialized using 'CodeIgniter\Session\Handlers\FileHandler' driver.
CRITICAL - 2023-06-16 06:41:57 --> Undefined variable $products
in APPPATH\Views\User\Shop\detail.php on line 45.
 1 APPPATH\Views\User\Shop\detail.php(45): CodeIgniter\Debug\Exceptions->errorHandler(2, 'Undefined variable $products', 'APPPATH\\Views\\User\\Shop\\detail.php', 45)
 2 SYSTEMPATH\View\View.php(213): include('APPPATH\\Views\\User\\Shop\\detail.php')
 3 SYSTEMPATH\View\View.php(216): CodeIgniter\View\View->CodeIgniter\View\{closure}()
 4 SYSTEMPATH\Common.php(1184): CodeIgniter\View\View->render('User/Shop/detail', [], true)
 5 APPPATH\Controllers\ShopController.php(50): view('User/Shop/detail', [...])
 6 SYSTEMPATH\CodeIgniter.php(934): App\Controllers\ShopController->detail()
 7 SYSTEMPATH\CodeIgniter.php(499): CodeIgniter\CodeIgniter->runController(Object(App\Controllers\ShopController))
 8 SYSTEMPATH\CodeIgniter.php(368): CodeIgniter\CodeIgniter->handleRequest(null, Object(Config\Cache), false)
 9 FCPATH\index.php(67): CodeIgniter\CodeIgniter->run()
10 SYSTEMPATH\Commands\Server\rewrite.php(47): require_once('FCPATH\\index.php')
CRITICAL - 2023-06-16 06:42:15 --> Undefined array key "hinh_anh"
in APPPATH\Views\User\Shop\detail.php on line 50.
 1 APPPATH\Views\User\Shop\detail.php(50): CodeIgniter\Debug\Exceptions->errorHandler(2, 'Undefined array key "hinh_anh"', 'APPPATH\\Views\\User\\Shop\\detail.php', 50)
 2 SYSTEMPATH\View\View.php(213): include('APPPATH\\Views\\User\\Shop\\detail.php')
 3 SYSTEMPATH\View\View.php(216): CodeIgniter\View\View->CodeIgniter\View\{closure}()
 4 SYSTEMPATH\Common.php(1184): CodeIgniter\View\View->render('User/Shop/detail', [], true)
 5 APPPATH\Controllers\ShopController.php(50): view('User/Shop/detail', [...])
 6 SYSTEMPATH\CodeIgniter.php(934): App\Controllers\ShopController->detail()
 7 SYSTEMPATH\CodeIgniter.php(499): CodeIgniter\CodeIgniter->runController(Object(App\Controllers\ShopController))
 8 SYSTEMPATH\CodeIgniter.php(368): CodeIgniter\CodeIgniter->handleRequest(null, Object(Config\Cache), false)
 9 FCPATH\index.php(67): CodeIgniter\CodeIgniter->run()
10 SYSTEMPATH\Commands\Server\rewrite.php(47): require_once('FCPATH\\index.php')
CRITICAL - 2023-06-16 06:42:17 --> Undefined array key "hinh_anh"
in APPPATH\Views\User\Shop\detail.php on line 50.
 1 APPPATH\Views\User\Shop\detail.php(50): CodeIgniter\Debug\Exceptions->errorHandler(2, 'Undefined array key "hinh_anh"', 'APPPATH\\Views\\User\\Shop\\detail.php', 50)
 2 SYSTEMPATH\View\View.php(213): include('APPPATH\\Views\\User\\Shop\\detail.php')
 3 SYSTEMPATH\View\View.php(216): CodeIgniter\View\View->CodeIgniter\View\{closure}()
 4 SYSTEMPATH\Common.php(1184): CodeIgniter\View\View->render('User/Shop/detail', [], true)
 5 APPPATH\Controllers\ShopController.php(50): view('User/Shop/detail', [...])
 6 SYSTEMPATH\CodeIgniter.php(934): App\Controllers\ShopController->detail()
 7 SYSTEMPATH\CodeIgniter.php(499): CodeIgniter\CodeIgniter->runController(Object(App\Controllers\ShopController))
 8 SYSTEMPATH\CodeIgniter.php(368): CodeIgniter\CodeIgniter->handleRequest(null, Object(Config\Cache), false)
 9 FCPATH\index.php(67): CodeIgniter\CodeIgniter->run()
10 SYSTEMPATH\Commands\Server\rewrite.php(47): require_once('FCPATH\\index.php')
CRITICAL - 2023-06-16 07:11:44 --> Undefined array key "anh_dai_dien"
in APPPATH\Views\User\Shop\detail.php on line 48.
 1 APPPATH\Views\User\Shop\detail.php(48): CodeIgniter\Debug\Exceptions->errorHandler(2, 'Undefined array key "anh_dai_dien"', 'APPPATH\\Views\\User\\Shop\\detail.php', 48)
 2 SYSTEMPATH\View\View.php(213): include('APPPATH\\Views\\User\\Shop\\detail.php')
 3 SYSTEMPATH\View\View.php(216): CodeIgniter\View\View->CodeIgniter\View\{closure}()
 4 SYSTEMPATH\Common.php(1184): CodeIgniter\View\View->render('User/Shop/detail', [], true)
 5 APPPATH\Controllers\ShopController.php(50): view('User/Shop/detail', [...])
 6 SYSTEMPATH\CodeIgniter.php(934): App\Controllers\ShopController->detail()
 7 SYSTEMPATH\CodeIgniter.php(499): CodeIgniter\CodeIgniter->runController(Object(App\Controllers\ShopController))
 8 SYSTEMPATH\CodeIgniter.php(368): CodeIgniter\CodeIgniter->handleRequest(null, Object(Config\Cache), false)
 9 FCPATH\index.php(67): CodeIgniter\CodeIgniter->run()
10 SYSTEMPATH\Commands\Server\rewrite.php(47): require_once('FCPATH\\index.php')
CRITICAL - 2023-06-16 09:18:04 --> Undefined variable $row
in APPPATH\Views\User\Home\home.php on line 109.
 1 APPPATH\Views\User\Home\home.php(109): CodeIgniter\Debug\Exceptions->errorHandler(2, 'Undefined variable $row', 'APPPATH\\Views\\User\\Home\\home.php', 109)
 2 SYSTEMPATH\View\View.php(213): include('APPPATH\\Views\\User\\Home\\home.php')
 3 SYSTEMPATH\View\View.php(216): CodeIgniter\View\View->CodeIgniter\View\{closure}()
 4 SYSTEMPATH\Common.php(1184): CodeIgniter\View\View->render('User/Home/home', [], true)
 5 APPPATH\Controllers\Home.php(23): view('User/Home/home', [...])
 6 SYSTEMPATH\CodeIgniter.php(934): App\Controllers\Home->index()
 7 SYSTEMPATH\CodeIgniter.php(499): CodeIgniter\CodeIgniter->runController(Object(App\Controllers\Home))
 8 SYSTEMPATH\CodeIgniter.php(368): CodeIgniter\CodeIgniter->handleRequest(null, Object(Config\Cache), false)
 9 FCPATH\index.php(67): CodeIgniter\CodeIgniter->run()
10 SYSTEMPATH\Commands\Server\rewrite.php(47): require_once('FCPATH\\index.php')
CRITICAL - 2023-06-16 09:18:26 --> Undefined array key "id"
in APPPATH\Views\User\Home\home.php on line 109.
 1 APPPATH\Views\User\Home\home.php(109): CodeIgniter\Debug\Exceptions->errorHandler(2, 'Undefined array key "id"', 'APPPATH\\Views\\User\\Home\\home.php', 109)
 2 SYSTEMPATH\View\View.php(213): include('APPPATH\\Views\\User\\Home\\home.php')
 3 SYSTEMPATH\View\View.php(216): CodeIgniter\View\View->CodeIgniter\View\{closure}()
 4 SYSTEMPATH\Common.php(1184): CodeIgniter\View\View->render('User/Home/home', [], true)
 5 APPPATH\Controllers\Home.php(23): view('User/Home/home', [...])
 6 SYSTEMPATH\CodeIgniter.php(934): App\Controllers\Home->index()
 7 SYSTEMPATH\CodeIgniter.php(499): CodeIgniter\CodeIgniter->runController(Object(App\Controllers\Home))
 8 SYSTEMPATH\CodeIgniter.php(368): CodeIgniter\CodeIgniter->handleRequest(null, Object(Config\Cache), false)
 9 FCPATH\index.php(67): CodeIgniter\CodeIgniter->run()
10 SYSTEMPATH\Commands\Server\rewrite.php(47): require_once('FCPATH\\index.php')
CRITICAL - 2023-06-16 09:18:29 --> Undefined array key "id"
in APPPATH\Views\User\Home\home.php on line 109.
 1 APPPATH\Views\User\Home\home.php(109): CodeIgniter\Debug\Exceptions->errorHandler(2, 'Undefined array key "id"', 'APPPATH\\Views\\User\\Home\\home.php', 109)
 2 SYSTEMPATH\View\View.php(213): include('APPPATH\\Views\\User\\Home\\home.php')
 3 SYSTEMPATH\View\View.php(216): CodeIgniter\View\View->CodeIgniter\View\{closure}()
 4 SYSTEMPATH\Common.php(1184): CodeIgniter\View\View->render('User/Home/home', [], true)
 5 APPPATH\Controllers\Home.php(23): view('User/Home/home', [...])
 6 SYSTEMPATH\CodeIgniter.php(934): App\Controllers\Home->index()
 7 SYSTEMPATH\CodeIgniter.php(499): CodeIgniter\CodeIgniter->runController(Object(App\Controllers\Home))
 8 SYSTEMPATH\CodeIgniter.php(368): CodeIgniter\CodeIgniter->handleRequest(null, Object(Config\Cache), false)
 9 FCPATH\index.php(67): CodeIgniter\CodeIgniter->run()
10 SYSTEMPATH\Commands\Server\rewrite.php(47): require_once('FCPATH\\index.php')
CRITICAL - 2023-06-16 09:39:06 --> Undefined array key "id"
in APPPATH\Views\User\Shop\detail.php on line 45.
 1 APPPATH\Views\User\Shop\detail.php(45): CodeIgniter\Debug\Exceptions->errorHandler(2, 'Undefined array key "id"', 'APPPATH\\Views\\User\\Shop\\detail.php', 45)
 2 SYSTEMPATH\View\View.php(213): include('APPPATH\\Views\\User\\Shop\\detail.php')
 3 SYSTEMPATH\View\View.php(216): CodeIgniter\View\View->CodeIgniter\View\{closure}()
 4 SYSTEMPATH\Common.php(1184): CodeIgniter\View\View->render('User/Shop/detail', [], true)
 5 APPPATH\Controllers\ShopController.php(50): view('User/Shop/detail', [...])
 6 SYSTEMPATH\CodeIgniter.php(934): App\Controllers\ShopController->detail()
 7 SYSTEMPATH\CodeIgniter.php(499): CodeIgniter\CodeIgniter->runController(Object(App\Controllers\ShopController))
 8 SYSTEMPATH\CodeIgniter.php(368): CodeIgniter\CodeIgniter->handleRequest(null, Object(Config\Cache), false)
 9 FCPATH\index.php(67): CodeIgniter\CodeIgniter->run()
10 SYSTEMPATH\Commands\Server\rewrite.php(47): require_once('FCPATH\\index.php')
INFO - 2023-06-16 11:21:18 --> Session: Class initialized using 'CodeIgniter\Session\Handlers\FileHandler' driver.
INFO - 2023-06-16 11:21:47 --> Session: Class initialized using 'CodeIgniter\Session\Handlers\FileHandler' driver.
INFO - 2023-06-16 11:21:48 --> Session: Class initialized using 'CodeIgniter\Session\Handlers\FileHandler' driver.
INFO - 2023-06-16 11:21:54 --> Session: Class initialized using 'CodeIgniter\Session\Handlers\FileHandler' driver.
CRITICAL - 2023-06-16 11:28:57 --> Undefined variable $products
in APPPATH\Views\User\Shop\detail.php on line 161.
 1 APPPATH\Views\User\Shop\detail.php(161): CodeIgniter\Debug\Exceptions->errorHandler(2, 'Undefined variable $products', 'APPPATH\\Views\\User\\Shop\\detail.php', 161)
 2 SYSTEMPATH\View\View.php(213): include('APPPATH\\Views\\User\\Shop\\detail.php')
 3 SYSTEMPATH\View\View.php(216): CodeIgniter\View\View->CodeIgniter\View\{closure}()
 4 SYSTEMPATH\Common.php(1184): CodeIgniter\View\View->render('User/Shop/detail', [], true)
 5 APPPATH\Controllers\ShopController.php(50): view('User/Shop/detail', [...])
 6 SYSTEMPATH\CodeIgniter.php(934): App\Controllers\ShopController->detail()
 7 SYSTEMPATH\CodeIgniter.php(499): CodeIgniter\CodeIgniter->runController(Object(App\Controllers\ShopController))
 8 SYSTEMPATH\CodeIgniter.php(368): CodeIgniter\CodeIgniter->handleRequest(null, Object(Config\Cache), false)
 9 FCPATH\index.php(67): CodeIgniter\CodeIgniter->run()
10 SYSTEMPATH\Commands\Server\rewrite.php(47): require_once('FCPATH\\index.php')
CRITICAL - 2023-06-16 11:29:09 --> Undefined array key "name"
in APPPATH\Views\User\Shop\detail.php on line 161.
 1 APPPATH\Views\User\Shop\detail.php(161): CodeIgniter\Debug\Exceptions->errorHandler(2, 'Undefined array key "name"', 'APPPATH\\Views\\User\\Shop\\detail.php', 161)
 2 SYSTEMPATH\View\View.php(213): include('APPPATH\\Views\\User\\Shop\\detail.php')
 3 SYSTEMPATH\View\View.php(216): CodeIgniter\View\View->CodeIgniter\View\{closure}()
 4 SYSTEMPATH\Common.php(1184): CodeIgniter\View\View->render('User/Shop/detail', [], true)
 5 APPPATH\Controllers\ShopController.php(50): view('User/Shop/detail', [...])
 6 SYSTEMPATH\CodeIgniter.php(934): App\Controllers\ShopController->detail()
 7 SYSTEMPATH\CodeIgniter.php(499): CodeIgniter\CodeIgniter->runController(Object(App\Controllers\ShopController))
 8 SYSTEMPATH\CodeIgniter.php(368): CodeIgniter\CodeIgniter->handleRequest(null, Object(Config\Cache), false)
 9 FCPATH\index.php(67): CodeIgniter\CodeIgniter->run()
10 SYSTEMPATH\Commands\Server\rewrite.php(47): require_once('FCPATH\\index.php')
CRITICAL - 2023-06-16 11:30:10 --> Cannot access offset of type string on string
in APPPATH\Controllers\ShopController.php on line 40.
 1 SYSTEMPATH\CodeIgniter.php(934): App\Controllers\ShopController->detail()
 2 SYSTEMPATH\CodeIgniter.php(499): CodeIgniter\CodeIgniter->runController(Object(App\Controllers\ShopController))
 3 SYSTEMPATH\CodeIgniter.php(368): CodeIgniter\CodeIgniter->handleRequest(null, Object(Config\Cache), false)
 4 FCPATH\index.php(67): CodeIgniter\CodeIgniter->run()
 5 SYSTEMPATH\Commands\Server\rewrite.php(47): require_once('FCPATH\\index.php')
CRITICAL - 2023-06-16 11:31:37 --> Cannot access offset of type string on string
in APPPATH\Controllers\ShopController.php on line 41.
 1 SYSTEMPATH\CodeIgniter.php(934): App\Controllers\ShopController->detail()
 2 SYSTEMPATH\CodeIgniter.php(499): CodeIgniter\CodeIgniter->runController(Object(App\Controllers\ShopController))
 3 SYSTEMPATH\CodeIgniter.php(368): CodeIgniter\CodeIgniter->handleRequest(null, Object(Config\Cache), false)
 4 FCPATH\index.php(67): CodeIgniter\CodeIgniter->run()
 5 SYSTEMPATH\Commands\Server\rewrite.php(47): require_once('FCPATH\\index.php')
CRITICAL - 2023-06-16 11:31:38 --> Cannot access offset of type string on string
in APPPATH\Controllers\ShopController.php on line 41.
 1 SYSTEMPATH\CodeIgniter.php(934): App\Controllers\ShopController->detail()
 2 SYSTEMPATH\CodeIgniter.php(499): CodeIgniter\CodeIgniter->runController(Object(App\Controllers\ShopController))
 3 SYSTEMPATH\CodeIgniter.php(368): CodeIgniter\CodeIgniter->handleRequest(null, Object(Config\Cache), false)
 4 FCPATH\index.php(67): CodeIgniter\CodeIgniter->run()
 5 SYSTEMPATH\Commands\Server\rewrite.php(47): require_once('FCPATH\\index.php')
CRITICAL - 2023-06-16 11:31:38 --> Cannot access offset of type string on string
in APPPATH\Controllers\ShopController.php on line 41.
 1 SYSTEMPATH\CodeIgniter.php(934): App\Controllers\ShopController->detail()
 2 SYSTEMPATH\CodeIgniter.php(499): CodeIgniter\CodeIgniter->runController(Object(App\Controllers\ShopController))
 3 SYSTEMPATH\CodeIgniter.php(368): CodeIgniter\CodeIgniter->handleRequest(null, Object(Config\Cache), false)
 4 FCPATH\index.php(67): CodeIgniter\CodeIgniter->run()
 5 SYSTEMPATH\Commands\Server\rewrite.php(47): require_once('FCPATH\\index.php')
CRITICAL - 2023-06-16 11:31:39 --> Cannot access offset of type string on string
in APPPATH\Controllers\ShopController.php on line 41.
 1 SYSTEMPATH\CodeIgniter.php(934): App\Controllers\ShopController->detail()
 2 SYSTEMPATH\CodeIgniter.php(499): CodeIgniter\CodeIgniter->runController(Object(App\Controllers\ShopController))
 3 SYSTEMPATH\CodeIgniter.php(368): CodeIgniter\CodeIgniter->handleRequest(null, Object(Config\Cache), false)
 4 FCPATH\index.php(67): CodeIgniter\CodeIgniter->run()
 5 SYSTEMPATH\Commands\Server\rewrite.php(47): require_once('FCPATH\\index.php')
CRITICAL - 2023-06-16 11:32:01 --> Cannot access offset of type string on string
in APPPATH\Controllers\ShopController.php on line 41.
 1 SYSTEMPATH\CodeIgniter.php(934): App\Controllers\ShopController->detail()
 2 SYSTEMPATH\CodeIgniter.php(499): CodeIgniter\CodeIgniter->runController(Object(App\Controllers\ShopController))
 3 SYSTEMPATH\CodeIgniter.php(368): CodeIgniter\CodeIgniter->handleRequest(null, Object(Config\Cache), false)
 4 FCPATH\index.php(67): CodeIgniter\CodeIgniter->run()
 5 SYSTEMPATH\Commands\Server\rewrite.php(47): require_once('FCPATH\\index.php')
CRITICAL - 2023-06-16 11:32:52 --> Undefined array key "name"
in APPPATH\Views\User\Shop\detail.php on line 161.
 1 APPPATH\Views\User\Shop\detail.php(161): CodeIgniter\Debug\Exceptions->errorHandler(2, 'Undefined array key "name"', 'APPPATH\\Views\\User\\Shop\\detail.php', 161)
 2 SYSTEMPATH\View\View.php(213): include('APPPATH\\Views\\User\\Shop\\detail.php')
 3 SYSTEMPATH\View\View.php(216): CodeIgniter\View\View->CodeIgniter\View\{closure}()
 4 SYSTEMPATH\Common.php(1184): CodeIgniter\View\View->render('User/Shop/detail', [], true)
 5 APPPATH\Controllers\ShopController.php(51): view('User/Shop/detail', [...])
 6 SYSTEMPATH\CodeIgniter.php(934): App\Controllers\ShopController->detail()
 7 SYSTEMPATH\CodeIgniter.php(499): CodeIgniter\CodeIgniter->runController(Object(App\Controllers\ShopController))
 8 SYSTEMPATH\CodeIgniter.php(368): CodeIgniter\CodeIgniter->handleRequest(null, Object(Config\Cache), false)
 9 FCPATH\index.php(67): CodeIgniter\CodeIgniter->run()
10 SYSTEMPATH\Commands\Server\rewrite.php(47): require_once('FCPATH\\index.php')
CRITICAL - 2023-06-16 11:33:15 --> Undefined variable $post
in APPPATH\Controllers\ShopController.php on line 27.
 1 APPPATH\Controllers\ShopController.php(27): CodeIgniter\Debug\Exceptions->errorHandler(2, 'Undefined variable $post', 'APPPATH\\Controllers\\ShopController.php', 27)
 2 APPPATH\Controllers\ShopController.php(16): App\Controllers\ShopController->product()
 3 SYSTEMPATH\CodeIgniter.php(934): App\Controllers\ShopController->index()
 4 SYSTEMPATH\CodeIgniter.php(499): CodeIgniter\CodeIgniter->runController(Object(App\Controllers\ShopController))
 5 SYSTEMPATH\CodeIgniter.php(368): CodeIgniter\CodeIgniter->handleRequest(null, Object(Config\Cache), false)
 6 FCPATH\index.php(67): CodeIgniter\CodeIgniter->run()
 7 SYSTEMPATH\Commands\Server\rewrite.php(47): require_once('FCPATH\\index.php')
CRITICAL - 2023-06-16 11:33:15 --> Undefined variable $post
in APPPATH\Controllers\ShopController.php on line 27.
 1 APPPATH\Controllers\ShopController.php(27): CodeIgniter\Debug\Exceptions->errorHandler(2, 'Undefined variable $post', 'APPPATH\\Controllers\\ShopController.php', 27)
 2 APPPATH\Controllers\ShopController.php(16): App\Controllers\ShopController->product()
 3 SYSTEMPATH\CodeIgniter.php(934): App\Controllers\ShopController->index()
 4 SYSTEMPATH\CodeIgniter.php(499): CodeIgniter\CodeIgniter->runController(Object(App\Controllers\ShopController))
 5 SYSTEMPATH\CodeIgniter.php(368): CodeIgniter\CodeIgniter->handleRequest(null, Object(Config\Cache), false)
 6 FCPATH\index.php(67): CodeIgniter\CodeIgniter->run()
 7 SYSTEMPATH\Commands\Server\rewrite.php(47): require_once('FCPATH\\index.php')
CRITICAL - 2023-06-16 11:33:15 --> Undefined variable $post
in APPPATH\Controllers\ShopController.php on line 27.
 1 APPPATH\Controllers\ShopController.php(27): CodeIgniter\Debug\Exceptions->errorHandler(2, 'Undefined variable $post', 'APPPATH\\Controllers\\ShopController.php', 27)
 2 APPPATH\Controllers\ShopController.php(16): App\Controllers\ShopController->product()
 3 SYSTEMPATH\CodeIgniter.php(934): App\Controllers\ShopController->index()
 4 SYSTEMPATH\CodeIgniter.php(499): CodeIgniter\CodeIgniter->runController(Object(App\Controllers\ShopController))
 5 SYSTEMPATH\CodeIgniter.php(368): CodeIgniter\CodeIgniter->handleRequest(null, Object(Config\Cache), false)
 6 FCPATH\index.php(67): CodeIgniter\CodeIgniter->run()
 7 SYSTEMPATH\Commands\Server\rewrite.php(47): require_once('FCPATH\\index.php')
CRITICAL - 2023-06-16 11:33:15 --> Undefined variable $post
in APPPATH\Controllers\ShopController.php on line 27.
 1 APPPATH\Controllers\ShopController.php(27): CodeIgniter\Debug\Exceptions->errorHandler(2, 'Undefined variable $post', 'APPPATH\\Controllers\\ShopController.php', 27)
 2 APPPATH\Controllers\ShopController.php(16): App\Controllers\ShopController->product()
 3 SYSTEMPATH\CodeIgniter.php(934): App\Controllers\ShopController->index()
 4 SYSTEMPATH\CodeIgniter.php(499): CodeIgniter\CodeIgniter->runController(Object(App\Controllers\ShopController))
 5 SYSTEMPATH\CodeIgniter.php(368): CodeIgniter\CodeIgniter->handleRequest(null, Object(Config\Cache), false)
 6 FCPATH\index.php(67): CodeIgniter\CodeIgniter->run()
 7 SYSTEMPATH\Commands\Server\rewrite.php(47): require_once('FCPATH\\index.php')
CRITICAL - 2023-06-16 11:33:15 --> Undefined variable $post
in APPPATH\Controllers\ShopController.php on line 27.
 1 APPPATH\Controllers\ShopController.php(27): CodeIgniter\Debug\Exceptions->errorHandler(2, 'Undefined variable $post', 'APPPATH\\Controllers\\ShopController.php', 27)
 2 APPPATH\Controllers\ShopController.php(16): App\Controllers\ShopController->product()
 3 SYSTEMPATH\CodeIgniter.php(934): App\Controllers\ShopController->index()
 4 SYSTEMPATH\CodeIgniter.php(499): CodeIgniter\CodeIgniter->runController(Object(App\Controllers\ShopController))
 5 SYSTEMPATH\CodeIgniter.php(368): CodeIgniter\CodeIgniter->handleRequest(null, Object(Config\Cache), false)
 6 FCPATH\index.php(67): CodeIgniter\CodeIgniter->run()
 7 SYSTEMPATH\Commands\Server\rewrite.php(47): require_once('FCPATH\\index.php')
CRITICAL - 2023-06-16 11:33:15 --> Undefined variable $post
in APPPATH\Controllers\ShopController.php on line 27.
 1 APPPATH\Controllers\ShopController.php(27): CodeIgniter\Debug\Exceptions->errorHandler(2, 'Undefined variable $post', 'APPPATH\\Controllers\\ShopController.php', 27)
 2 APPPATH\Controllers\ShopController.php(16): App\Controllers\ShopController->product()
 3 SYSTEMPATH\CodeIgniter.php(934): App\Controllers\ShopController->index()
 4 SYSTEMPATH\CodeIgniter.php(499): CodeIgniter\CodeIgniter->runController(Object(App\Controllers\ShopController))
 5 SYSTEMPATH\CodeIgniter.php(368): CodeIgniter\CodeIgniter->handleRequest(null, Object(Config\Cache), false)
 6 FCPATH\index.php(67): CodeIgniter\CodeIgniter->run()
 7 SYSTEMPATH\Commands\Server\rewrite.php(47): require_once('FCPATH\\index.php')
CRITICAL - 2023-06-16 11:33:15 --> Undefined variable $post
in APPPATH\Controllers\ShopController.php on line 27.
 1 APPPATH\Controllers\ShopController.php(27): CodeIgniter\Debug\Exceptions->errorHandler(2, 'Undefined variable $post', 'APPPATH\\Controllers\\ShopController.php', 27)
 2 APPPATH\Controllers\ShopController.php(16): App\Controllers\ShopController->product()
 3 SYSTEMPATH\CodeIgniter.php(934): App\Controllers\ShopController->index()
 4 SYSTEMPATH\CodeIgniter.php(499): CodeIgniter\CodeIgniter->runController(Object(App\Controllers\ShopController))
 5 SYSTEMPATH\CodeIgniter.php(368): CodeIgniter\CodeIgniter->handleRequest(null, Object(Config\Cache), false)
 6 FCPATH\index.php(67): CodeIgniter\CodeIgniter->run()
 7 SYSTEMPATH\Commands\Server\rewrite.php(47): require_once('FCPATH\\index.php')
CRITICAL - 2023-06-16 11:33:16 --> Undefined variable $post
in APPPATH\Controllers\ShopController.php on line 27.
 1 APPPATH\Controllers\ShopController.php(27): CodeIgniter\Debug\Exceptions->errorHandler(2, 'Undefined variable $post', 'APPPATH\\Controllers\\ShopController.php', 27)
 2 APPPATH\Controllers\ShopController.php(16): App\Controllers\ShopController->product()
 3 SYSTEMPATH\CodeIgniter.php(934): App\Controllers\ShopController->index()
 4 SYSTEMPATH\CodeIgniter.php(499): CodeIgniter\CodeIgniter->runController(Object(App\Controllers\ShopController))
 5 SYSTEMPATH\CodeIgniter.php(368): CodeIgniter\CodeIgniter->handleRequest(null, Object(Config\Cache), false)
 6 FCPATH\index.php(67): CodeIgniter\CodeIgniter->run()
 7 SYSTEMPATH\Commands\Server\rewrite.php(47): require_once('FCPATH\\index.php')
CRITICAL - 2023-06-16 11:33:16 --> Undefined variable $post
in APPPATH\Controllers\ShopController.php on line 27.
 1 APPPATH\Controllers\ShopController.php(27): CodeIgniter\Debug\Exceptions->errorHandler(2, 'Undefined variable $post', 'APPPATH\\Controllers\\ShopController.php', 27)
 2 APPPATH\Controllers\ShopController.php(16): App\Controllers\ShopController->product()
 3 SYSTEMPATH\CodeIgniter.php(934): App\Controllers\ShopController->index()
 4 SYSTEMPATH\CodeIgniter.php(499): CodeIgniter\CodeIgniter->runController(Object(App\Controllers\ShopController))
 5 SYSTEMPATH\CodeIgniter.php(368): CodeIgniter\CodeIgniter->handleRequest(null, Object(Config\Cache), false)
 6 FCPATH\index.php(67): CodeIgniter\CodeIgniter->run()
 7 SYSTEMPATH\Commands\Server\rewrite.php(47): require_once('FCPATH\\index.php')
CRITICAL - 2023-06-16 11:33:16 --> Undefined variable $post
in APPPATH\Controllers\ShopController.php on line 27.
 1 APPPATH\Controllers\ShopController.php(27): CodeIgniter\Debug\Exceptions->errorHandler(2, 'Undefined variable $post', 'APPPATH\\Controllers\\ShopController.php', 27)
 2 APPPATH\Controllers\ShopController.php(16): App\Controllers\ShopController->product()
 3 SYSTEMPATH\CodeIgniter.php(934): App\Controllers\ShopController->index()
 4 SYSTEMPATH\CodeIgniter.php(499): CodeIgniter\CodeIgniter->runController(Object(App\Controllers\ShopController))
 5 SYSTEMPATH\CodeIgniter.php(368): CodeIgniter\CodeIgniter->handleRequest(null, Object(Config\Cache), false)
 6 FCPATH\index.php(67): CodeIgniter\CodeIgniter->run()
 7 SYSTEMPATH\Commands\Server\rewrite.php(47): require_once('FCPATH\\index.php')
CRITICAL - 2023-06-16 11:33:16 --> Undefined variable $post
in APPPATH\Controllers\ShopController.php on line 27.
 1 APPPATH\Controllers\ShopController.php(27): CodeIgniter\Debug\Exceptions->errorHandler(2, 'Undefined variable $post', 'APPPATH\\Controllers\\ShopController.php', 27)
 2 APPPATH\Controllers\ShopController.php(16): App\Controllers\ShopController->product()
 3 SYSTEMPATH\CodeIgniter.php(934): App\Controllers\ShopController->index()
 4 SYSTEMPATH\CodeIgniter.php(499): CodeIgniter\CodeIgniter->runController(Object(App\Controllers\ShopController))
 5 SYSTEMPATH\CodeIgniter.php(368): CodeIgniter\CodeIgniter->handleRequest(null, Object(Config\Cache), false)
 6 FCPATH\index.php(67): CodeIgniter\CodeIgniter->run()
 7 SYSTEMPATH\Commands\Server\rewrite.php(47): require_once('FCPATH\\index.php')
CRITICAL - 2023-06-16 11:33:16 --> Undefined variable $post
in APPPATH\Controllers\ShopController.php on line 27.
 1 APPPATH\Controllers\ShopController.php(27): CodeIgniter\Debug\Exceptions->errorHandler(2, 'Undefined variable $post', 'APPPATH\\Controllers\\ShopController.php', 27)
 2 APPPATH\Controllers\ShopController.php(16): App\Controllers\ShopController->product()
 3 SYSTEMPATH\CodeIgniter.php(934): App\Controllers\ShopController->index()
 4 SYSTEMPATH\CodeIgniter.php(499): CodeIgniter\CodeIgniter->runController(Object(App\Controllers\ShopController))
 5 SYSTEMPATH\CodeIgniter.php(368): CodeIgniter\CodeIgniter->handleRequest(null, Object(Config\Cache), false)
 6 FCPATH\index.php(67): CodeIgniter\CodeIgniter->run()
 7 SYSTEMPATH\Commands\Server\rewrite.php(47): require_once('FCPATH\\index.php')
CRITICAL - 2023-06-16 11:33:16 --> Undefined variable $post
in APPPATH\Controllers\ShopController.php on line 27.
 1 APPPATH\Controllers\ShopController.php(27): CodeIgniter\Debug\Exceptions->errorHandler(2, 'Undefined variable $post', 'APPPATH\\Controllers\\ShopController.php', 27)
 2 APPPATH\Controllers\ShopController.php(16): App\Controllers\ShopController->product()
 3 SYSTEMPATH\CodeIgniter.php(934): App\Controllers\ShopController->index()
 4 SYSTEMPATH\CodeIgniter.php(499): CodeIgniter\CodeIgniter->runController(Object(App\Controllers\ShopController))
 5 SYSTEMPATH\CodeIgniter.php(368): CodeIgniter\CodeIgniter->handleRequest(null, Object(Config\Cache), false)
 6 FCPATH\index.php(67): CodeIgniter\CodeIgniter->run()
 7 SYSTEMPATH\Commands\Server\rewrite.php(47): require_once('FCPATH\\index.php')
CRITICAL - 2023-06-16 11:33:16 --> Undefined variable $post
in APPPATH\Controllers\ShopController.php on line 27.
 1 APPPATH\Controllers\ShopController.php(27): CodeIgniter\Debug\Exceptions->errorHandler(2, 'Undefined variable $post', 'APPPATH\\Controllers\\ShopController.php', 27)
 2 APPPATH\Controllers\ShopController.php(16): App\Controllers\ShopController->product()
 3 SYSTEMPATH\CodeIgniter.php(934): App\Controllers\ShopController->index()
 4 SYSTEMPATH\CodeIgniter.php(499): CodeIgniter\CodeIgniter->runController(Object(App\Controllers\ShopController))
 5 SYSTEMPATH\CodeIgniter.php(368): CodeIgniter\CodeIgniter->handleRequest(null, Object(Config\Cache), false)
 6 FCPATH\index.php(67): CodeIgniter\CodeIgniter->run()
 7 SYSTEMPATH\Commands\Server\rewrite.php(47): require_once('FCPATH\\index.php')
CRITICAL - 2023-06-16 11:33:16 --> Undefined variable $post
in APPPATH\Controllers\ShopController.php on line 27.
 1 APPPATH\Controllers\ShopController.php(27): CodeIgniter\Debug\Exceptions->errorHandler(2, 'Undefined variable $post', 'APPPATH\\Controllers\\ShopController.php', 27)
 2 APPPATH\Controllers\ShopController.php(16): App\Controllers\ShopController->product()
 3 SYSTEMPATH\CodeIgniter.php(934): App\Controllers\ShopController->index()
 4 SYSTEMPATH\CodeIgniter.php(499): CodeIgniter\CodeIgniter->runController(Object(App\Controllers\ShopController))
 5 SYSTEMPATH\CodeIgniter.php(368): CodeIgniter\CodeIgniter->handleRequest(null, Object(Config\Cache), false)
 6 FCPATH\index.php(67): CodeIgniter\CodeIgniter->run()
 7 SYSTEMPATH\Commands\Server\rewrite.php(47): require_once('FCPATH\\index.php')
CRITICAL - 2023-06-16 11:33:16 --> Undefined variable $post
in APPPATH\Controllers\ShopController.php on line 27.
 1 APPPATH\Controllers\ShopController.php(27): CodeIgniter\Debug\Exceptions->errorHandler(2, 'Undefined variable $post', 'APPPATH\\Controllers\\ShopController.php', 27)
 2 APPPATH\Controllers\ShopController.php(16): App\Controllers\ShopController->product()
 3 SYSTEMPATH\CodeIgniter.php(934): App\Controllers\ShopController->index()
 4 SYSTEMPATH\CodeIgniter.php(499): CodeIgniter\CodeIgniter->runController(Object(App\Controllers\ShopController))
 5 SYSTEMPATH\CodeIgniter.php(368): CodeIgniter\CodeIgniter->handleRequest(null, Object(Config\Cache), false)
 6 FCPATH\index.php(67): CodeIgniter\CodeIgniter->run()
 7 SYSTEMPATH\Commands\Server\rewrite.php(47): require_once('FCPATH\\index.php')
CRITICAL - 2023-06-16 11:33:16 --> Undefined variable $post
in APPPATH\Controllers\ShopController.php on line 27.
 1 APPPATH\Controllers\ShopController.php(27): CodeIgniter\Debug\Exceptions->errorHandler(2, 'Undefined variable $post', 'APPPATH\\Controllers\\ShopController.php', 27)
 2 APPPATH\Controllers\ShopController.php(16): App\Controllers\ShopController->product()
 3 SYSTEMPATH\CodeIgniter.php(934): App\Controllers\ShopController->index()
 4 SYSTEMPATH\CodeIgniter.php(499): CodeIgniter\CodeIgniter->runController(Object(App\Controllers\ShopController))
 5 SYSTEMPATH\CodeIgniter.php(368): CodeIgniter\CodeIgniter->handleRequest(null, Object(Config\Cache), false)
 6 FCPATH\index.php(67): CodeIgniter\CodeIgniter->run()
 7 SYSTEMPATH\Commands\Server\rewrite.php(47): require_once('FCPATH\\index.php')
CRITICAL - 2023-06-16 11:33:16 --> Undefined variable $post
in APPPATH\Controllers\ShopController.php on line 27.
 1 APPPATH\Controllers\ShopController.php(27): CodeIgniter\Debug\Exceptions->errorHandler(2, 'Undefined variable $post', 'APPPATH\\Controllers\\ShopController.php', 27)
 2 APPPATH\Controllers\ShopController.php(16): App\Controllers\ShopController->product()
 3 SYSTEMPATH\CodeIgniter.php(934): App\Controllers\ShopController->index()
 4 SYSTEMPATH\CodeIgniter.php(499): CodeIgniter\CodeIgniter->runController(Object(App\Controllers\ShopController))
 5 SYSTEMPATH\CodeIgniter.php(368): CodeIgniter\CodeIgniter->handleRequest(null, Object(Config\Cache), false)
 6 FCPATH\index.php(67): CodeIgniter\CodeIgniter->run()
 7 SYSTEMPATH\Commands\Server\rewrite.php(47): require_once('FCPATH\\index.php')
CRITICAL - 2023-06-16 11:33:17 --> Undefined variable $post
in APPPATH\Controllers\ShopController.php on line 27.
 1 APPPATH\Controllers\ShopController.php(27): CodeIgniter\Debug\Exceptions->errorHandler(2, 'Undefined variable $post', 'APPPATH\\Controllers\\ShopController.php', 27)
 2 APPPATH\Controllers\ShopController.php(16): App\Controllers\ShopController->product()
 3 SYSTEMPATH\CodeIgniter.php(934): App\Controllers\ShopController->index()
 4 SYSTEMPATH\CodeIgniter.php(499): CodeIgniter\CodeIgniter->runController(Object(App\Controllers\ShopController))
 5 SYSTEMPATH\CodeIgniter.php(368): CodeIgniter\CodeIgniter->handleRequest(null, Object(Config\Cache), false)
 6 FCPATH\index.php(67): CodeIgniter\CodeIgniter->run()
 7 SYSTEMPATH\Commands\Server\rewrite.php(47): require_once('FCPATH\\index.php')
CRITICAL - 2023-06-16 11:33:17 --> Undefined variable $post
in APPPATH\Controllers\ShopController.php on line 27.
 1 APPPATH\Controllers\ShopController.php(27): CodeIgniter\Debug\Exceptions->errorHandler(2, 'Undefined variable $post', 'APPPATH\\Controllers\\ShopController.php', 27)
 2 APPPATH\Controllers\ShopController.php(16): App\Controllers\ShopController->product()
 3 SYSTEMPATH\CodeIgniter.php(934): App\Controllers\ShopController->index()
 4 SYSTEMPATH\CodeIgniter.php(499): CodeIgniter\CodeIgniter->runController(Object(App\Controllers\ShopController))
 5 SYSTEMPATH\CodeIgniter.php(368): CodeIgniter\CodeIgniter->handleRequest(null, Object(Config\Cache), false)
 6 FCPATH\index.php(67): CodeIgniter\CodeIgniter->run()
 7 SYSTEMPATH\Commands\Server\rewrite.php(47): require_once('FCPATH\\index.php')
CRITICAL - 2023-06-16 11:33:17 --> Undefined variable $post
in APPPATH\Controllers\ShopController.php on line 27.
 1 APPPATH\Controllers\ShopController.php(27): CodeIgniter\Debug\Exceptions->errorHandler(2, 'Undefined variable $post', 'APPPATH\\Controllers\\ShopController.php', 27)
 2 APPPATH\Controllers\ShopController.php(16): App\Controllers\ShopController->product()
 3 SYSTEMPATH\CodeIgniter.php(934): App\Controllers\ShopController->index()
 4 SYSTEMPATH\CodeIgniter.php(499): CodeIgniter\CodeIgniter->runController(Object(App\Controllers\ShopController))
 5 SYSTEMPATH\CodeIgniter.php(368): CodeIgniter\CodeIgniter->handleRequest(null, Object(Config\Cache), false)
 6 FCPATH\index.php(67): CodeIgniter\CodeIgniter->run()
 7 SYSTEMPATH\Commands\Server\rewrite.php(47): require_once('FCPATH\\index.php')
CRITICAL - 2023-06-16 11:33:17 --> Undefined variable $post
in APPPATH\Controllers\ShopController.php on line 27.
 1 APPPATH\Controllers\ShopController.php(27): CodeIgniter\Debug\Exceptions->errorHandler(2, 'Undefined variable $post', 'APPPATH\\Controllers\\ShopController.php', 27)
 2 APPPATH\Controllers\ShopController.php(16): App\Controllers\ShopController->product()
 3 SYSTEMPATH\CodeIgniter.php(934): App\Controllers\ShopController->index()
 4 SYSTEMPATH\CodeIgniter.php(499): CodeIgniter\CodeIgniter->runController(Object(App\Controllers\ShopController))
 5 SYSTEMPATH\CodeIgniter.php(368): CodeIgniter\CodeIgniter->handleRequest(null, Object(Config\Cache), false)
 6 FCPATH\index.php(67): CodeIgniter\CodeIgniter->run()
 7 SYSTEMPATH\Commands\Server\rewrite.php(47): require_once('FCPATH\\index.php')
CRITICAL - 2023-06-16 11:33:17 --> Undefined variable $post
in APPPATH\Controllers\ShopController.php on line 27.
 1 APPPATH\Controllers\ShopController.php(27): CodeIgniter\Debug\Exceptions->errorHandler(2, 'Undefined variable $post', 'APPPATH\\Controllers\\ShopController.php', 27)
 2 APPPATH\Controllers\ShopController.php(16): App\Controllers\ShopController->product()
 3 SYSTEMPATH\CodeIgniter.php(934): App\Controllers\ShopController->index()
 4 SYSTEMPATH\CodeIgniter.php(499): CodeIgniter\CodeIgniter->runController(Object(App\Controllers\ShopController))
 5 SYSTEMPATH\CodeIgniter.php(368): CodeIgniter\CodeIgniter->handleRequest(null, Object(Config\Cache), false)
 6 FCPATH\index.php(67): CodeIgniter\CodeIgniter->run()
 7 SYSTEMPATH\Commands\Server\rewrite.php(47): require_once('FCPATH\\index.php')
CRITICAL - 2023-06-16 11:33:17 --> Undefined variable $post
in APPPATH\Controllers\ShopController.php on line 27.
 1 APPPATH\Controllers\ShopController.php(27): CodeIgniter\Debug\Exceptions->errorHandler(2, 'Undefined variable $post', 'APPPATH\\Controllers\\ShopController.php', 27)
 2 APPPATH\Controllers\ShopController.php(16): App\Controllers\ShopController->product()
 3 SYSTEMPATH\CodeIgniter.php(934): App\Controllers\ShopController->index()
 4 SYSTEMPATH\CodeIgniter.php(499): CodeIgniter\CodeIgniter->runController(Object(App\Controllers\ShopController))
 5 SYSTEMPATH\CodeIgniter.php(368): CodeIgniter\CodeIgniter->handleRequest(null, Object(Config\Cache), false)
 6 FCPATH\index.php(67): CodeIgniter\CodeIgniter->run()
 7 SYSTEMPATH\Commands\Server\rewrite.php(47): require_once('FCPATH\\index.php')
CRITICAL - 2023-06-16 11:33:17 --> Undefined variable $post
in APPPATH\Controllers\ShopController.php on line 27.
 1 APPPATH\Controllers\ShopController.php(27): CodeIgniter\Debug\Exceptions->errorHandler(2, 'Undefined variable $post', 'APPPATH\\Controllers\\ShopController.php', 27)
 2 APPPATH\Controllers\ShopController.php(16): App\Controllers\ShopController->product()
 3 SYSTEMPATH\CodeIgniter.php(934): App\Controllers\ShopController->index()
 4 SYSTEMPATH\CodeIgniter.php(499): CodeIgniter\CodeIgniter->runController(Object(App\Controllers\ShopController))
 5 SYSTEMPATH\CodeIgniter.php(368): CodeIgniter\CodeIgniter->handleRequest(null, Object(Config\Cache), false)
 6 FCPATH\index.php(67): CodeIgniter\CodeIgniter->run()
 7 SYSTEMPATH\Commands\Server\rewrite.php(47): require_once('FCPATH\\index.php')
CRITICAL - 2023-06-16 11:33:17 --> Undefined variable $post
in APPPATH\Controllers\ShopController.php on line 27.
 1 APPPATH\Controllers\ShopController.php(27): CodeIgniter\Debug\Exceptions->errorHandler(2, 'Undefined variable $post', 'APPPATH\\Controllers\\ShopController.php', 27)
 2 APPPATH\Controllers\ShopController.php(16): App\Controllers\ShopController->product()
 3 SYSTEMPATH\CodeIgniter.php(934): App\Controllers\ShopController->index()
 4 SYSTEMPATH\CodeIgniter.php(499): CodeIgniter\CodeIgniter->runController(Object(App\Controllers\ShopController))
 5 SYSTEMPATH\CodeIgniter.php(368): CodeIgniter\CodeIgniter->handleRequest(null, Object(Config\Cache), false)
 6 FCPATH\index.php(67): CodeIgniter\CodeIgniter->run()
 7 SYSTEMPATH\Commands\Server\rewrite.php(47): require_once('FCPATH\\index.php')
CRITICAL - 2023-06-16 11:33:17 --> Undefined variable $post
in APPPATH\Controllers\ShopController.php on line 27.
 1 APPPATH\Controllers\ShopController.php(27): CodeIgniter\Debug\Exceptions->errorHandler(2, 'Undefined variable $post', 'APPPATH\\Controllers\\ShopController.php', 27)
 2 APPPATH\Controllers\ShopController.php(16): App\Controllers\ShopController->product()
 3 SYSTEMPATH\CodeIgniter.php(934): App\Controllers\ShopController->index()
 4 SYSTEMPATH\CodeIgniter.php(499): CodeIgniter\CodeIgniter->runController(Object(App\Controllers\ShopController))
 5 SYSTEMPATH\CodeIgniter.php(368): CodeIgniter\CodeIgniter->handleRequest(null, Object(Config\Cache), false)
 6 FCPATH\index.php(67): CodeIgniter\CodeIgniter->run()
 7 SYSTEMPATH\Commands\Server\rewrite.php(47): require_once('FCPATH\\index.php')
CRITICAL - 2023-06-16 11:33:17 --> Undefined variable $post
in APPPATH\Controllers\ShopController.php on line 27.
 1 APPPATH\Controllers\ShopController.php(27): CodeIgniter\Debug\Exceptions->errorHandler(2, 'Undefined variable $post', 'APPPATH\\Controllers\\ShopController.php', 27)
 2 APPPATH\Controllers\ShopController.php(16): App\Controllers\ShopController->product()
 3 SYSTEMPATH\CodeIgniter.php(934): App\Controllers\ShopController->index()
 4 SYSTEMPATH\CodeIgniter.php(499): CodeIgniter\CodeIgniter->runController(Object(App\Controllers\ShopController))
 5 SYSTEMPATH\CodeIgniter.php(368): CodeIgniter\CodeIgniter->handleRequest(null, Object(Config\Cache), false)
 6 FCPATH\index.php(67): CodeIgniter\CodeIgniter->run()
 7 SYSTEMPATH\Commands\Server\rewrite.php(47): require_once('FCPATH\\index.php')
CRITICAL - 2023-06-16 11:36:09 --> Cannot access offset of type string on string
in APPPATH\Controllers\ShopController.php on line 47.
 1 SYSTEMPATH\CodeIgniter.php(934): App\Controllers\ShopController->detail()
 2 SYSTEMPATH\CodeIgniter.php(499): CodeIgniter\CodeIgniter->runController(Object(App\Controllers\ShopController))
 3 SYSTEMPATH\CodeIgniter.php(368): CodeIgniter\CodeIgniter->handleRequest(null, Object(Config\Cache), false)
 4 FCPATH\index.php(67): CodeIgniter\CodeIgniter->run()
 5 SYSTEMPATH\Commands\Server\rewrite.php(47): require_once('FCPATH\\index.php')
ERROR - 2023-06-16 11:59:47 --> Error connecting to the database: mysqli_sql_exception: No connection could be made because the target machine actively refused it in D:\LuanVan_TN_2023\system\Database\MySQLi\Connection.php:174
Stack trace:
#0 D:\LuanVan_TN_2023\system\Database\MySQLi\Connection.php(174): mysqli->real_connect('localhost', 'root', '', 'luanvan', 3306, '', 0)
#1 D:\LuanVan_TN_2023\system\Database\BaseConnection.php(391): CodeIgniter\Database\MySQLi\Connection->connect(false)
#2 D:\LuanVan_TN_2023\system\Database\BaseConnection.php(573): CodeIgniter\Database\BaseConnection->initialize()
#3 D:\LuanVan_TN_2023\system\Database\BaseBuilder.php(1616): CodeIgniter\Database\BaseConnection->query('SELECT *\nFROM `...', Array, false)
#4 D:\LuanVan_TN_2023\system\Model.php(241): CodeIgniter\Database\BaseBuilder->get()
#5 D:\LuanVan_TN_2023\system\BaseModel.php(618): CodeIgniter\Model->doFindAll(0, 0)
#6 D:\LuanVan_TN_2023\app\Controllers\BaseController.php(68): CodeIgniter\BaseModel->findAll()
#7 D:\LuanVan_TN_2023\app\Controllers\Home.php(17): App\Controllers\BaseController->getSubCategory()
#8 D:\LuanVan_TN_2023\system\CodeIgniter.php(934): App\Controllers\Home->index()
#9 D:\LuanVan_TN_2023\system\CodeIgniter.php(499): CodeIgniter\CodeIgniter->runController(Object(App\Controllers\Home))
#10 D:\LuanVan_TN_2023\system\CodeIgniter.php(368): CodeIgniter\CodeIgniter->handleRequest(NULL, Object(Config\Cache), false)
#11 D:\LuanVan_TN_2023\public\index.php(67): CodeIgniter\CodeIgniter->run()
#12 D:\LuanVan_TN_2023\system\Commands\Server\rewrite.php(47): require_once('D:\\LuanVan_TN_2...')
#13 {main}

Next CodeIgniter\Database\Exceptions\DatabaseException: No connection could be made because the target machine actively refused it in D:\LuanVan_TN_2023\system\Database\MySQLi\Connection.php:218
Stack trace:
#0 D:\LuanVan_TN_2023\system\Database\BaseConnection.php(391): CodeIgniter\Database\MySQLi\Connection->connect(false)
#1 D:\LuanVan_TN_2023\system\Database\BaseConnection.php(573): CodeIgniter\Database\BaseConnection->initialize()
#2 D:\LuanVan_TN_2023\system\Database\BaseBuilder.php(1616): CodeIgniter\Database\BaseConnection->query('SELECT *\nFROM `...', Array, false)
#3 D:\LuanVan_TN_2023\system\Model.php(241): CodeIgniter\Database\BaseBuilder->get()
#4 D:\LuanVan_TN_2023\system\BaseModel.php(618): CodeIgniter\Model->doFindAll(0, 0)
#5 D:\LuanVan_TN_2023\app\Controllers\BaseController.php(68): CodeIgniter\BaseModel->findAll()
#6 D:\LuanVan_TN_2023\app\Controllers\Home.php(17): App\Controllers\BaseController->getSubCategory()
#7 D:\LuanVan_TN_2023\system\CodeIgniter.php(934): App\Controllers\Home->index()
#8 D:\LuanVan_TN_2023\system\CodeIgniter.php(499): CodeIgniter\CodeIgniter->runController(Object(App\Controllers\Home))
#9 D:\LuanVan_TN_2023\system\CodeIgniter.php(368): CodeIgniter\CodeIgniter->handleRequest(NULL, Object(Config\Cache), false)
#10 D:\LuanVan_TN_2023\public\index.php(67): CodeIgniter\CodeIgniter->run()
#11 D:\LuanVan_TN_2023\system\Commands\Server\rewrite.php(47): require_once('D:\\LuanVan_TN_2...')
#12 {main}
CRITICAL - 2023-06-16 11:59:47 --> Unable to connect to the database.
Main connection [MySQLi]: No connection could be made because the target machine actively refused it
in SYSTEMPATH\Database\BaseConnection.php on line 427.
 1 SYSTEMPATH\Database\BaseConnection.php(573): CodeIgniter\Database\BaseConnection->initialize()
 2 SYSTEMPATH\Database\BaseBuilder.php(1616): CodeIgniter\Database\BaseConnection->query('SELECT *
FROM `loaisach`
WHERE `status` = 1', [], false)
 3 SYSTEMPATH\Model.php(241): CodeIgniter\Database\BaseBuilder->get()
 4 SYSTEMPATH\BaseModel.php(618): CodeIgniter\Model->doFindAll(0, 0)
 5 APPPATH\Controllers\BaseController.php(68): CodeIgniter\BaseModel->findAll()
 6 APPPATH\Controllers\Home.php(17): App\Controllers\BaseController->getSubCategory()
 7 SYSTEMPATH\CodeIgniter.php(934): App\Controllers\Home->index()
 8 SYSTEMPATH\CodeIgniter.php(499): CodeIgniter\CodeIgniter->runController(Object(App\Controllers\Home))
 9 SYSTEMPATH\CodeIgniter.php(368): CodeIgniter\CodeIgniter->handleRequest(null, Object(Config\Cache), false)
10 FCPATH\index.php(67): CodeIgniter\CodeIgniter->run()
11 SYSTEMPATH\Commands\Server\rewrite.php(47): require_once('FCPATH\\index.php')
CRITICAL - 2023-06-16 12:07:32 --> Undefined variable $products
in APPPATH\Views\User\Shop\detail.php on line 171.
 1 APPPATH\Views\User\Shop\detail.php(171): CodeIgniter\Debug\Exceptions->errorHandler(2, 'Undefined variable $products', 'APPPATH\\Views\\User\\Shop\\detail.php', 171)
 2 SYSTEMPATH\View\View.php(213): include('APPPATH\\Views\\User\\Shop\\detail.php')
 3 SYSTEMPATH\View\View.php(216): CodeIgniter\View\View->CodeIgniter\View\{closure}()
 4 SYSTEMPATH\Common.php(1184): CodeIgniter\View\View->render('User/Shop/detail', [], true)
 5 APPPATH\Controllers\ShopController.php(48): view('User/Shop/detail', [...])
 6 SYSTEMPATH\CodeIgniter.php(934): App\Controllers\ShopController->detail()
 7 SYSTEMPATH\CodeIgniter.php(499): CodeIgniter\CodeIgniter->runController(Object(App\Controllers\ShopController))
 8 SYSTEMPATH\CodeIgniter.php(368): CodeIgniter\CodeIgniter->handleRequest(null, Object(Config\Cache), false)
 9 FCPATH\index.php(67): CodeIgniter\CodeIgniter->run()
10 SYSTEMPATH\Commands\Server\rewrite.php(47): require_once('FCPATH\\index.php')
CRITICAL - 2023-06-16 12:08:52 --> Undefined variable $products
in APPPATH\Views\User\Shop\detail.php on line 170.
 1 APPPATH\Views\User\Shop\detail.php(170): CodeIgniter\Debug\Exceptions->errorHandler(2, 'Undefined variable $products', 'APPPATH\\Views\\User\\Shop\\detail.php', 170)
 2 SYSTEMPATH\View\View.php(213): include('APPPATH\\Views\\User\\Shop\\detail.php')
 3 SYSTEMPATH\View\View.php(216): CodeIgniter\View\View->CodeIgniter\View\{closure}()
 4 SYSTEMPATH\Common.php(1184): CodeIgniter\View\View->render('User/Shop/detail', [], true)
 5 APPPATH\Controllers\ShopController.php(48): view('User/Shop/detail', [...])
 6 SYSTEMPATH\CodeIgniter.php(934): App\Controllers\ShopController->detail()
 7 SYSTEMPATH\CodeIgniter.php(499): CodeIgniter\CodeIgniter->runController(Object(App\Controllers\ShopController))
 8 SYSTEMPATH\CodeIgniter.php(368): CodeIgniter\CodeIgniter->handleRequest(null, Object(Config\Cache), false)
 9 FCPATH\index.php(67): CodeIgniter\CodeIgniter->run()
10 SYSTEMPATH\Commands\Server\rewrite.php(47): require_once('FCPATH\\index.php')
CRITICAL - 2023-06-16 12:10:51 --> Undefined variable $products
in APPPATH\Views\User\Shop\detail.php on line 172.
 1 APPPATH\Views\User\Shop\detail.php(172): CodeIgniter\Debug\Exceptions->errorHandler(2, 'Undefined variable $products', 'APPPATH\\Views\\User\\Shop\\detail.php', 172)
 2 SYSTEMPATH\View\View.php(213): include('APPPATH\\Views\\User\\Shop\\detail.php')
 3 SYSTEMPATH\View\View.php(216): CodeIgniter\View\View->CodeIgniter\View\{closure}()
 4 SYSTEMPATH\Common.php(1184): CodeIgniter\View\View->render('User/Shop/detail', [], true)
 5 APPPATH\Controllers\ShopController.php(48): view('User/Shop/detail', [...])
 6 SYSTEMPATH\CodeIgniter.php(934): App\Controllers\ShopController->detail()
 7 SYSTEMPATH\CodeIgniter.php(499): CodeIgniter\CodeIgniter->runController(Object(App\Controllers\ShopController))
 8 SYSTEMPATH\CodeIgniter.php(368): CodeIgniter\CodeIgniter->handleRequest(null, Object(Config\Cache), false)
 9 FCPATH\index.php(67): CodeIgniter\CodeIgniter->run()
10 SYSTEMPATH\Commands\Server\rewrite.php(47): require_once('FCPATH\\index.php')
CRITICAL - 2023-06-16 12:17:31 --> Undefined variable $products
in APPPATH\Views\User\Shop\detail.php on line 195.
 1 APPPATH\Views\User\Shop\detail.php(195): CodeIgniter\Debug\Exceptions->errorHandler(2, 'Undefined variable $products', 'APPPATH\\Views\\User\\Shop\\detail.php', 195)
 2 SYSTEMPATH\View\View.php(213): include('APPPATH\\Views\\User\\Shop\\detail.php')
 3 SYSTEMPATH\View\View.php(216): CodeIgniter\View\View->CodeIgniter\View\{closure}()
 4 SYSTEMPATH\Common.php(1184): CodeIgniter\View\View->render('User/Shop/detail', [], true)
 5 APPPATH\Controllers\ShopController.php(48): view('User/Shop/detail', [...])
 6 SYSTEMPATH\CodeIgniter.php(934): App\Controllers\ShopController->detail()
 7 SYSTEMPATH\CodeIgniter.php(499): CodeIgniter\CodeIgniter->runController(Object(App\Controllers\ShopController))
 8 SYSTEMPATH\CodeIgniter.php(368): CodeIgniter\CodeIgniter->handleRequest(null, Object(Config\Cache), false)
 9 FCPATH\index.php(67): CodeIgniter\CodeIgniter->run()
10 SYSTEMPATH\Commands\Server\rewrite.php(47): require_once('FCPATH\\index.php')
CRITICAL - 2023-06-16 12:19:19 --> Undefined variable $products
in APPPATH\Views\User\Shop\detail.php on line 198.
 1 APPPATH\Views\User\Shop\detail.php(198): CodeIgniter\Debug\Exceptions->errorHandler(2, 'Undefined variable $products', 'APPPATH\\Views\\User\\Shop\\detail.php', 198)
 2 SYSTEMPATH\View\View.php(213): include('APPPATH\\Views\\User\\Shop\\detail.php')
 3 SYSTEMPATH\View\View.php(216): CodeIgniter\View\View->CodeIgniter\View\{closure}()
 4 SYSTEMPATH\Common.php(1184): CodeIgniter\View\View->render('User/Shop/detail', [], true)
 5 APPPATH\Controllers\ShopController.php(48): view('User/Shop/detail', [...])
 6 SYSTEMPATH\CodeIgniter.php(934): App\Controllers\ShopController->detail()
 7 SYSTEMPATH\CodeIgniter.php(499): CodeIgniter\CodeIgniter->runController(Object(App\Controllers\ShopController))
 8 SYSTEMPATH\CodeIgniter.php(368): CodeIgniter\CodeIgniter->handleRequest(null, Object(Config\Cache), false)
 9 FCPATH\index.php(67): CodeIgniter\CodeIgniter->run()
10 SYSTEMPATH\Commands\Server\rewrite.php(47): require_once('FCPATH\\index.php')
CRITICAL - 2023-06-16 12:37:37 --> Undefined array key "mo_ta"
in APPPATH\Views\User\Shop\detail.php on line 272.
 1 APPPATH\Views\User\Shop\detail.php(272): CodeIgniter\Debug\Exceptions->errorHandler(2, 'Undefined array key "mo_ta"', 'APPPATH\\Views\\User\\Shop\\detail.php', 272)
 2 SYSTEMPATH\View\View.php(213): include('APPPATH\\Views\\User\\Shop\\detail.php')
 3 SYSTEMPATH\View\View.php(216): CodeIgniter\View\View->CodeIgniter\View\{closure}()
 4 SYSTEMPATH\Common.php(1184): CodeIgniter\View\View->render('User/Shop/detail', [], true)
 5 APPPATH\Controllers\ShopController.php(53): view('User/Shop/detail', [...])
 6 SYSTEMPATH\CodeIgniter.php(934): App\Controllers\ShopController->detail()
 7 SYSTEMPATH\CodeIgniter.php(499): CodeIgniter\CodeIgniter->runController(Object(App\Controllers\ShopController))
 8 SYSTEMPATH\CodeIgniter.php(368): CodeIgniter\CodeIgniter->handleRequest(null, Object(Config\Cache), false)
 9 FCPATH\index.php(67): CodeIgniter\CodeIgniter->run()
10 SYSTEMPATH\Commands\Server\rewrite.php(47): require_once('FCPATH\\index.php')
CRITICAL - 2023-06-16 13:05:12 --> Undefined variable $categoryBooks
in APPPATH\Views\User\Shop\detail.php on line 603.
 1 APPPATH\Views\User\Shop\detail.php(603): CodeIgniter\Debug\Exceptions->errorHandler(2, 'Undefined variable $categoryBooks', 'APPPATH\\Views\\User\\Shop\\detail.php', 603)
 2 SYSTEMPATH\View\View.php(213): include('APPPATH\\Views\\User\\Shop\\detail.php')
 3 SYSTEMPATH\View\View.php(216): CodeIgniter\View\View->CodeIgniter\View\{closure}()
 4 SYSTEMPATH\Common.php(1184): CodeIgniter\View\View->render('User/Shop/detail', [], true)
 5 APPPATH\Controllers\ShopController.php(56): view('User/Shop/detail', [...])
 6 SYSTEMPATH\CodeIgniter.php(934): App\Controllers\ShopController->detail()
 7 SYSTEMPATH\CodeIgniter.php(499): CodeIgniter\CodeIgniter->runController(Object(App\Controllers\ShopController))
 8 SYSTEMPATH\CodeIgniter.php(368): CodeIgniter\CodeIgniter->handleRequest(null, Object(Config\Cache), false)
 9 FCPATH\index.php(67): CodeIgniter\CodeIgniter->run()
10 SYSTEMPATH\Commands\Server\rewrite.php(47): require_once('FCPATH\\index.php')
CRITICAL - 2023-06-16 13:07:11 --> Undefined variable $categoryBooks
in APPPATH\Views\User\Shop\detail.php on line 603.
 1 APPPATH\Views\User\Shop\detail.php(603): CodeIgniter\Debug\Exceptions->errorHandler(2, 'Undefined variable $categoryBooks', 'APPPATH\\Views\\User\\Shop\\detail.php', 603)
 2 SYSTEMPATH\View\View.php(213): include('APPPATH\\Views\\User\\Shop\\detail.php')
 3 SYSTEMPATH\View\View.php(216): CodeIgniter\View\View->CodeIgniter\View\{closure}()
 4 SYSTEMPATH\Common.php(1184): CodeIgniter\View\View->render('User/Shop/detail', [], true)
 5 APPPATH\Controllers\ShopController.php(58): view('User/Shop/detail', [...])
 6 SYSTEMPATH\CodeIgniter.php(934): App\Controllers\ShopController->detail()
 7 SYSTEMPATH\CodeIgniter.php(499): CodeIgniter\CodeIgniter->runController(Object(App\Controllers\ShopController))
 8 SYSTEMPATH\CodeIgniter.php(368): CodeIgniter\CodeIgniter->handleRequest(null, Object(Config\Cache), false)
 9 FCPATH\index.php(67): CodeIgniter\CodeIgniter->run()
10 SYSTEMPATH\Commands\Server\rewrite.php(47): require_once('FCPATH\\index.php')
CRITICAL - 2023-06-16 13:07:12 --> Undefined variable $categoryBooks
in APPPATH\Views\User\Shop\detail.php on line 603.
 1 APPPATH\Views\User\Shop\detail.php(603): CodeIgniter\Debug\Exceptions->errorHandler(2, 'Undefined variable $categoryBooks', 'APPPATH\\Views\\User\\Shop\\detail.php', 603)
 2 SYSTEMPATH\View\View.php(213): include('APPPATH\\Views\\User\\Shop\\detail.php')
 3 SYSTEMPATH\View\View.php(216): CodeIgniter\View\View->CodeIgniter\View\{closure}()
 4 SYSTEMPATH\Common.php(1184): CodeIgniter\View\View->render('User/Shop/detail', [], true)
 5 APPPATH\Controllers\ShopController.php(58): view('User/Shop/detail', [...])
 6 SYSTEMPATH\CodeIgniter.php(934): App\Controllers\ShopController->detail()
 7 SYSTEMPATH\CodeIgniter.php(499): CodeIgniter\CodeIgniter->runController(Object(App\Controllers\ShopController))
 8 SYSTEMPATH\CodeIgniter.php(368): CodeIgniter\CodeIgniter->handleRequest(null, Object(Config\Cache), false)
 9 FCPATH\index.php(67): CodeIgniter\CodeIgniter->run()
10 SYSTEMPATH\Commands\Server\rewrite.php(47): require_once('FCPATH\\index.php')
CRITICAL - 2023-06-16 13:11:54 --> Undefined array key "so_luong_sach"
in APPPATH\Views\User\Shop\detail.php on line 606.
 1 APPPATH\Views\User\Shop\detail.php(606): CodeIgniter\Debug\Exceptions->errorHandler(2, 'Undefined array key "so_luong_sach"', 'APPPATH\\Views\\User\\Shop\\detail.php', 606)
 2 SYSTEMPATH\View\View.php(213): include('APPPATH\\Views\\User\\Shop\\detail.php')
 3 SYSTEMPATH\View\View.php(216): CodeIgniter\View\View->CodeIgniter\View\{closure}()
 4 SYSTEMPATH\Common.php(1184): CodeIgniter\View\View->render('User/Shop/detail', [], true)
 5 APPPATH\Controllers\ShopController.php(58): view('User/Shop/detail', [...])
 6 SYSTEMPATH\CodeIgniter.php(934): App\Controllers\ShopController->detail()
 7 SYSTEMPATH\CodeIgniter.php(499): CodeIgniter\CodeIgniter->runController(Object(App\Controllers\ShopController))
 8 SYSTEMPATH\CodeIgniter.php(368): CodeIgniter\CodeIgniter->handleRequest(null, Object(Config\Cache), false)
 9 FCPATH\index.php(67): CodeIgniter\CodeIgniter->run()
10 SYSTEMPATH\Commands\Server\rewrite.php(47): require_once('FCPATH\\index.php')
CRITICAL - 2023-06-16 13:20:22 --> Undefined array key "so_luong_sach"
in APPPATH\Views\User\Shop\detail.php on line 607.
 1 APPPATH\Views\User\Shop\detail.php(607): CodeIgniter\Debug\Exceptions->errorHandler(2, 'Undefined array key "so_luong_sach"', 'APPPATH\\Views\\User\\Shop\\detail.php', 607)
 2 SYSTEMPATH\View\View.php(213): include('APPPATH\\Views\\User\\Shop\\detail.php')
 3 SYSTEMPATH\View\View.php(216): CodeIgniter\View\View->CodeIgniter\View\{closure}()
 4 SYSTEMPATH\Common.php(1184): CodeIgniter\View\View->render('User/Shop/detail', [], true)
 5 APPPATH\Controllers\ShopController.php(61): view('User/Shop/detail', [...])
 6 SYSTEMPATH\CodeIgniter.php(934): App\Controllers\ShopController->detail()
 7 SYSTEMPATH\CodeIgniter.php(499): CodeIgniter\CodeIgniter->runController(Object(App\Controllers\ShopController))
 8 SYSTEMPATH\CodeIgniter.php(368): CodeIgniter\CodeIgniter->handleRequest(null, Object(Config\Cache), false)
 9 FCPATH\index.php(67): CodeIgniter\CodeIgniter->run()
10 SYSTEMPATH\Commands\Server\rewrite.php(47): require_once('FCPATH\\index.php')
CRITICAL - 2023-06-16 13:24:59 --> Undefined variable $productModel
in APPPATH\Views\User\Shop\detail.php on line 608.
 1 APPPATH\Views\User\Shop\detail.php(608): CodeIgniter\Debug\Exceptions->errorHandler(2, 'Undefined variable $productModel', 'APPPATH\\Views\\User\\Shop\\detail.php', 608)
 2 SYSTEMPATH\View\View.php(213): include('APPPATH\\Views\\User\\Shop\\detail.php')
 3 SYSTEMPATH\View\View.php(216): CodeIgniter\View\View->CodeIgniter\View\{closure}()
 4 SYSTEMPATH\Common.php(1184): CodeIgniter\View\View->render('User/Shop/detail', [], true)
 5 APPPATH\Controllers\ShopController.php(61): view('User/Shop/detail', [...])
 6 SYSTEMPATH\CodeIgniter.php(934): App\Controllers\ShopController->detail()
 7 SYSTEMPATH\CodeIgniter.php(499): CodeIgniter\CodeIgniter->runController(Object(App\Controllers\ShopController))
 8 SYSTEMPATH\CodeIgniter.php(368): CodeIgniter\CodeIgniter->handleRequest(null, Object(Config\Cache), false)
 9 FCPATH\index.php(67): CodeIgniter\CodeIgniter->run()
10 SYSTEMPATH\Commands\Server\rewrite.php(47): require_once('FCPATH\\index.php')
CRITICAL - 2023-06-16 13:30:08 --> Undefined variable $categoryData
in APPPATH\Views\User\Shop\detail.php on line 603.
 1 APPPATH\Views\User\Shop\detail.php(603): CodeIgniter\Debug\Exceptions->errorHandler(2, 'Undefined variable $categoryData', 'APPPATH\\Views\\User\\Shop\\detail.php', 603)
 2 SYSTEMPATH\View\View.php(213): include('APPPATH\\Views\\User\\Shop\\detail.php')
 3 SYSTEMPATH\View\View.php(216): CodeIgniter\View\View->CodeIgniter\View\{closure}()
 4 SYSTEMPATH\Common.php(1184): CodeIgniter\View\View->render('User/Shop/detail', [], true)
 5 APPPATH\Controllers\ShopController.php(69): view('User/Shop/detail', [...])
 6 SYSTEMPATH\CodeIgniter.php(934): App\Controllers\ShopController->detail()
 7 SYSTEMPATH\CodeIgniter.php(499): CodeIgniter\CodeIgniter->runController(Object(App\Controllers\ShopController))
 8 SYSTEMPATH\CodeIgniter.php(368): CodeIgniter\CodeIgniter->handleRequest(null, Object(Config\Cache), false)
 9 FCPATH\index.php(67): CodeIgniter\CodeIgniter->run()
10 SYSTEMPATH\Commands\Server\rewrite.php(47): require_once('FCPATH\\index.php')
