INFO - 2023-07-07 03:39:26 --> Session: Class initialized using 'CodeIgniter\Session\Handlers\FileHandler' driver.
INFO - 2023-07-07 03:39:26 --> Session: Class initialized using 'CodeIgniter\Session\Handlers\FileHandler' driver.
INFO - 2023-07-07 03:39:29 --> Session: Class initialized using 'CodeIgniter\Session\Handlers\FileHandler' driver.
INFO - 2023-07-07 03:39:31 --> Session: Class initialized using 'CodeIgniter\Session\Handlers\FileHandler' driver.
INFO - 2023-07-07 03:39:32 --> Session: Class initialized using 'CodeIgniter\Session\Handlers\FileHandler' driver.
INFO - 2023-07-07 03:39:32 --> Session: Class initialized using 'CodeIgniter\Session\Handlers\FileHandler' driver.
INFO - 2023-07-07 03:39:32 --> Session: Class initialized using 'CodeIgniter\Session\Handlers\FileHandler' driver.
INFO - 2023-07-07 03:39:32 --> Session: Class initialized using 'CodeIgniter\Session\Handlers\FileHandler' driver.
INFO - 2023-07-07 03:39:32 --> Session: Class initialized using 'CodeIgniter\Session\Handlers\FileHandler' driver.
INFO - 2023-07-07 03:39:34 --> Session: Class initialized using 'CodeIgniter\Session\Handlers\FileHandler' driver.
ERROR - 2023-07-07 03:39:34 --> mysqli_sql_exception: Column 'ma_khach_hang' cannot be null in D:\LuanVan_TN_2023\system\Database\MySQLi\Connection.php:295
Stack trace:
#0 D:\LuanVan_TN_2023\system\Database\MySQLi\Connection.php(295): mysqli->query('INSERT INTO `do...', 0)
#1 D:\LuanVan_TN_2023\system\Database\BaseConnection.php(691): CodeIgniter\Database\MySQLi\Connection->execute('INSERT INTO `do...')
#2 D:\LuanVan_TN_2023\system\Database\BaseConnection.php(605): CodeIgniter\Database\BaseConnection->simpleQuery('INSERT INTO `do...')
#3 D:\LuanVan_TN_2023\system\Database\BaseBuilder.php(2309): CodeIgniter\Database\BaseConnection->query('INSERT INTO `do...', Array, false)
#4 D:\LuanVan_TN_2023\system\Model.php(330): CodeIgniter\Database\BaseBuilder->insert()
#5 D:\LuanVan_TN_2023\system\BaseModel.php(782): CodeIgniter\Model->doInsert(Array)
#6 D:\LuanVan_TN_2023\system\Model.php(730): CodeIgniter\BaseModel->insert(Array, true)
#7 D:\LuanVan_TN_2023\app\Controllers\CartController.php(91): CodeIgniter\Model->insert(Array)
#8 D:\LuanVan_TN_2023\system\CodeIgniter.php(934): App\Controllers\CartController->addProductToCart()
#9 D:\LuanVan_TN_2023\system\CodeIgniter.php(499): CodeIgniter\CodeIgniter->runController(Object(App\Controllers\CartController))
#10 D:\LuanVan_TN_2023\system\CodeIgniter.php(368): CodeIgniter\CodeIgniter->handleRequest(NULL, Object(Config\Cache), false)
#11 D:\LuanVan_TN_2023\public\index.php(67): CodeIgniter\CodeIgniter->run()
#12 D:\LuanVan_TN_2023\system\Commands\Server\rewrite.php(47): require_once('D:\\LuanVan_TN_2...')
#13 {main}
CRITICAL - 2023-07-07 03:39:34 --> Column 'ma_khach_hang' cannot be null
in SYSTEMPATH\Database\BaseConnection.php on line 645.
 1 SYSTEMPATH\Database\BaseBuilder.php(2309): CodeIgniter\Database\BaseConnection->query('INSERT INTO `donhang` (`ma_khach_hang`) VALUES (:ma_khach_hang:)', [...], false)
 2 SYSTEMPATH\Model.php(330): CodeIgniter\Database\BaseBuilder->insert()
 3 SYSTEMPATH\BaseModel.php(782): CodeIgniter\Model->doInsert([...])
 4 SYSTEMPATH\Model.php(730): CodeIgniter\BaseModel->insert([...], true)
 5 APPPATH\Controllers\CartController.php(91): CodeIgniter\Model->insert([...])
 6 SYSTEMPATH\CodeIgniter.php(934): App\Controllers\CartController->addProductToCart()
 7 SYSTEMPATH\CodeIgniter.php(499): CodeIgniter\CodeIgniter->runController(Object(App\Controllers\CartController))
 8 SYSTEMPATH\CodeIgniter.php(368): CodeIgniter\CodeIgniter->handleRequest(null, Object(Config\Cache), false)
 9 FCPATH\index.php(67): CodeIgniter\CodeIgniter->run()
10 SYSTEMPATH\Commands\Server\rewrite.php(47): require_once('FCPATH\\index.php')
INFO - 2023-07-07 05:25:44 --> Session: Class initialized using 'CodeIgniter\Session\Handlers\FileHandler' driver.
INFO - 2023-07-07 05:25:45 --> Session: Class initialized using 'CodeIgniter\Session\Handlers\FileHandler' driver.
INFO - 2023-07-07 05:25:45 --> Session: Class initialized using 'CodeIgniter\Session\Handlers\FileHandler' driver.
INFO - 2023-07-07 05:25:45 --> Session: Class initialized using 'CodeIgniter\Session\Handlers\FileHandler' driver.
INFO - 2023-07-07 05:25:45 --> Session: Class initialized using 'CodeIgniter\Session\Handlers\FileHandler' driver.
INFO - 2023-07-07 05:25:45 --> Session: Class initialized using 'CodeIgniter\Session\Handlers\FileHandler' driver.
INFO - 2023-07-07 05:25:52 --> Session: Class initialized using 'CodeIgniter\Session\Handlers\FileHandler' driver.
INFO - 2023-07-07 05:25:52 --> Session: Class initialized using 'CodeIgniter\Session\Handlers\FileHandler' driver.
INFO - 2023-07-07 05:25:53 --> Session: Class initialized using 'CodeIgniter\Session\Handlers\FileHandler' driver.
INFO - 2023-07-07 05:25:53 --> Session: Class initialized using 'CodeIgniter\Session\Handlers\FileHandler' driver.
INFO - 2023-07-07 05:25:59 --> Session: Class initialized using 'CodeIgniter\Session\Handlers\FileHandler' driver.
INFO - 2023-07-07 05:26:02 --> Session: Class initialized using 'CodeIgniter\Session\Handlers\FileHandler' driver.
INFO - 2023-07-07 10:13:10 --> Session: Class initialized using 'CodeIgniter\Session\Handlers\FileHandler' driver.
INFO - 2023-07-07 14:35:49 --> Session: Class initialized using 'CodeIgniter\Session\Handlers\FileHandler' driver.
INFO - 2023-07-07 14:35:49 --> Session: Class initialized using 'CodeIgniter\Session\Handlers\FileHandler' driver.
INFO - 2023-07-07 14:35:52 --> Session: Class initialized using 'CodeIgniter\Session\Handlers\FileHandler' driver.
INFO - 2023-07-07 14:35:53 --> Session: Class initialized using 'CodeIgniter\Session\Handlers\FileHandler' driver.
INFO - 2023-07-07 14:37:06 --> Session: Class initialized using 'CodeIgniter\Session\Handlers\FileHandler' driver.
INFO - 2023-07-07 14:37:39 --> Session: Class initialized using 'CodeIgniter\Session\Handlers\FileHandler' driver.
INFO - 2023-07-07 14:40:48 --> Session: Class initialized using 'CodeIgniter\Session\Handlers\FileHandler' driver.
INFO - 2023-07-07 14:44:42 --> Session: Class initialized using 'CodeIgniter\Session\Handlers\FileHandler' driver.
INFO - 2023-07-07 14:45:25 --> Session: Class initialized using 'CodeIgniter\Session\Handlers\FileHandler' driver.
INFO - 2023-07-07 15:00:49 --> Session: Class initialized using 'CodeIgniter\Session\Handlers\FileHandler' driver.
INFO - 2023-07-07 15:00:52 --> Session: Class initialized using 'CodeIgniter\Session\Handlers\FileHandler' driver.
INFO - 2023-07-07 15:01:01 --> Session: Class initialized using 'CodeIgniter\Session\Handlers\FileHandler' driver.
INFO - 2023-07-07 15:01:06 --> Session: Class initialized using 'CodeIgniter\Session\Handlers\FileHandler' driver.
INFO - 2023-07-07 15:01:18 --> Session: Class initialized using 'CodeIgniter\Session\Handlers\FileHandler' driver.
INFO - 2023-07-07 15:01:26 --> Session: Class initialized using 'CodeIgniter\Session\Handlers\FileHandler' driver.
INFO - 2023-07-07 15:01:29 --> Session: Class initialized using 'CodeIgniter\Session\Handlers\FileHandler' driver.
INFO - 2023-07-07 15:04:08 --> Session: Class initialized using 'CodeIgniter\Session\Handlers\FileHandler' driver.
INFO - 2023-07-07 15:05:06 --> Session: Class initialized using 'CodeIgniter\Session\Handlers\FileHandler' driver.
INFO - 2023-07-07 15:05:07 --> Session: Class initialized using 'CodeIgniter\Session\Handlers\FileHandler' driver.
INFO - 2023-07-07 15:05:11 --> Session: Class initialized using 'CodeIgniter\Session\Handlers\FileHandler' driver.
INFO - 2023-07-07 15:05:11 --> Session: Class initialized using 'CodeIgniter\Session\Handlers\FileHandler' driver.
INFO - 2023-07-07 15:05:18 --> Session: Class initialized using 'CodeIgniter\Session\Handlers\FileHandler' driver.
INFO - 2023-07-07 15:05:22 --> Session: Class initialized using 'CodeIgniter\Session\Handlers\FileHandler' driver.
INFO - 2023-07-07 15:05:25 --> Session: Class initialized using 'CodeIgniter\Session\Handlers\FileHandler' driver.
INFO - 2023-07-07 15:05:27 --> Session: Class initialized using 'CodeIgniter\Session\Handlers\FileHandler' driver.
INFO - 2023-07-07 15:09:19 --> Session: Class initialized using 'CodeIgniter\Session\Handlers\FileHandler' driver.
INFO - 2023-07-07 15:09:24 --> Session: Class initialized using 'CodeIgniter\Session\Handlers\FileHandler' driver.
INFO - 2023-07-07 15:09:24 --> Session: Class initialized using 'CodeIgniter\Session\Handlers\FileHandler' driver.
INFO - 2023-07-07 15:09:45 --> Session: Class initialized using 'CodeIgniter\Session\Handlers\FileHandler' driver.
INFO - 2023-07-07 15:09:49 --> Session: Class initialized using 'CodeIgniter\Session\Handlers\FileHandler' driver.
INFO - 2023-07-07 15:09:53 --> Session: Class initialized using 'CodeIgniter\Session\Handlers\FileHandler' driver.
INFO - 2023-07-07 15:09:56 --> Session: Class initialized using 'CodeIgniter\Session\Handlers\FileHandler' driver.
INFO - 2023-07-07 15:09:57 --> Session: Class initialized using 'CodeIgniter\Session\Handlers\FileHandler' driver.
INFO - 2023-07-07 15:09:57 --> Session: Class initialized using 'CodeIgniter\Session\Handlers\FileHandler' driver.
INFO - 2023-07-07 15:13:42 --> Session: Class initialized using 'CodeIgniter\Session\Handlers\FileHandler' driver.
INFO - 2023-07-07 15:13:47 --> Session: Class initialized using 'CodeIgniter\Session\Handlers\FileHandler' driver.
INFO - 2023-07-07 15:13:48 --> Session: Class initialized using 'CodeIgniter\Session\Handlers\FileHandler' driver.
INFO - 2023-07-07 15:14:49 --> Session: Class initialized using 'CodeIgniter\Session\Handlers\FileHandler' driver.
INFO - 2023-07-07 15:14:53 --> Session: Class initialized using 'CodeIgniter\Session\Handlers\FileHandler' driver.
INFO - 2023-07-07 15:14:54 --> Session: Class initialized using 'CodeIgniter\Session\Handlers\FileHandler' driver.
INFO - 2023-07-07 15:14:54 --> Session: Class initialized using 'CodeIgniter\Session\Handlers\FileHandler' driver.
INFO - 2023-07-07 15:15:03 --> Session: Class initialized using 'CodeIgniter\Session\Handlers\FileHandler' driver.
INFO - 2023-07-07 15:15:08 --> Session: Class initialized using 'CodeIgniter\Session\Handlers\FileHandler' driver.
INFO - 2023-07-07 15:15:09 --> Session: Class initialized using 'CodeIgniter\Session\Handlers\FileHandler' driver.
INFO - 2023-07-07 15:15:09 --> Session: Class initialized using 'CodeIgniter\Session\Handlers\FileHandler' driver.
INFO - 2023-07-07 15:18:23 --> Session: Class initialized using 'CodeIgniter\Session\Handlers\FileHandler' driver.
INFO - 2023-07-07 15:38:58 --> Session: Class initialized using 'CodeIgniter\Session\Handlers\FileHandler' driver.
INFO - 2023-07-07 16:01:22 --> Session: Class initialized using 'CodeIgniter\Session\Handlers\FileHandler' driver.
INFO - 2023-07-07 16:18:56 --> Session: Class initialized using 'CodeIgniter\Session\Handlers\FileHandler' driver.
INFO - 2023-07-07 16:18:59 --> Session: Class initialized using 'CodeIgniter\Session\Handlers\FileHandler' driver.
INFO - 2023-07-07 16:18:59 --> Session: Class initialized using 'CodeIgniter\Session\Handlers\FileHandler' driver.
INFO - 2023-07-07 16:50:08 --> Session: Class initialized using 'CodeIgniter\Session\Handlers\FileHandler' driver.
CRITICAL - 2023-07-07 16:50:08 --> Undefined array key "ma_don_hang"
in APPPATH\Views\User\Checkout\checkout.php on line 243.
 1 APPPATH\Views\User\Checkout\checkout.php(243): CodeIgniter\Debug\Exceptions->errorHandler(2, 'Undefined array key "ma_don_hang"', 'APPPATH\\Views\\User\\Checkout\\checkout.php', 243)
 2 SYSTEMPATH\View\View.php(213): include('APPPATH\\Views\\User\\Checkout\\checkout.php')
 3 SYSTEMPATH\View\View.php(216): CodeIgniter\View\View->CodeIgniter\View\{closure}()
 4 SYSTEMPATH\Common.php(1184): CodeIgniter\View\View->render('User/Checkout/checkout', [], true)
 5 APPPATH\Controllers\OrderContrroller.php(89): view('User/Checkout/checkout', [...])
 6 SYSTEMPATH\CodeIgniter.php(934): App\Controllers\OrderContrroller->checkout()
 7 SYSTEMPATH\CodeIgniter.php(499): CodeIgniter\CodeIgniter->runController(Object(App\Controllers\OrderContrroller))
 8 SYSTEMPATH\CodeIgniter.php(368): CodeIgniter\CodeIgniter->handleRequest(null, Object(Config\Cache), false)
 9 FCPATH\index.php(67): CodeIgniter\CodeIgniter->run()
10 SYSTEMPATH\Commands\Server\rewrite.php(47): require_once('FCPATH\\index.php')
INFO - 2023-07-07 16:50:58 --> Session: Class initialized using 'CodeIgniter\Session\Handlers\FileHandler' driver.
CRITICAL - 2023-07-07 16:50:58 --> Undefined array key "id"
in APPPATH\Views\User\Checkout\checkout.php on line 243.
 1 APPPATH\Views\User\Checkout\checkout.php(243): CodeIgniter\Debug\Exceptions->errorHandler(2, 'Undefined array key "id"', 'APPPATH\\Views\\User\\Checkout\\checkout.php', 243)
 2 SYSTEMPATH\View\View.php(213): include('APPPATH\\Views\\User\\Checkout\\checkout.php')
 3 SYSTEMPATH\View\View.php(216): CodeIgniter\View\View->CodeIgniter\View\{closure}()
 4 SYSTEMPATH\Common.php(1184): CodeIgniter\View\View->render('User/Checkout/checkout', [], true)
 5 APPPATH\Controllers\OrderContrroller.php(89): view('User/Checkout/checkout', [...])
 6 SYSTEMPATH\CodeIgniter.php(934): App\Controllers\OrderContrroller->checkout()
 7 SYSTEMPATH\CodeIgniter.php(499): CodeIgniter\CodeIgniter->runController(Object(App\Controllers\OrderContrroller))
 8 SYSTEMPATH\CodeIgniter.php(368): CodeIgniter\CodeIgniter->handleRequest(null, Object(Config\Cache), false)
 9 FCPATH\index.php(67): CodeIgniter\CodeIgniter->run()
10 SYSTEMPATH\Commands\Server\rewrite.php(47): require_once('FCPATH\\index.php')
INFO - 2023-07-07 16:56:04 --> Session: Class initialized using 'CodeIgniter\Session\Handlers\FileHandler' driver.
INFO - 2023-07-07 16:58:32 --> Session: Class initialized using 'CodeIgniter\Session\Handlers\FileHandler' driver.
INFO - 2023-07-07 16:58:34 --> Session: Class initialized using 'CodeIgniter\Session\Handlers\FileHandler' driver.
INFO - 2023-07-07 16:59:10 --> Session: Class initialized using 'CodeIgniter\Session\Handlers\FileHandler' driver.
INFO - 2023-07-07 16:59:12 --> Session: Class initialized using 'CodeIgniter\Session\Handlers\FileHandler' driver.
INFO - 2023-07-07 17:01:12 --> Session: Class initialized using 'CodeIgniter\Session\Handlers\FileHandler' driver.
INFO - 2023-07-07 17:01:15 --> Session: Class initialized using 'CodeIgniter\Session\Handlers\FileHandler' driver.
INFO - 2023-07-07 17:01:33 --> Session: Class initialized using 'CodeIgniter\Session\Handlers\FileHandler' driver.
INFO - 2023-07-07 17:01:33 --> Session: Class initialized using 'CodeIgniter\Session\Handlers\FileHandler' driver.
INFO - 2023-07-07 17:01:47 --> Session: Class initialized using 'CodeIgniter\Session\Handlers\FileHandler' driver.
INFO - 2023-07-07 17:04:05 --> Session: Class initialized using 'CodeIgniter\Session\Handlers\FileHandler' driver.
INFO - 2023-07-07 17:07:35 --> Session: Class initialized using 'CodeIgniter\Session\Handlers\FileHandler' driver.
INFO - 2023-07-07 17:08:39 --> Session: Class initialized using 'CodeIgniter\Session\Handlers\FileHandler' driver.
INFO - 2023-07-07 17:09:09 --> Session: Class initialized using 'CodeIgniter\Session\Handlers\FileHandler' driver.
INFO - 2023-07-07 17:11:53 --> Session: Class initialized using 'CodeIgniter\Session\Handlers\FileHandler' driver.
INFO - 2023-07-07 17:13:50 --> Session: Class initialized using 'CodeIgniter\Session\Handlers\FileHandler' driver.
INFO - 2023-07-07 17:14:40 --> Session: Class initialized using 'CodeIgniter\Session\Handlers\FileHandler' driver.
INFO - 2023-07-07 17:15:32 --> Session: Class initialized using 'CodeIgniter\Session\Handlers\FileHandler' driver.
INFO - 2023-07-07 17:36:46 --> Session: Class initialized using 'CodeIgniter\Session\Handlers\FileHandler' driver.
INFO - 2023-07-07 17:36:54 --> Session: Class initialized using 'CodeIgniter\Session\Handlers\FileHandler' driver.
INFO - 2023-07-07 17:36:58 --> Session: Class initialized using 'CodeIgniter\Session\Handlers\FileHandler' driver.
INFO - 2023-07-07 17:36:58 --> Session: Class initialized using 'CodeIgniter\Session\Handlers\FileHandler' driver.
CRITICAL - 2023-07-07 17:37:05 --> There is no data to update.
in SYSTEMPATH\BaseModel.php on line 1680.
 1 SYSTEMPATH\BaseModel.php(1680): CodeIgniter\Database\Exceptions\DataException::forEmptyDataset('update')
 2 SYSTEMPATH\BaseModel.php(910): CodeIgniter\BaseModel->transformDataToArray(null, 'update')
 3 SYSTEMPATH\Model.php(756): CodeIgniter\BaseModel->update([...], null)
 4 APPPATH\Controllers\OrderContrroller.php(116): CodeIgniter\Model->update([...])
 5 SYSTEMPATH\CodeIgniter.php(934): App\Controllers\OrderContrroller->processCheckout()
 6 SYSTEMPATH\CodeIgniter.php(499): CodeIgniter\CodeIgniter->runController(Object(App\Controllers\OrderContrroller))
 7 SYSTEMPATH\CodeIgniter.php(368): CodeIgniter\CodeIgniter->handleRequest(null, Object(Config\Cache), false)
 8 FCPATH\index.php(67): CodeIgniter\CodeIgniter->run()
 9 SYSTEMPATH\Commands\Server\rewrite.php(47): require_once('FCPATH\\index.php')
INFO - 2023-07-07 17:38:56 --> Session: Class initialized using 'CodeIgniter\Session\Handlers\FileHandler' driver.
INFO - 2023-07-07 17:38:57 --> Session: Class initialized using 'CodeIgniter\Session\Handlers\FileHandler' driver.
ERROR - 2023-07-07 17:38:59 --> mysqli_sql_exception: Unknown column 'status' in 'field list' in D:\LuanVan_TN_2023\system\Database\MySQLi\Connection.php:295
Stack trace:
#0 D:\LuanVan_TN_2023\system\Database\MySQLi\Connection.php(295): mysqli->query('UPDATE `donhang...', 0)
#1 D:\LuanVan_TN_2023\system\Database\BaseConnection.php(691): CodeIgniter\Database\MySQLi\Connection->execute('UPDATE `donhang...')
#2 D:\LuanVan_TN_2023\system\Database\BaseConnection.php(605): CodeIgniter\Database\BaseConnection->simpleQuery('UPDATE `donhang...')
#3 D:\LuanVan_TN_2023\system\Database\BaseBuilder.php(2476): CodeIgniter\Database\BaseConnection->query('UPDATE `donhang...', Array, false)
#4 D:\LuanVan_TN_2023\system\Model.php(396): CodeIgniter\Database\BaseBuilder->update()
#5 D:\LuanVan_TN_2023\system\BaseModel.php(943): CodeIgniter\Model->doUpdate(Array, Array)
#6 D:\LuanVan_TN_2023\system\Model.php(756): CodeIgniter\BaseModel->update(Array, Array)
#7 D:\LuanVan_TN_2023\app\Controllers\OrderContrroller.php(116): CodeIgniter\Model->update(Array, Array)
#8 D:\LuanVan_TN_2023\system\CodeIgniter.php(934): App\Controllers\OrderContrroller->processCheckout()
#9 D:\LuanVan_TN_2023\system\CodeIgniter.php(499): CodeIgniter\CodeIgniter->runController(Object(App\Controllers\OrderContrroller))
#10 D:\LuanVan_TN_2023\system\CodeIgniter.php(368): CodeIgniter\CodeIgniter->handleRequest(NULL, Object(Config\Cache), false)
#11 D:\LuanVan_TN_2023\public\index.php(67): CodeIgniter\CodeIgniter->run()
#12 D:\LuanVan_TN_2023\system\Commands\Server\rewrite.php(47): require_once('D:\\LuanVan_TN_2...')
#13 {main}
CRITICAL - 2023-07-07 17:38:59 --> Unknown column 'status' in 'field list'
in SYSTEMPATH\Database\BaseConnection.php on line 645.
 1 SYSTEMPATH\Database\BaseBuilder.php(2476): CodeIgniter\Database\BaseConnection->query('UPDATE `donhang` SET `payment_method` = :payment_method:, `shipping_to` = :shipping_to:, `status` = :status:
WHERE `donhang`.`ma_don_hang` IN :donhang.ma_don_hang:', [...], false)
 2 SYSTEMPATH\Model.php(396): CodeIgniter\Database\BaseBuilder->update()
 3 SYSTEMPATH\BaseModel.php(943): CodeIgniter\Model->doUpdate([...], [...])
 4 SYSTEMPATH\Model.php(756): CodeIgniter\BaseModel->update([...], [...])
 5 APPPATH\Controllers\OrderContrroller.php(116): CodeIgniter\Model->update([...], [...])
 6 SYSTEMPATH\CodeIgniter.php(934): App\Controllers\OrderContrroller->processCheckout()
 7 SYSTEMPATH\CodeIgniter.php(499): CodeIgniter\CodeIgniter->runController(Object(App\Controllers\OrderContrroller))
 8 SYSTEMPATH\CodeIgniter.php(368): CodeIgniter\CodeIgniter->handleRequest(null, Object(Config\Cache), false)
 9 FCPATH\index.php(67): CodeIgniter\CodeIgniter->run()
10 SYSTEMPATH\Commands\Server\rewrite.php(47): require_once('FCPATH\\index.php')
INFO - 2023-07-07 17:39:34 --> Session: Class initialized using 'CodeIgniter\Session\Handlers\FileHandler' driver.
INFO - 2023-07-07 17:39:35 --> Session: Class initialized using 'CodeIgniter\Session\Handlers\FileHandler' driver.
INFO - 2023-07-07 17:40:13 --> Session: Class initialized using 'CodeIgniter\Session\Handlers\FileHandler' driver.
INFO - 2023-07-07 17:40:14 --> Session: Class initialized using 'CodeIgniter\Session\Handlers\FileHandler' driver.
INFO - 2023-07-07 17:41:45 --> Session: Class initialized using 'CodeIgniter\Session\Handlers\FileHandler' driver.
INFO - 2023-07-07 17:41:49 --> Session: Class initialized using 'CodeIgniter\Session\Handlers\FileHandler' driver.
INFO - 2023-07-07 17:41:53 --> Session: Class initialized using 'CodeIgniter\Session\Handlers\FileHandler' driver.
INFO - 2023-07-07 17:42:54 --> Session: Class initialized using 'CodeIgniter\Session\Handlers\FileHandler' driver.
INFO - 2023-07-07 17:43:14 --> Session: Class initialized using 'CodeIgniter\Session\Handlers\FileHandler' driver.
INFO - 2023-07-07 17:43:15 --> Session: Class initialized using 'CodeIgniter\Session\Handlers\FileHandler' driver.
INFO - 2023-07-07 17:44:20 --> Session: Class initialized using 'CodeIgniter\Session\Handlers\FileHandler' driver.
INFO - 2023-07-07 17:44:21 --> Session: Class initialized using 'CodeIgniter\Session\Handlers\FileHandler' driver.
INFO - 2023-07-07 17:45:04 --> Session: Class initialized using 'CodeIgniter\Session\Handlers\FileHandler' driver.
INFO - 2023-07-07 17:45:49 --> Session: Class initialized using 'CodeIgniter\Session\Handlers\FileHandler' driver.
INFO - 2023-07-07 17:45:50 --> Session: Class initialized using 'CodeIgniter\Session\Handlers\FileHandler' driver.
INFO - 2023-07-07 17:50:41 --> Session: Class initialized using 'CodeIgniter\Session\Handlers\FileHandler' driver.
INFO - 2023-07-07 17:52:12 --> Session: Class initialized using 'CodeIgniter\Session\Handlers\FileHandler' driver.
INFO - 2023-07-07 17:52:54 --> Session: Class initialized using 'CodeIgniter\Session\Handlers\FileHandler' driver.
INFO - 2023-07-07 18:02:56 --> Session: Class initialized using 'CodeIgniter\Session\Handlers\FileHandler' driver.
CRITICAL - 2023-07-07 18:02:56 --> Undefined array key "status"
in APPPATH\Views\User\header.php on line 86.
 1 APPPATH\Views\User\header.php(86): CodeIgniter\Debug\Exceptions->errorHandler(2, 'Undefined array key "status"', 'APPPATH\\Views\\User\\header.php', 86)
 2 SYSTEMPATH\View\View.php(213): include('APPPATH\\Views\\User\\header.php')
 3 SYSTEMPATH\View\View.php(216): CodeIgniter\View\View->CodeIgniter\View\{closure}()
 4 SYSTEMPATH\View\View.php(431): CodeIgniter\View\View->render('User/header', null, true)
 5 APPPATH\Views\User\layout.php(28): CodeIgniter\View\View->include('User/header')
 6 SYSTEMPATH\View\View.php(213): include('APPPATH\\Views\\User\\layout.php')
 7 SYSTEMPATH\View\View.php(216): CodeIgniter\View\View->CodeIgniter\View\{closure}()
 8 SYSTEMPATH\View\View.php(229): CodeIgniter\View\View->render('User/layout', [], true)
 9 SYSTEMPATH\Common.php(1184): CodeIgniter\View\View->render('User/Cart/index', [], true)
10 APPPATH\Controllers\CartController.php(60): view('User/Cart/index', [...])
11 SYSTEMPATH\CodeIgniter.php(934): App\Controllers\CartController->index()
12 SYSTEMPATH\CodeIgniter.php(499): CodeIgniter\CodeIgniter->runController(Object(App\Controllers\CartController))
13 SYSTEMPATH\CodeIgniter.php(368): CodeIgniter\CodeIgniter->handleRequest(null, Object(Config\Cache), false)
14 FCPATH\index.php(67): CodeIgniter\CodeIgniter->run()
15 SYSTEMPATH\Commands\Server\rewrite.php(47): require_once('FCPATH\\index.php')
INFO - 2023-07-07 18:03:03 --> Session: Class initialized using 'CodeIgniter\Session\Handlers\FileHandler' driver.
CRITICAL - 2023-07-07 18:03:03 --> Undefined array key "status"
in APPPATH\Views\User\header.php on line 86.
 1 APPPATH\Views\User\header.php(86): CodeIgniter\Debug\Exceptions->errorHandler(2, 'Undefined array key "status"', 'APPPATH\\Views\\User\\header.php', 86)
 2 SYSTEMPATH\View\View.php(213): include('APPPATH\\Views\\User\\header.php')
 3 SYSTEMPATH\View\View.php(216): CodeIgniter\View\View->CodeIgniter\View\{closure}()
 4 SYSTEMPATH\View\View.php(431): CodeIgniter\View\View->render('User/header', null, true)
 5 APPPATH\Views\User\layout.php(28): CodeIgniter\View\View->include('User/header')
 6 SYSTEMPATH\View\View.php(213): include('APPPATH\\Views\\User\\layout.php')
 7 SYSTEMPATH\View\View.php(216): CodeIgniter\View\View->CodeIgniter\View\{closure}()
 8 SYSTEMPATH\View\View.php(229): CodeIgniter\View\View->render('User/layout', [], true)
 9 SYSTEMPATH\Common.php(1184): CodeIgniter\View\View->render('User/Home/home', [], true)
10 APPPATH\Controllers\Home.php(27): view('User/Home/home', [...])
11 SYSTEMPATH\CodeIgniter.php(934): App\Controllers\Home->index()
12 SYSTEMPATH\CodeIgniter.php(499): CodeIgniter\CodeIgniter->runController(Object(App\Controllers\Home))
13 SYSTEMPATH\CodeIgniter.php(368): CodeIgniter\CodeIgniter->handleRequest(null, Object(Config\Cache), false)
14 FCPATH\index.php(67): CodeIgniter\CodeIgniter->run()
15 SYSTEMPATH\Commands\Server\rewrite.php(47): require_once('FCPATH\\index.php')
INFO - 2023-07-07 18:03:20 --> Session: Class initialized using 'CodeIgniter\Session\Handlers\FileHandler' driver.
CRITICAL - 2023-07-07 18:03:20 --> Undefined array key "trang_thai_don_hang"
in APPPATH\Views\User\header.php on line 86.
 1 APPPATH\Views\User\header.php(86): CodeIgniter\Debug\Exceptions->errorHandler(2, 'Undefined array key "trang_thai_don_hang"', 'APPPATH\\Views\\User\\header.php', 86)
 2 SYSTEMPATH\View\View.php(213): include('APPPATH\\Views\\User\\header.php')
 3 SYSTEMPATH\View\View.php(216): CodeIgniter\View\View->CodeIgniter\View\{closure}()
 4 SYSTEMPATH\View\View.php(431): CodeIgniter\View\View->render('User/header', null, true)
 5 APPPATH\Views\User\layout.php(28): CodeIgniter\View\View->include('User/header')
 6 SYSTEMPATH\View\View.php(213): include('APPPATH\\Views\\User\\layout.php')
 7 SYSTEMPATH\View\View.php(216): CodeIgniter\View\View->CodeIgniter\View\{closure}()
 8 SYSTEMPATH\View\View.php(229): CodeIgniter\View\View->render('User/layout', [], true)
 9 SYSTEMPATH\Common.php(1184): CodeIgniter\View\View->render('User/Home/home', [], true)
10 APPPATH\Controllers\Home.php(27): view('User/Home/home', [...])
11 SYSTEMPATH\CodeIgniter.php(934): App\Controllers\Home->index()
12 SYSTEMPATH\CodeIgniter.php(499): CodeIgniter\CodeIgniter->runController(Object(App\Controllers\Home))
13 SYSTEMPATH\CodeIgniter.php(368): CodeIgniter\CodeIgniter->handleRequest(null, Object(Config\Cache), false)
14 FCPATH\index.php(67): CodeIgniter\CodeIgniter->run()
15 SYSTEMPATH\Commands\Server\rewrite.php(47): require_once('FCPATH\\index.php')
CRITICAL - 2023-07-07 18:06:03 --> Cannot use empty array elements in arrays
in APPPATH\Controllers\Home.php on line 95.
 1 [internal function]: CodeIgniter\Debug\Exceptions->shutdownHandler()
CRITICAL - 2023-07-07 18:06:54 --> Cannot use empty array elements in arrays
in APPPATH\Controllers\Home.php on line 95.
 1 [internal function]: CodeIgniter\Debug\Exceptions->shutdownHandler()
INFO - 2023-07-07 18:07:16 --> Session: Class initialized using 'CodeIgniter\Session\Handlers\FileHandler' driver.
CRITICAL - 2023-07-07 18:07:16 --> Array to string conversion
in APPPATH\Controllers\Home.php on line 95.
 1 APPPATH\Controllers\Home.php(95): CodeIgniter\Debug\Exceptions->errorHandler(2, 'Array to string conversion', 'APPPATH\\Controllers\\Home.php', 95)
 2 APPPATH\Controllers\Home.php(24): App\Controllers\Home->cart()
 3 SYSTEMPATH\CodeIgniter.php(934): App\Controllers\Home->index()
 4 SYSTEMPATH\CodeIgniter.php(499): CodeIgniter\CodeIgniter->runController(Object(App\Controllers\Home))
 5 SYSTEMPATH\CodeIgniter.php(368): CodeIgniter\CodeIgniter->handleRequest(null, Object(Config\Cache), false)
 6 FCPATH\index.php(67): CodeIgniter\CodeIgniter->run()
 7 SYSTEMPATH\Commands\Server\rewrite.php(47): require_once('FCPATH\\index.php')
INFO - 2023-07-07 18:07:25 --> Session: Class initialized using 'CodeIgniter\Session\Handlers\FileHandler' driver.
INFO - 2023-07-07 18:45:35 --> Session: Class initialized using 'CodeIgniter\Session\Handlers\FileHandler' driver.
INFO - 2023-07-07 18:45:38 --> Session: Class initialized using 'CodeIgniter\Session\Handlers\FileHandler' driver.
INFO - 2023-07-07 18:45:38 --> Session: Class initialized using 'CodeIgniter\Session\Handlers\FileHandler' driver.
ERROR - 2023-07-07 18:45:49 --> mysqli_sql_exception: Unknown column 'customer_id' in 'field list' in D:\LuanVan_TN_2023\system\Database\MySQLi\Connection.php:295
Stack trace:
#0 D:\LuanVan_TN_2023\system\Database\MySQLi\Connection.php(295): mysqli->query('INSERT INTO `do...', 0)
#1 D:\LuanVan_TN_2023\system\Database\BaseConnection.php(691): CodeIgniter\Database\MySQLi\Connection->execute('INSERT INTO `do...')
#2 D:\LuanVan_TN_2023\system\Database\BaseConnection.php(605): CodeIgniter\Database\BaseConnection->simpleQuery('INSERT INTO `do...')
#3 D:\LuanVan_TN_2023\system\Database\BaseBuilder.php(2309): CodeIgniter\Database\BaseConnection->query('INSERT INTO `do...', Array, false)
#4 D:\LuanVan_TN_2023\system\Model.php(330): CodeIgniter\Database\BaseBuilder->insert()
#5 D:\LuanVan_TN_2023\system\BaseModel.php(782): CodeIgniter\Model->doInsert(Array)
#6 D:\LuanVan_TN_2023\system\Model.php(730): CodeIgniter\BaseModel->insert(Array, true)
#7 D:\LuanVan_TN_2023\app\Models\CartModel.php(51): CodeIgniter\Model->insert(Array)
#8 D:\LuanVan_TN_2023\app\Controllers\OrderContrroller.php(119): App\Models\CartModel->createNewCart('29')
#9 D:\LuanVan_TN_2023\system\CodeIgniter.php(934): App\Controllers\OrderContrroller->processCheckout()
#10 D:\LuanVan_TN_2023\system\CodeIgniter.php(499): CodeIgniter\CodeIgniter->runController(Object(App\Controllers\OrderContrroller))
#11 D:\LuanVan_TN_2023\system\CodeIgniter.php(368): CodeIgniter\CodeIgniter->handleRequest(NULL, Object(Config\Cache), false)
#12 D:\LuanVan_TN_2023\public\index.php(67): CodeIgniter\CodeIgniter->run()
#13 D:\LuanVan_TN_2023\system\Commands\Server\rewrite.php(47): require_once('D:\\LuanVan_TN_2...')
#14 {main}
CRITICAL - 2023-07-07 18:45:49 --> Unknown column 'customer_id' in 'field list'
in SYSTEMPATH\Database\BaseConnection.php on line 645.
 1 SYSTEMPATH\Database\BaseBuilder.php(2309): CodeIgniter\Database\BaseConnection->query('INSERT INTO `donhang` (`customer_id`) VALUES (:customer_id:)', [...], false)
 2 SYSTEMPATH\Model.php(330): CodeIgniter\Database\BaseBuilder->insert()
 3 SYSTEMPATH\BaseModel.php(782): CodeIgniter\Model->doInsert([...])
 4 SYSTEMPATH\Model.php(730): CodeIgniter\BaseModel->insert([...], true)
 5 APPPATH\Models\CartModel.php(51): CodeIgniter\Model->insert([...])
 6 APPPATH\Controllers\OrderContrroller.php(119): App\Models\CartModel->createNewCart('29')
 7 SYSTEMPATH\CodeIgniter.php(934): App\Controllers\OrderContrroller->processCheckout()
 8 SYSTEMPATH\CodeIgniter.php(499): CodeIgniter\CodeIgniter->runController(Object(App\Controllers\OrderContrroller))
 9 SYSTEMPATH\CodeIgniter.php(368): CodeIgniter\CodeIgniter->handleRequest(null, Object(Config\Cache), false)
10 FCPATH\index.php(67): CodeIgniter\CodeIgniter->run()
11 SYSTEMPATH\Commands\Server\rewrite.php(47): require_once('FCPATH\\index.php')
INFO - 2023-07-07 18:46:37 --> Session: Class initialized using 'CodeIgniter\Session\Handlers\FileHandler' driver.
ERROR - 2023-07-07 18:46:42 --> mysqli_sql_exception: Unknown column 'customer_id' in 'field list' in D:\LuanVan_TN_2023\system\Database\MySQLi\Connection.php:295
Stack trace:
#0 D:\LuanVan_TN_2023\system\Database\MySQLi\Connection.php(295): mysqli->query('INSERT INTO `do...', 0)
#1 D:\LuanVan_TN_2023\system\Database\BaseConnection.php(691): CodeIgniter\Database\MySQLi\Connection->execute('INSERT INTO `do...')
#2 D:\LuanVan_TN_2023\system\Database\BaseConnection.php(605): CodeIgniter\Database\BaseConnection->simpleQuery('INSERT INTO `do...')
#3 D:\LuanVan_TN_2023\system\Database\BaseBuilder.php(2309): CodeIgniter\Database\BaseConnection->query('INSERT INTO `do...', Array, false)
#4 D:\LuanVan_TN_2023\system\Model.php(330): CodeIgniter\Database\BaseBuilder->insert()
#5 D:\LuanVan_TN_2023\system\BaseModel.php(782): CodeIgniter\Model->doInsert(Array)
#6 D:\LuanVan_TN_2023\system\Model.php(730): CodeIgniter\BaseModel->insert(Array, true)
#7 D:\LuanVan_TN_2023\app\Models\CartModel.php(51): CodeIgniter\Model->insert(Array)
#8 D:\LuanVan_TN_2023\app\Controllers\OrderContrroller.php(119): App\Models\CartModel->createNewCart('29')
#9 D:\LuanVan_TN_2023\system\CodeIgniter.php(934): App\Controllers\OrderContrroller->processCheckout()
#10 D:\LuanVan_TN_2023\system\CodeIgniter.php(499): CodeIgniter\CodeIgniter->runController(Object(App\Controllers\OrderContrroller))
#11 D:\LuanVan_TN_2023\system\CodeIgniter.php(368): CodeIgniter\CodeIgniter->handleRequest(NULL, Object(Config\Cache), false)
#12 D:\LuanVan_TN_2023\public\index.php(67): CodeIgniter\CodeIgniter->run()
#13 D:\LuanVan_TN_2023\system\Commands\Server\rewrite.php(47): require_once('D:\\LuanVan_TN_2...')
#14 {main}
CRITICAL - 2023-07-07 18:46:42 --> Unknown column 'customer_id' in 'field list'
in SYSTEMPATH\Database\BaseConnection.php on line 645.
 1 SYSTEMPATH\Database\BaseBuilder.php(2309): CodeIgniter\Database\BaseConnection->query('INSERT INTO `donhang` (`customer_id`) VALUES (:customer_id:)', [...], false)
 2 SYSTEMPATH\Model.php(330): CodeIgniter\Database\BaseBuilder->insert()
 3 SYSTEMPATH\BaseModel.php(782): CodeIgniter\Model->doInsert([...])
 4 SYSTEMPATH\Model.php(730): CodeIgniter\BaseModel->insert([...], true)
 5 APPPATH\Models\CartModel.php(51): CodeIgniter\Model->insert([...])
 6 APPPATH\Controllers\OrderContrroller.php(119): App\Models\CartModel->createNewCart('29')
 7 SYSTEMPATH\CodeIgniter.php(934): App\Controllers\OrderContrroller->processCheckout()
 8 SYSTEMPATH\CodeIgniter.php(499): CodeIgniter\CodeIgniter->runController(Object(App\Controllers\OrderContrroller))
 9 SYSTEMPATH\CodeIgniter.php(368): CodeIgniter\CodeIgniter->handleRequest(null, Object(Config\Cache), false)
10 FCPATH\index.php(67): CodeIgniter\CodeIgniter->run()
11 SYSTEMPATH\Commands\Server\rewrite.php(47): require_once('FCPATH\\index.php')
INFO - 2023-07-07 18:47:04 --> Session: Class initialized using 'CodeIgniter\Session\Handlers\FileHandler' driver.
INFO - 2023-07-07 18:47:05 --> Session: Class initialized using 'CodeIgniter\Session\Handlers\FileHandler' driver.
INFO - 2023-07-07 18:47:18 --> Session: Class initialized using 'CodeIgniter\Session\Handlers\FileHandler' driver.
INFO - 2023-07-07 18:47:21 --> Session: Class initialized using 'CodeIgniter\Session\Handlers\FileHandler' driver.
INFO - 2023-07-07 18:50:42 --> Session: Class initialized using 'CodeIgniter\Session\Handlers\FileHandler' driver.
INFO - 2023-07-07 18:50:45 --> Session: Class initialized using 'CodeIgniter\Session\Handlers\FileHandler' driver.
INFO - 2023-07-07 18:51:55 --> Session: Class initialized using 'CodeIgniter\Session\Handlers\FileHandler' driver.
INFO - 2023-07-07 18:55:52 --> Session: Class initialized using 'CodeIgniter\Session\Handlers\FileHandler' driver.
INFO - 2023-07-07 18:55:56 --> Session: Class initialized using 'CodeIgniter\Session\Handlers\FileHandler' driver.
INFO - 2023-07-07 18:55:58 --> Session: Class initialized using 'CodeIgniter\Session\Handlers\FileHandler' driver.
INFO - 2023-07-07 18:55:58 --> Session: Class initialized using 'CodeIgniter\Session\Handlers\FileHandler' driver.
INFO - 2023-07-07 19:03:57 --> Session: Class initialized using 'CodeIgniter\Session\Handlers\FileHandler' driver.
INFO - 2023-07-07 19:04:44 --> Session: Class initialized using 'CodeIgniter\Session\Handlers\FileHandler' driver.
INFO - 2023-07-07 19:06:14 --> Session: Class initialized using 'CodeIgniter\Session\Handlers\FileHandler' driver.
INFO - 2023-07-07 19:09:16 --> Session: Class initialized using 'CodeIgniter\Session\Handlers\FileHandler' driver.
INFO - 2023-07-07 19:09:17 --> Session: Class initialized using 'CodeIgniter\Session\Handlers\FileHandler' driver.
INFO - 2023-07-07 19:09:31 --> Session: Class initialized using 'CodeIgniter\Session\Handlers\FileHandler' driver.
INFO - 2023-07-07 19:11:59 --> Session: Class initialized using 'CodeIgniter\Session\Handlers\FileHandler' driver.
INFO - 2023-07-07 19:12:00 --> Session: Class initialized using 'CodeIgniter\Session\Handlers\FileHandler' driver.
INFO - 2023-07-07 19:12:00 --> Session: Class initialized using 'CodeIgniter\Session\Handlers\FileHandler' driver.
INFO - 2023-07-07 19:16:43 --> Session: Class initialized using 'CodeIgniter\Session\Handlers\FileHandler' driver.
INFO - 2023-07-07 19:16:44 --> Session: Class initialized using 'CodeIgniter\Session\Handlers\FileHandler' driver.
INFO - 2023-07-07 19:20:42 --> Session: Class initialized using 'CodeIgniter\Session\Handlers\FileHandler' driver.
INFO - 2023-07-07 19:20:43 --> Session: Class initialized using 'CodeIgniter\Session\Handlers\FileHandler' driver.
INFO - 2023-07-07 19:42:06 --> Session: Class initialized using 'CodeIgniter\Session\Handlers\FileHandler' driver.
INFO - 2023-07-07 19:42:08 --> Session: Class initialized using 'CodeIgniter\Session\Handlers\FileHandler' driver.
INFO - 2023-07-07 19:43:21 --> Session: Class initialized using 'CodeIgniter\Session\Handlers\FileHandler' driver.
INFO - 2023-07-07 19:43:22 --> Session: Class initialized using 'CodeIgniter\Session\Handlers\FileHandler' driver.
INFO - 2023-07-07 19:47:57 --> Session: Class initialized using 'CodeIgniter\Session\Handlers\FileHandler' driver.
INFO - 2023-07-07 19:47:57 --> Session: Class initialized using 'CodeIgniter\Session\Handlers\FileHandler' driver.
INFO - 2023-07-07 19:48:10 --> Session: Class initialized using 'CodeIgniter\Session\Handlers\FileHandler' driver.
INFO - 2023-07-07 19:48:10 --> Session: Class initialized using 'CodeIgniter\Session\Handlers\FileHandler' driver.
INFO - 2023-07-07 19:48:13 --> Session: Class initialized using 'CodeIgniter\Session\Handlers\FileHandler' driver.
INFO - 2023-07-07 19:48:15 --> Session: Class initialized using 'CodeIgniter\Session\Handlers\FileHandler' driver.
INFO - 2023-07-07 19:55:45 --> Session: Class initialized using 'CodeIgniter\Session\Handlers\FileHandler' driver.
INFO - 2023-07-07 19:55:47 --> Session: Class initialized using 'CodeIgniter\Session\Handlers\FileHandler' driver.
INFO - 2023-07-07 19:55:47 --> Session: Class initialized using 'CodeIgniter\Session\Handlers\FileHandler' driver.
INFO - 2023-07-07 20:14:24 --> Session: Class initialized using 'CodeIgniter\Session\Handlers\FileHandler' driver.
INFO - 2023-07-07 20:14:24 --> Session: Class initialized using 'CodeIgniter\Session\Handlers\FileHandler' driver.
INFO - 2023-07-07 20:17:17 --> Session: Class initialized using 'CodeIgniter\Session\Handlers\FileHandler' driver.
INFO - 2023-07-07 20:17:18 --> Session: Class initialized using 'CodeIgniter\Session\Handlers\FileHandler' driver.
INFO - 2023-07-07 20:17:27 --> Session: Class initialized using 'CodeIgniter\Session\Handlers\FileHandler' driver.
ERROR - 2023-07-07 20:22:06 --> mysqli_sql_exception: Incorrect table definition; there can be only one auto column and it must be defined as a key in D:\LuanVan_TN_2023\system\Database\MySQLi\Connection.php:295
Stack trace:
#0 D:\LuanVan_TN_2023\system\Database\MySQLi\Connection.php(295): mysqli->query('CREATE TABLE `g...', 0)
#1 D:\LuanVan_TN_2023\system\Database\BaseConnection.php(691): CodeIgniter\Database\MySQLi\Connection->execute('CREATE TABLE `g...')
#2 D:\LuanVan_TN_2023\system\Database\BaseConnection.php(605): CodeIgniter\Database\BaseConnection->simpleQuery('CREATE TABLE `g...')
#3 D:\LuanVan_TN_2023\system\Database\Forge.php(546): CodeIgniter\Database\BaseConnection->query('CREATE TABLE `g...')
#4 D:\LuanVan_TN_2023\app\Database\Migrations\2023-07-07-202021_GioHang.php(67): CodeIgniter\Database\Forge->createTable('gio_hang', true, Array)
#5 D:\LuanVan_TN_2023\system\Database\MigrationRunner.php(877): App\Database\Migrations\GioHang->up()
#6 D:\LuanVan_TN_2023\system\Database\MigrationRunner.php(188): CodeIgniter\Database\MigrationRunner->migrate('up', Object(stdClass))
#7 D:\LuanVan_TN_2023\system\Commands\Database\Migrate.php(84): CodeIgniter\Database\MigrationRunner->latest(NULL)
#8 D:\LuanVan_TN_2023\system\CLI\Commands.php(65): CodeIgniter\Commands\Database\Migrate->run(Array)
#9 D:\LuanVan_TN_2023\system\CLI\Console.php(37): CodeIgniter\CLI\Commands->run('migrate', Array)
#10 D:\LuanVan_TN_2023\spark(97): CodeIgniter\CLI\Console->run()
#11 {main}
INFO - 2023-07-07 20:31:36 --> Session: Class initialized using 'CodeIgniter\Session\Handlers\FileHandler' driver.
INFO - 2023-07-07 20:31:41 --> Session: Class initialized using 'CodeIgniter\Session\Handlers\FileHandler' driver.
INFO - 2023-07-07 20:31:41 --> Session: Class initialized using 'CodeIgniter\Session\Handlers\FileHandler' driver.
ERROR - 2023-07-07 20:31:44 --> mysqli_sql_exception: Unknown column 'customer_id' in 'where clause' in D:\LuanVan_TN_2023\system\Database\MySQLi\Connection.php:295
Stack trace:
#0 D:\LuanVan_TN_2023\system\Database\MySQLi\Connection.php(295): mysqli->query('DELETE FROM `do...', 0)
#1 D:\LuanVan_TN_2023\system\Database\BaseConnection.php(691): CodeIgniter\Database\MySQLi\Connection->execute('DELETE FROM `do...')
#2 D:\LuanVan_TN_2023\system\Database\BaseConnection.php(605): CodeIgniter\Database\BaseConnection->simpleQuery('DELETE FROM `do...')
#3 D:\LuanVan_TN_2023\system\Database\BaseBuilder.php(2791): CodeIgniter\Database\BaseConnection->query('DELETE FROM `do...', Array, false)
#4 D:\LuanVan_TN_2023\system\Model.php(456): CodeIgniter\Database\BaseBuilder->delete()
#5 D:\LuanVan_TN_2023\system\BaseModel.php(1065): CodeIgniter\Model->doDelete(NULL, false)
#6 D:\LuanVan_TN_2023\app\Controllers\OrderContrroller.php(167): CodeIgniter\BaseModel->delete()
#7 D:\LuanVan_TN_2023\system\CodeIgniter.php(934): App\Controllers\OrderContrroller->processCheckout()
#8 D:\LuanVan_TN_2023\system\CodeIgniter.php(499): CodeIgniter\CodeIgniter->runController(Object(App\Controllers\OrderContrroller))
#9 D:\LuanVan_TN_2023\system\CodeIgniter.php(368): CodeIgniter\CodeIgniter->handleRequest(NULL, Object(Config\Cache), false)
#10 D:\LuanVan_TN_2023\public\index.php(67): CodeIgniter\CodeIgniter->run()
#11 D:\LuanVan_TN_2023\system\Commands\Server\rewrite.php(47): require_once('D:\\LuanVan_TN_2...')
#12 {main}
CRITICAL - 2023-07-07 20:31:44 --> Unknown column 'customer_id' in 'where clause'
in SYSTEMPATH\Database\BaseConnection.php on line 645.
 1 SYSTEMPATH\Database\BaseBuilder.php(2791): CodeIgniter\Database\BaseConnection->query('DELETE FROM `donhang`
WHERE `customer_id` = :customer_id:', [...], false)
 2 SYSTEMPATH\Model.php(456): CodeIgniter\Database\BaseBuilder->delete()
 3 SYSTEMPATH\BaseModel.php(1065): CodeIgniter\Model->doDelete(null, false)
 4 APPPATH\Controllers\OrderContrroller.php(167): CodeIgniter\BaseModel->delete()
 5 SYSTEMPATH\CodeIgniter.php(934): App\Controllers\OrderContrroller->processCheckout()
 6 SYSTEMPATH\CodeIgniter.php(499): CodeIgniter\CodeIgniter->runController(Object(App\Controllers\OrderContrroller))
 7 SYSTEMPATH\CodeIgniter.php(368): CodeIgniter\CodeIgniter->handleRequest(null, Object(Config\Cache), false)
 8 FCPATH\index.php(67): CodeIgniter\CodeIgniter->run()
 9 SYSTEMPATH\Commands\Server\rewrite.php(47): require_once('FCPATH\\index.php')
INFO - 2023-07-07 20:32:10 --> Session: Class initialized using 'CodeIgniter\Session\Handlers\FileHandler' driver.
INFO - 2023-07-07 20:32:11 --> Session: Class initialized using 'CodeIgniter\Session\Handlers\FileHandler' driver.
ERROR - 2023-07-07 20:32:13 --> mysqli_sql_exception: Cannot delete or update a parent row: a foreign key constraint fails (`luanvan`.`chitietdonhang`, CONSTRAINT `FK_ctdh_dh` FOREIGN KEY (`ma_don_hang`) REFERENCES `donhang` (`ma_don_hang`) ON DELETE RESTRICT ON UPDATE RESTRICT) in D:\LuanVan_TN_2023\system\Database\MySQLi\Connection.php:295
Stack trace:
#0 D:\LuanVan_TN_2023\system\Database\MySQLi\Connection.php(295): mysqli->query('DELETE FROM `do...', 0)
#1 D:\LuanVan_TN_2023\system\Database\BaseConnection.php(691): CodeIgniter\Database\MySQLi\Connection->execute('DELETE FROM `do...')
#2 D:\LuanVan_TN_2023\system\Database\BaseConnection.php(605): CodeIgniter\Database\BaseConnection->simpleQuery('DELETE FROM `do...')
#3 D:\LuanVan_TN_2023\system\Database\BaseBuilder.php(2791): CodeIgniter\Database\BaseConnection->query('DELETE FROM `do...', Array, false)
#4 D:\LuanVan_TN_2023\system\Model.php(456): CodeIgniter\Database\BaseBuilder->delete()
#5 D:\LuanVan_TN_2023\system\BaseModel.php(1065): CodeIgniter\Model->doDelete(NULL, false)
#6 D:\LuanVan_TN_2023\app\Controllers\OrderContrroller.php(167): CodeIgniter\BaseModel->delete()
#7 D:\LuanVan_TN_2023\system\CodeIgniter.php(934): App\Controllers\OrderContrroller->processCheckout()
#8 D:\LuanVan_TN_2023\system\CodeIgniter.php(499): CodeIgniter\CodeIgniter->runController(Object(App\Controllers\OrderContrroller))
#9 D:\LuanVan_TN_2023\system\CodeIgniter.php(368): CodeIgniter\CodeIgniter->handleRequest(NULL, Object(Config\Cache), false)
#10 D:\LuanVan_TN_2023\public\index.php(67): CodeIgniter\CodeIgniter->run()
#11 D:\LuanVan_TN_2023\system\Commands\Server\rewrite.php(47): require_once('D:\\LuanVan_TN_2...')
#12 {main}
CRITICAL - 2023-07-07 20:32:13 --> Cannot delete or update a parent row: a foreign key constraint fails (`luanvan`.`chitietdonhang`, CONSTRAINT `FK_ctdh_dh` FOREIGN KEY (`ma_don_hang`) REFERENCES `donhang` (`ma_don_hang`) ON DELETE RESTRICT ON UPDATE RESTRICT)
in SYSTEMPATH\Database\BaseConnection.php on line 645.
 1 SYSTEMPATH\Database\BaseBuilder.php(2791): CodeIgniter\Database\BaseConnection->query('DELETE FROM `donhang`
WHERE `ma_khach_hang` = :ma_khach_hang:', [...], false)
 2 SYSTEMPATH\Model.php(456): CodeIgniter\Database\BaseBuilder->delete()
 3 SYSTEMPATH\BaseModel.php(1065): CodeIgniter\Model->doDelete(null, false)
 4 APPPATH\Controllers\OrderContrroller.php(167): CodeIgniter\BaseModel->delete()
 5 SYSTEMPATH\CodeIgniter.php(934): App\Controllers\OrderContrroller->processCheckout()
 6 SYSTEMPATH\CodeIgniter.php(499): CodeIgniter\CodeIgniter->runController(Object(App\Controllers\OrderContrroller))
 7 SYSTEMPATH\CodeIgniter.php(368): CodeIgniter\CodeIgniter->handleRequest(null, Object(Config\Cache), false)
 8 FCPATH\index.php(67): CodeIgniter\CodeIgniter->run()
 9 SYSTEMPATH\Commands\Server\rewrite.php(47): require_once('FCPATH\\index.php')
INFO - 2023-07-07 20:39:22 --> Session: Class initialized using 'CodeIgniter\Session\Handlers\FileHandler' driver.
INFO - 2023-07-07 20:40:11 --> Session: Class initialized using 'CodeIgniter\Session\Handlers\FileHandler' driver.
ERROR - 2023-07-07 20:40:12 --> mysqli_sql_exception: Cannot delete or update a parent row: a foreign key constraint fails (`luanvan`.`chitietdonhang`, CONSTRAINT `FK_ctdh_dh` FOREIGN KEY (`ma_don_hang`) REFERENCES `donhang` (`ma_don_hang`) ON UPDATE RESTRICT) in D:\LuanVan_TN_2023\system\Database\MySQLi\Connection.php:295
Stack trace:
#0 D:\LuanVan_TN_2023\system\Database\MySQLi\Connection.php(295): mysqli->query('DELETE FROM `do...', 0)
#1 D:\LuanVan_TN_2023\system\Database\BaseConnection.php(691): CodeIgniter\Database\MySQLi\Connection->execute('DELETE FROM `do...')
#2 D:\LuanVan_TN_2023\system\Database\BaseConnection.php(605): CodeIgniter\Database\BaseConnection->simpleQuery('DELETE FROM `do...')
#3 D:\LuanVan_TN_2023\system\Database\BaseBuilder.php(2791): CodeIgniter\Database\BaseConnection->query('DELETE FROM `do...', Array, false)
#4 D:\LuanVan_TN_2023\system\Model.php(456): CodeIgniter\Database\BaseBuilder->delete()
#5 D:\LuanVan_TN_2023\system\BaseModel.php(1065): CodeIgniter\Model->doDelete(NULL, false)
#6 D:\LuanVan_TN_2023\app\Controllers\OrderContrroller.php(168): CodeIgniter\BaseModel->delete()
#7 D:\LuanVan_TN_2023\system\CodeIgniter.php(934): App\Controllers\OrderContrroller->processCheckout()
#8 D:\LuanVan_TN_2023\system\CodeIgniter.php(499): CodeIgniter\CodeIgniter->runController(Object(App\Controllers\OrderContrroller))
#9 D:\LuanVan_TN_2023\system\CodeIgniter.php(368): CodeIgniter\CodeIgniter->handleRequest(NULL, Object(Config\Cache), false)
#10 D:\LuanVan_TN_2023\public\index.php(67): CodeIgniter\CodeIgniter->run()
#11 D:\LuanVan_TN_2023\system\Commands\Server\rewrite.php(47): require_once('D:\\LuanVan_TN_2...')
#12 {main}
CRITICAL - 2023-07-07 20:40:12 --> Cannot delete or update a parent row: a foreign key constraint fails (`luanvan`.`chitietdonhang`, CONSTRAINT `FK_ctdh_dh` FOREIGN KEY (`ma_don_hang`) REFERENCES `donhang` (`ma_don_hang`) ON UPDATE RESTRICT)
in SYSTEMPATH\Database\BaseConnection.php on line 645.
 1 SYSTEMPATH\Database\BaseBuilder.php(2791): CodeIgniter\Database\BaseConnection->query('DELETE FROM `donhang`
WHERE `ma_khach_hang` = :ma_khach_hang:', [...], false)
 2 SYSTEMPATH\Model.php(456): CodeIgniter\Database\BaseBuilder->delete()
 3 SYSTEMPATH\BaseModel.php(1065): CodeIgniter\Model->doDelete(null, false)
 4 APPPATH\Controllers\OrderContrroller.php(168): CodeIgniter\BaseModel->delete()
 5 SYSTEMPATH\CodeIgniter.php(934): App\Controllers\OrderContrroller->processCheckout()
 6 SYSTEMPATH\CodeIgniter.php(499): CodeIgniter\CodeIgniter->runController(Object(App\Controllers\OrderContrroller))
 7 SYSTEMPATH\CodeIgniter.php(368): CodeIgniter\CodeIgniter->handleRequest(null, Object(Config\Cache), false)
 8 FCPATH\index.php(67): CodeIgniter\CodeIgniter->run()
 9 SYSTEMPATH\Commands\Server\rewrite.php(47): require_once('FCPATH\\index.php')
INFO - 2023-07-07 20:41:07 --> Session: Class initialized using 'CodeIgniter\Session\Handlers\FileHandler' driver.
INFO - 2023-07-07 20:46:06 --> Session: Class initialized using 'CodeIgniter\Session\Handlers\FileHandler' driver.
INFO - 2023-07-07 20:46:06 --> Session: Class initialized using 'CodeIgniter\Session\Handlers\FileHandler' driver.
CRITICAL - 2023-07-07 20:46:06 --> Trying to access array offset on value of type null
in APPPATH\Views\User\Cart\index.php on line 296.
 1 APPPATH\Views\User\Cart\index.php(296): CodeIgniter\Debug\Exceptions->errorHandler(2, 'Trying to access array offset on value of type null', 'APPPATH\\Views\\User\\Cart\\index.php', 296)
 2 SYSTEMPATH\View\View.php(213): include('APPPATH\\Views\\User\\Cart\\index.php')
 3 SYSTEMPATH\View\View.php(216): CodeIgniter\View\View->CodeIgniter\View\{closure}()
 4 SYSTEMPATH\Common.php(1184): CodeIgniter\View\View->render('User/Cart/index', [], true)
 5 APPPATH\Controllers\CartController.php(60): view('User/Cart/index', [...])
 6 SYSTEMPATH\CodeIgniter.php(934): App\Controllers\CartController->index()
 7 SYSTEMPATH\CodeIgniter.php(499): CodeIgniter\CodeIgniter->runController(Object(App\Controllers\CartController))
 8 SYSTEMPATH\CodeIgniter.php(368): CodeIgniter\CodeIgniter->handleRequest(null, Object(Config\Cache), false)
 9 FCPATH\index.php(67): CodeIgniter\CodeIgniter->run()
10 SYSTEMPATH\Commands\Server\rewrite.php(47): require_once('FCPATH\\index.php')
INFO - 2023-07-07 20:46:09 --> Session: Class initialized using 'CodeIgniter\Session\Handlers\FileHandler' driver.
CRITICAL - 2023-07-07 20:46:09 --> Trying to access array offset on value of type null
in APPPATH\Views\User\Cart\index.php on line 296.
 1 APPPATH\Views\User\Cart\index.php(296): CodeIgniter\Debug\Exceptions->errorHandler(2, 'Trying to access array offset on value of type null', 'APPPATH\\Views\\User\\Cart\\index.php', 296)
 2 SYSTEMPATH\View\View.php(213): include('APPPATH\\Views\\User\\Cart\\index.php')
 3 SYSTEMPATH\View\View.php(216): CodeIgniter\View\View->CodeIgniter\View\{closure}()
 4 SYSTEMPATH\Common.php(1184): CodeIgniter\View\View->render('User/Cart/index', [], true)
 5 APPPATH\Controllers\CartController.php(60): view('User/Cart/index', [...])
 6 SYSTEMPATH\CodeIgniter.php(934): App\Controllers\CartController->index()
 7 SYSTEMPATH\CodeIgniter.php(499): CodeIgniter\CodeIgniter->runController(Object(App\Controllers\CartController))
 8 SYSTEMPATH\CodeIgniter.php(368): CodeIgniter\CodeIgniter->handleRequest(null, Object(Config\Cache), false)
 9 FCPATH\index.php(67): CodeIgniter\CodeIgniter->run()
10 SYSTEMPATH\Commands\Server\rewrite.php(47): require_once('FCPATH\\index.php')
INFO - 2023-07-07 20:46:34 --> Session: Class initialized using 'CodeIgniter\Session\Handlers\FileHandler' driver.
INFO - 2023-07-07 20:46:37 --> Session: Class initialized using 'CodeIgniter\Session\Handlers\FileHandler' driver.
INFO - 2023-07-07 20:46:37 --> Session: Class initialized using 'CodeIgniter\Session\Handlers\FileHandler' driver.
INFO - 2023-07-07 20:46:37 --> Session: Class initialized using 'CodeIgniter\Session\Handlers\FileHandler' driver.
INFO - 2023-07-07 20:46:38 --> Session: Class initialized using 'CodeIgniter\Session\Handlers\FileHandler' driver.
INFO - 2023-07-07 20:46:38 --> Session: Class initialized using 'CodeIgniter\Session\Handlers\FileHandler' driver.
INFO - 2023-07-07 20:46:38 --> Session: Class initialized using 'CodeIgniter\Session\Handlers\FileHandler' driver.
INFO - 2023-07-07 20:46:39 --> Session: Class initialized using 'CodeIgniter\Session\Handlers\FileHandler' driver.
INFO - 2023-07-07 20:46:39 --> Session: Class initialized using 'CodeIgniter\Session\Handlers\FileHandler' driver.
INFO - 2023-07-07 20:46:54 --> Session: Class initialized using 'CodeIgniter\Session\Handlers\FileHandler' driver.
INFO - 2023-07-07 20:46:54 --> Session: Class initialized using 'CodeIgniter\Session\Handlers\FileHandler' driver.
INFO - 2023-07-07 20:48:13 --> Session: Class initialized using 'CodeIgniter\Session\Handlers\FileHandler' driver.
INFO - 2023-07-07 20:55:56 --> Session: Class initialized using 'CodeIgniter\Session\Handlers\FileHandler' driver.
CRITICAL - 2023-07-07 20:55:56 --> Trying to access array offset on value of type null
in APPPATH\Views\User\Cart\index.php on line 296.
 1 APPPATH\Views\User\Cart\index.php(296): CodeIgniter\Debug\Exceptions->errorHandler(2, 'Trying to access array offset on value of type null', 'APPPATH\\Views\\User\\Cart\\index.php', 296)
 2 SYSTEMPATH\View\View.php(213): include('APPPATH\\Views\\User\\Cart\\index.php')
 3 SYSTEMPATH\View\View.php(216): CodeIgniter\View\View->CodeIgniter\View\{closure}()
 4 SYSTEMPATH\Common.php(1184): CodeIgniter\View\View->render('User/Cart/index', [], true)
 5 APPPATH\Controllers\CartController.php(60): view('User/Cart/index', [...])
 6 SYSTEMPATH\CodeIgniter.php(934): App\Controllers\CartController->index()
 7 SYSTEMPATH\CodeIgniter.php(499): CodeIgniter\CodeIgniter->runController(Object(App\Controllers\CartController))
 8 SYSTEMPATH\CodeIgniter.php(368): CodeIgniter\CodeIgniter->handleRequest(null, Object(Config\Cache), false)
 9 FCPATH\index.php(67): CodeIgniter\CodeIgniter->run()
10 SYSTEMPATH\Commands\Server\rewrite.php(47): require_once('FCPATH\\index.php')
INFO - 2023-07-07 20:56:21 --> Session: Class initialized using 'CodeIgniter\Session\Handlers\FileHandler' driver.
INFO - 2023-07-07 20:56:25 --> Session: Class initialized using 'CodeIgniter\Session\Handlers\FileHandler' driver.
INFO - 2023-07-07 20:56:25 --> Session: Class initialized using 'CodeIgniter\Session\Handlers\FileHandler' driver.
INFO - 2023-07-07 20:56:26 --> Session: Class initialized using 'CodeIgniter\Session\Handlers\FileHandler' driver.
INFO - 2023-07-07 20:56:26 --> Session: Class initialized using 'CodeIgniter\Session\Handlers\FileHandler' driver.
INFO - 2023-07-07 20:56:26 --> Session: Class initialized using 'CodeIgniter\Session\Handlers\FileHandler' driver.
INFO - 2023-07-07 20:56:26 --> Session: Class initialized using 'CodeIgniter\Session\Handlers\FileHandler' driver.
INFO - 2023-07-07 20:56:28 --> Session: Class initialized using 'CodeIgniter\Session\Handlers\FileHandler' driver.
INFO - 2023-07-07 20:56:28 --> Session: Class initialized using 'CodeIgniter\Session\Handlers\FileHandler' driver.
INFO - 2023-07-07 20:56:32 --> Session: Class initialized using 'CodeIgniter\Session\Handlers\FileHandler' driver.
INFO - 2023-07-07 20:56:33 --> Session: Class initialized using 'CodeIgniter\Session\Handlers\FileHandler' driver.
ERROR - 2023-07-07 21:02:52 --> mysqli_sql_exception: Cannot delete or update a parent row: a foreign key constraint fails (`luanvan`.`chitietdonhang`, CONSTRAINT `FK_ctdh_dh` FOREIGN KEY (`ma_don_hang`) REFERENCES `donhang` (`ma_don_hang`)) in D:\LuanVan_TN_2023\system\Database\MySQLi\Connection.php:295
Stack trace:
#0 D:\LuanVan_TN_2023\system\Database\MySQLi\Connection.php(295): mysqli->query('DELETE FROM `do...', 0)
#1 D:\LuanVan_TN_2023\system\Database\BaseConnection.php(691): CodeIgniter\Database\MySQLi\Connection->execute('DELETE FROM `do...')
#2 D:\LuanVan_TN_2023\system\Database\BaseConnection.php(605): CodeIgniter\Database\BaseConnection->simpleQuery('DELETE FROM `do...')
#3 D:\LuanVan_TN_2023\system\Database\BaseBuilder.php(2791): CodeIgniter\Database\BaseConnection->query('DELETE FROM `do...', Array, false)
#4 D:\LuanVan_TN_2023\system\Model.php(456): CodeIgniter\Database\BaseBuilder->delete()
#5 D:\LuanVan_TN_2023\system\BaseModel.php(1065): CodeIgniter\Model->doDelete(NULL, false)
#6 D:\LuanVan_TN_2023\app\Controllers\OrderContrroller.php(172): CodeIgniter\BaseModel->delete()
#7 D:\LuanVan_TN_2023\system\CodeIgniter.php(934): App\Controllers\OrderContrroller->processCheckout()
#8 D:\LuanVan_TN_2023\system\CodeIgniter.php(499): CodeIgniter\CodeIgniter->runController(Object(App\Controllers\OrderContrroller))
#9 D:\LuanVan_TN_2023\system\CodeIgniter.php(368): CodeIgniter\CodeIgniter->handleRequest(NULL, Object(Config\Cache), false)
#10 D:\LuanVan_TN_2023\public\index.php(67): CodeIgniter\CodeIgniter->run()
#11 D:\LuanVan_TN_2023\system\Commands\Server\rewrite.php(47): require_once('D:\\LuanVan_TN_2...')
#12 {main}
CRITICAL - 2023-07-07 21:02:52 --> Cannot delete or update a parent row: a foreign key constraint fails (`luanvan`.`chitietdonhang`, CONSTRAINT `FK_ctdh_dh` FOREIGN KEY (`ma_don_hang`) REFERENCES `donhang` (`ma_don_hang`))
in SYSTEMPATH\Database\BaseConnection.php on line 645.
 1 SYSTEMPATH\Database\BaseBuilder.php(2791): CodeIgniter\Database\BaseConnection->query('DELETE FROM `donhang`
WHERE `ma_khach_hang` = :ma_khach_hang:', [...], false)
 2 SYSTEMPATH\Model.php(456): CodeIgniter\Database\BaseBuilder->delete()
 3 SYSTEMPATH\BaseModel.php(1065): CodeIgniter\Model->doDelete(null, false)
 4 APPPATH\Controllers\OrderContrroller.php(172): CodeIgniter\BaseModel->delete()
 5 SYSTEMPATH\CodeIgniter.php(934): App\Controllers\OrderContrroller->processCheckout()
 6 SYSTEMPATH\CodeIgniter.php(499): CodeIgniter\CodeIgniter->runController(Object(App\Controllers\OrderContrroller))
 7 SYSTEMPATH\CodeIgniter.php(368): CodeIgniter\CodeIgniter->handleRequest(null, Object(Config\Cache), false)
 8 FCPATH\index.php(67): CodeIgniter\CodeIgniter->run()
 9 SYSTEMPATH\Commands\Server\rewrite.php(47): require_once('FCPATH\\index.php')
INFO - 2023-07-07 21:05:28 --> Session: Class initialized using 'CodeIgniter\Session\Handlers\FileHandler' driver.
ERROR - 2023-07-07 21:05:30 --> mysqli_sql_exception: Cannot delete or update a parent row: a foreign key constraint fails (`luanvan`.`chitietdonhang`, CONSTRAINT `FK_ctdh_dh` FOREIGN KEY (`ma_don_hang`) REFERENCES `donhang` (`ma_don_hang`)) in D:\LuanVan_TN_2023\system\Database\MySQLi\Connection.php:295
Stack trace:
#0 D:\LuanVan_TN_2023\system\Database\MySQLi\Connection.php(295): mysqli->query('DELETE FROM `do...', 0)
#1 D:\LuanVan_TN_2023\system\Database\BaseConnection.php(691): CodeIgniter\Database\MySQLi\Connection->execute('DELETE FROM `do...')
#2 D:\LuanVan_TN_2023\system\Database\BaseConnection.php(605): CodeIgniter\Database\BaseConnection->simpleQuery('DELETE FROM `do...')
#3 D:\LuanVan_TN_2023\system\Database\BaseBuilder.php(2791): CodeIgniter\Database\BaseConnection->query('DELETE FROM `do...', Array, false)
#4 D:\LuanVan_TN_2023\system\Model.php(456): CodeIgniter\Database\BaseBuilder->delete()
#5 D:\LuanVan_TN_2023\system\BaseModel.php(1065): CodeIgniter\Model->doDelete(NULL, false)
#6 D:\LuanVan_TN_2023\app\Controllers\OrderContrroller.php(172): CodeIgniter\BaseModel->delete()
#7 D:\LuanVan_TN_2023\system\CodeIgniter.php(934): App\Controllers\OrderContrroller->processCheckout()
#8 D:\LuanVan_TN_2023\system\CodeIgniter.php(499): CodeIgniter\CodeIgniter->runController(Object(App\Controllers\OrderContrroller))
#9 D:\LuanVan_TN_2023\system\CodeIgniter.php(368): CodeIgniter\CodeIgniter->handleRequest(NULL, Object(Config\Cache), false)
#10 D:\LuanVan_TN_2023\public\index.php(67): CodeIgniter\CodeIgniter->run()
#11 D:\LuanVan_TN_2023\system\Commands\Server\rewrite.php(47): require_once('D:\\LuanVan_TN_2...')
#12 {main}
CRITICAL - 2023-07-07 21:05:30 --> Cannot delete or update a parent row: a foreign key constraint fails (`luanvan`.`chitietdonhang`, CONSTRAINT `FK_ctdh_dh` FOREIGN KEY (`ma_don_hang`) REFERENCES `donhang` (`ma_don_hang`))
in SYSTEMPATH\Database\BaseConnection.php on line 645.
 1 SYSTEMPATH\Database\BaseBuilder.php(2791): CodeIgniter\Database\BaseConnection->query('DELETE FROM `donhang`
WHERE `ma_khach_hang` = :ma_khach_hang:', [...], false)
 2 SYSTEMPATH\Model.php(456): CodeIgniter\Database\BaseBuilder->delete()
 3 SYSTEMPATH\BaseModel.php(1065): CodeIgniter\Model->doDelete(null, false)
 4 APPPATH\Controllers\OrderContrroller.php(172): CodeIgniter\BaseModel->delete()
 5 SYSTEMPATH\CodeIgniter.php(934): App\Controllers\OrderContrroller->processCheckout()
 6 SYSTEMPATH\CodeIgniter.php(499): CodeIgniter\CodeIgniter->runController(Object(App\Controllers\OrderContrroller))
 7 SYSTEMPATH\CodeIgniter.php(368): CodeIgniter\CodeIgniter->handleRequest(null, Object(Config\Cache), false)
 8 FCPATH\index.php(67): CodeIgniter\CodeIgniter->run()
 9 SYSTEMPATH\Commands\Server\rewrite.php(47): require_once('FCPATH\\index.php')
INFO - 2023-07-07 21:05:49 --> Session: Class initialized using 'CodeIgniter\Session\Handlers\FileHandler' driver.
INFO - 2023-07-07 21:05:50 --> Session: Class initialized using 'CodeIgniter\Session\Handlers\FileHandler' driver.
INFO - 2023-07-07 21:05:52 --> Session: Class initialized using 'CodeIgniter\Session\Handlers\FileHandler' driver.
INFO - 2023-07-07 21:11:35 --> Session: Class initialized using 'CodeIgniter\Session\Handlers\FileHandler' driver.
INFO - 2023-07-07 21:11:35 --> Session: Class initialized using 'CodeIgniter\Session\Handlers\FileHandler' driver.
INFO - 2023-07-07 21:11:38 --> Session: Class initialized using 'CodeIgniter\Session\Handlers\FileHandler' driver.
INFO - 2023-07-07 21:13:25 --> Session: Class initialized using 'CodeIgniter\Session\Handlers\FileHandler' driver.
INFO - 2023-07-07 21:13:25 --> Session: Class initialized using 'CodeIgniter\Session\Handlers\FileHandler' driver.
ERROR - 2023-07-07 21:13:30 --> mysqli_sql_exception: Cannot delete or update a parent row: a foreign key constraint fails (`luanvan`.`gio_hang`, CONSTRAINT `FK_GH_DHI` FOREIGN KEY (`ma_don_hang`) REFERENCES `donhang` (`ma_don_hang`)) in D:\LuanVan_TN_2023\system\Database\MySQLi\Connection.php:295
Stack trace:
#0 D:\LuanVan_TN_2023\system\Database\MySQLi\Connection.php(295): mysqli->query('DELETE FROM `do...', 0)
#1 D:\LuanVan_TN_2023\system\Database\BaseConnection.php(691): CodeIgniter\Database\MySQLi\Connection->execute('DELETE FROM `do...')
#2 D:\LuanVan_TN_2023\system\Database\BaseConnection.php(605): CodeIgniter\Database\BaseConnection->simpleQuery('DELETE FROM `do...')
#3 D:\LuanVan_TN_2023\system\Database\BaseBuilder.php(2791): CodeIgniter\Database\BaseConnection->query('DELETE FROM `do...', Array, false)
#4 D:\LuanVan_TN_2023\system\Model.php(456): CodeIgniter\Database\BaseBuilder->delete()
#5 D:\LuanVan_TN_2023\system\BaseModel.php(1065): CodeIgniter\Model->doDelete(NULL, false)
#6 D:\LuanVan_TN_2023\app\Controllers\OrderContrroller.php(178): CodeIgniter\BaseModel->delete()
#7 D:\LuanVan_TN_2023\system\CodeIgniter.php(934): App\Controllers\OrderContrroller->processCheckout()
#8 D:\LuanVan_TN_2023\system\CodeIgniter.php(499): CodeIgniter\CodeIgniter->runController(Object(App\Controllers\OrderContrroller))
#9 D:\LuanVan_TN_2023\system\CodeIgniter.php(368): CodeIgniter\CodeIgniter->handleRequest(NULL, Object(Config\Cache), false)
#10 D:\LuanVan_TN_2023\public\index.php(67): CodeIgniter\CodeIgniter->run()
#11 D:\LuanVan_TN_2023\system\Commands\Server\rewrite.php(47): require_once('D:\\LuanVan_TN_2...')
#12 {main}
CRITICAL - 2023-07-07 21:13:30 --> Cannot delete or update a parent row: a foreign key constraint fails (`luanvan`.`gio_hang`, CONSTRAINT `FK_GH_DHI` FOREIGN KEY (`ma_don_hang`) REFERENCES `donhang` (`ma_don_hang`))
in SYSTEMPATH\Database\BaseConnection.php on line 645.
 1 SYSTEMPATH\Database\BaseBuilder.php(2791): CodeIgniter\Database\BaseConnection->query('DELETE FROM `donhang`
WHERE `ma_khach_hang` = :ma_khach_hang:', [...], false)
 2 SYSTEMPATH\Model.php(456): CodeIgniter\Database\BaseBuilder->delete()
 3 SYSTEMPATH\BaseModel.php(1065): CodeIgniter\Model->doDelete(null, false)
 4 APPPATH\Controllers\OrderContrroller.php(178): CodeIgniter\BaseModel->delete()
 5 SYSTEMPATH\CodeIgniter.php(934): App\Controllers\OrderContrroller->processCheckout()
 6 SYSTEMPATH\CodeIgniter.php(499): CodeIgniter\CodeIgniter->runController(Object(App\Controllers\OrderContrroller))
 7 SYSTEMPATH\CodeIgniter.php(368): CodeIgniter\CodeIgniter->handleRequest(null, Object(Config\Cache), false)
 8 FCPATH\index.php(67): CodeIgniter\CodeIgniter->run()
 9 SYSTEMPATH\Commands\Server\rewrite.php(47): require_once('FCPATH\\index.php')
INFO - 2023-07-07 21:14:07 --> Session: Class initialized using 'CodeIgniter\Session\Handlers\FileHandler' driver.
INFO - 2023-07-07 21:14:08 --> Session: Class initialized using 'CodeIgniter\Session\Handlers\FileHandler' driver.
INFO - 2023-07-07 21:14:11 --> Session: Class initialized using 'CodeIgniter\Session\Handlers\FileHandler' driver.
CRITICAL - 2023-07-07 21:14:11 --> Trying to access array offset on value of type null
in APPPATH\Views\User\Cart\index.php on line 296.
 1 APPPATH\Views\User\Cart\index.php(296): CodeIgniter\Debug\Exceptions->errorHandler(2, 'Trying to access array offset on value of type null', 'APPPATH\\Views\\User\\Cart\\index.php', 296)
 2 SYSTEMPATH\View\View.php(213): include('APPPATH\\Views\\User\\Cart\\index.php')
 3 SYSTEMPATH\View\View.php(216): CodeIgniter\View\View->CodeIgniter\View\{closure}()
 4 SYSTEMPATH\Common.php(1184): CodeIgniter\View\View->render('User/Cart/index', [], true)
 5 APPPATH\Controllers\CartController.php(60): view('User/Cart/index', [...])
 6 SYSTEMPATH\CodeIgniter.php(934): App\Controllers\CartController->index()
 7 SYSTEMPATH\CodeIgniter.php(499): CodeIgniter\CodeIgniter->runController(Object(App\Controllers\CartController))
 8 SYSTEMPATH\CodeIgniter.php(368): CodeIgniter\CodeIgniter->handleRequest(null, Object(Config\Cache), false)
 9 FCPATH\index.php(67): CodeIgniter\CodeIgniter->run()
10 SYSTEMPATH\Commands\Server\rewrite.php(47): require_once('FCPATH\\index.php')
INFO - 2023-07-07 21:14:46 --> Session: Class initialized using 'CodeIgniter\Session\Handlers\FileHandler' driver.
INFO - 2023-07-07 21:14:50 --> Session: Class initialized using 'CodeIgniter\Session\Handlers\FileHandler' driver.
INFO - 2023-07-07 21:14:50 --> Session: Class initialized using 'CodeIgniter\Session\Handlers\FileHandler' driver.
INFO - 2023-07-07 21:14:50 --> Session: Class initialized using 'CodeIgniter\Session\Handlers\FileHandler' driver.
INFO - 2023-07-07 21:14:51 --> Session: Class initialized using 'CodeIgniter\Session\Handlers\FileHandler' driver.
INFO - 2023-07-07 21:14:51 --> Session: Class initialized using 'CodeIgniter\Session\Handlers\FileHandler' driver.
INFO - 2023-07-07 21:14:51 --> Session: Class initialized using 'CodeIgniter\Session\Handlers\FileHandler' driver.
INFO - 2023-07-07 21:14:51 --> Session: Class initialized using 'CodeIgniter\Session\Handlers\FileHandler' driver.
INFO - 2023-07-07 21:14:51 --> Session: Class initialized using 'CodeIgniter\Session\Handlers\FileHandler' driver.
INFO - 2023-07-07 21:14:53 --> Session: Class initialized using 'CodeIgniter\Session\Handlers\FileHandler' driver.
INFO - 2023-07-07 21:14:53 --> Session: Class initialized using 'CodeIgniter\Session\Handlers\FileHandler' driver.
INFO - 2023-07-07 21:15:29 --> Session: Class initialized using 'CodeIgniter\Session\Handlers\FileHandler' driver.
CRITICAL - 2023-07-07 21:15:29 --> Trying to access array offset on value of type null
in APPPATH\Views\User\Cart\index.php on line 296.
 1 APPPATH\Views\User\Cart\index.php(296): CodeIgniter\Debug\Exceptions->errorHandler(2, 'Trying to access array offset on value of type null', 'APPPATH\\Views\\User\\Cart\\index.php', 296)
 2 SYSTEMPATH\View\View.php(213): include('APPPATH\\Views\\User\\Cart\\index.php')
 3 SYSTEMPATH\View\View.php(216): CodeIgniter\View\View->CodeIgniter\View\{closure}()
 4 SYSTEMPATH\Common.php(1184): CodeIgniter\View\View->render('User/Cart/index', [], true)
 5 APPPATH\Controllers\CartController.php(60): view('User/Cart/index', [...])
 6 SYSTEMPATH\CodeIgniter.php(934): App\Controllers\CartController->index()
 7 SYSTEMPATH\CodeIgniter.php(499): CodeIgniter\CodeIgniter->runController(Object(App\Controllers\CartController))
 8 SYSTEMPATH\CodeIgniter.php(368): CodeIgniter\CodeIgniter->handleRequest(null, Object(Config\Cache), false)
 9 FCPATH\index.php(67): CodeIgniter\CodeIgniter->run()
10 SYSTEMPATH\Commands\Server\rewrite.php(47): require_once('FCPATH\\index.php')
INFO - 2023-07-07 21:18:21 --> Session: Class initialized using 'CodeIgniter\Session\Handlers\FileHandler' driver.
CRITICAL - 2023-07-07 21:18:21 --> Trying to access array offset on value of type null
in APPPATH\Views\User\Cart\index.php on line 301.
 1 APPPATH\Views\User\Cart\index.php(301): CodeIgniter\Debug\Exceptions->errorHandler(2, 'Trying to access array offset on value of type null', 'APPPATH\\Views\\User\\Cart\\index.php', 301)
 2 SYSTEMPATH\View\View.php(213): include('APPPATH\\Views\\User\\Cart\\index.php')
 3 SYSTEMPATH\View\View.php(216): CodeIgniter\View\View->CodeIgniter\View\{closure}()
 4 SYSTEMPATH\Common.php(1184): CodeIgniter\View\View->render('User/Cart/index', [], true)
 5 APPPATH\Controllers\CartController.php(60): view('User/Cart/index', [...])
 6 SYSTEMPATH\CodeIgniter.php(934): App\Controllers\CartController->index()
 7 SYSTEMPATH\CodeIgniter.php(499): CodeIgniter\CodeIgniter->runController(Object(App\Controllers\CartController))
 8 SYSTEMPATH\CodeIgniter.php(368): CodeIgniter\CodeIgniter->handleRequest(null, Object(Config\Cache), false)
 9 FCPATH\index.php(67): CodeIgniter\CodeIgniter->run()
10 SYSTEMPATH\Commands\Server\rewrite.php(47): require_once('FCPATH\\index.php')
INFO - 2023-07-07 21:19:09 --> Session: Class initialized using 'CodeIgniter\Session\Handlers\FileHandler' driver.
INFO - 2023-07-07 21:19:47 --> Session: Class initialized using 'CodeIgniter\Session\Handlers\FileHandler' driver.
INFO - 2023-07-07 21:19:49 --> Session: Class initialized using 'CodeIgniter\Session\Handlers\FileHandler' driver.
INFO - 2023-07-07 21:19:50 --> Session: Class initialized using 'CodeIgniter\Session\Handlers\FileHandler' driver.
INFO - 2023-07-07 21:19:50 --> Session: Class initialized using 'CodeIgniter\Session\Handlers\FileHandler' driver.
INFO - 2023-07-07 21:19:50 --> Session: Class initialized using 'CodeIgniter\Session\Handlers\FileHandler' driver.
INFO - 2023-07-07 21:19:50 --> Session: Class initialized using 'CodeIgniter\Session\Handlers\FileHandler' driver.
INFO - 2023-07-07 21:19:50 --> Session: Class initialized using 'CodeIgniter\Session\Handlers\FileHandler' driver.
INFO - 2023-07-07 21:19:53 --> Session: Class initialized using 'CodeIgniter\Session\Handlers\FileHandler' driver.
INFO - 2023-07-07 21:19:53 --> Session: Class initialized using 'CodeIgniter\Session\Handlers\FileHandler' driver.
INFO - 2023-07-07 21:19:56 --> Session: Class initialized using 'CodeIgniter\Session\Handlers\FileHandler' driver.
INFO - 2023-07-07 21:19:58 --> Session: Class initialized using 'CodeIgniter\Session\Handlers\FileHandler' driver.
INFO - 2023-07-07 21:19:58 --> Session: Class initialized using 'CodeIgniter\Session\Handlers\FileHandler' driver.
INFO - 2023-07-07 21:19:59 --> Session: Class initialized using 'CodeIgniter\Session\Handlers\FileHandler' driver.
INFO - 2023-07-07 21:19:59 --> Session: Class initialized using 'CodeIgniter\Session\Handlers\FileHandler' driver.
INFO - 2023-07-07 21:19:59 --> Session: Class initialized using 'CodeIgniter\Session\Handlers\FileHandler' driver.
INFO - 2023-07-07 21:19:59 --> Session: Class initialized using 'CodeIgniter\Session\Handlers\FileHandler' driver.
INFO - 2023-07-07 21:20:00 --> Session: Class initialized using 'CodeIgniter\Session\Handlers\FileHandler' driver.
INFO - 2023-07-07 21:20:00 --> Session: Class initialized using 'CodeIgniter\Session\Handlers\FileHandler' driver.
INFO - 2023-07-07 21:20:44 --> Session: Class initialized using 'CodeIgniter\Session\Handlers\FileHandler' driver.
INFO - 2023-07-07 21:20:47 --> Session: Class initialized using 'CodeIgniter\Session\Handlers\FileHandler' driver.
INFO - 2023-07-07 21:20:47 --> Session: Class initialized using 'CodeIgniter\Session\Handlers\FileHandler' driver.
INFO - 2023-07-07 21:20:51 --> Session: Class initialized using 'CodeIgniter\Session\Handlers\FileHandler' driver.
INFO - 2023-07-07 21:21:47 --> Session: Class initialized using 'CodeIgniter\Session\Handlers\FileHandler' driver.
INFO - 2023-07-07 21:21:50 --> Session: Class initialized using 'CodeIgniter\Session\Handlers\FileHandler' driver.
INFO - 2023-07-07 21:21:52 --> Session: Class initialized using 'CodeIgniter\Session\Handlers\FileHandler' driver.
INFO - 2023-07-07 21:51:19 --> Session: Class initialized using 'CodeIgniter\Session\Handlers\FileHandler' driver.
INFO - 2023-07-07 21:51:22 --> Session: Class initialized using 'CodeIgniter\Session\Handlers\FileHandler' driver.
CRITICAL - 2023-07-07 21:51:22 --> Undefined array key "ma_don_hang"
in APPPATH\Views\Admin\Order\index.php on line 54.
 1 APPPATH\Views\Admin\Order\index.php(54): CodeIgniter\Debug\Exceptions->errorHandler(2, 'Undefined array key "ma_don_hang"', 'APPPATH\\Views\\Admin\\Order\\index.php', 54)
 2 SYSTEMPATH\View\View.php(213): include('APPPATH\\Views\\Admin\\Order\\index.php')
 3 SYSTEMPATH\View\View.php(216): CodeIgniter\View\View->CodeIgniter\View\{closure}()
 4 SYSTEMPATH\Common.php(1184): CodeIgniter\View\View->render('Admin/Order/index', [], true)
 5 APPPATH\Controllers\Admin\Order.php(21): view('Admin/Order/index', [...])
 6 SYSTEMPATH\CodeIgniter.php(934): App\Controllers\Admin\Order->index()
 7 SYSTEMPATH\CodeIgniter.php(499): CodeIgniter\CodeIgniter->runController(Object(App\Controllers\Admin\Order))
 8 SYSTEMPATH\CodeIgniter.php(368): CodeIgniter\CodeIgniter->handleRequest(null, Object(Config\Cache), false)
 9 FCPATH\index.php(67): CodeIgniter\CodeIgniter->run()
10 SYSTEMPATH\Commands\Server\rewrite.php(47): require_once('FCPATH\\index.php')
INFO - 2023-07-07 21:52:03 --> Session: Class initialized using 'CodeIgniter\Session\Handlers\FileHandler' driver.
CRITICAL - 2023-07-07 21:52:03 --> Undefined array key "ten_sach"
in APPPATH\Views\Admin\Order\index.php on line 64.
 1 APPPATH\Views\Admin\Order\index.php(64): CodeIgniter\Debug\Exceptions->errorHandler(2, 'Undefined array key "ten_sach"', 'APPPATH\\Views\\Admin\\Order\\index.php', 64)
 2 SYSTEMPATH\View\View.php(213): include('APPPATH\\Views\\Admin\\Order\\index.php')
 3 SYSTEMPATH\View\View.php(216): CodeIgniter\View\View->CodeIgniter\View\{closure}()
 4 SYSTEMPATH\Common.php(1184): CodeIgniter\View\View->render('Admin/Order/index', [], true)
 5 APPPATH\Controllers\Admin\Order.php(21): view('Admin/Order/index', [...])
 6 SYSTEMPATH\CodeIgniter.php(934): App\Controllers\Admin\Order->index()
 7 SYSTEMPATH\CodeIgniter.php(499): CodeIgniter\CodeIgniter->runController(Object(App\Controllers\Admin\Order))
 8 SYSTEMPATH\CodeIgniter.php(368): CodeIgniter\CodeIgniter->handleRequest(null, Object(Config\Cache), false)
 9 FCPATH\index.php(67): CodeIgniter\CodeIgniter->run()
10 SYSTEMPATH\Commands\Server\rewrite.php(47): require_once('FCPATH\\index.php')
INFO - 2023-07-07 21:52:15 --> Session: Class initialized using 'CodeIgniter\Session\Handlers\FileHandler' driver.
